#
# There is insufficient memory for the Java Runtime Environment to continue.
# Native memory allocation (malloc) failed to allocate 2092496 bytes for Chunk::new
# Possible reasons:
#   The system is out of physical RAM or swap space
#   The process is running with CompressedOops enabled, and the Java Heap may be blocking the growth of the native heap
# Possible solutions:
#   Reduce memory load on the system
#   Increase physical memory or swap space
#   Check if swap backing store is full
#   Decrease Java heap size (-Xmx/-Xms)
#   Decrease number of Java threads
#   Decrease Java thread stack sizes (-Xss)
#   Set larger code cache with -XX:ReservedCodeCacheSize=
#   JVM is running with Unscaled Compressed Oops mode in which the Java heap is
#     placed in the first 4GB address space. The Java Heap base address is the
#     maximum limit for the native heap growth. Please use -XX:HeapBaseMinAddress
#     to set the Java Heap base and to place the Java Heap above 4GB virtual address.
# This output file may be truncated or incomplete.
#
#  Out of Memory Error (allocation.cpp:389), pid=27640, tid=0x0000000000002d58
#
# JRE version: Java(TM) SE Runtime Environment (8.0_321-b07) (build 1.8.0_321-b07)
# Java VM: Java HotSpot(TM) 64-Bit Server VM (25.321-b07 mixed mode windows-amd64 compressed oops)
# Failed to write core dump. Minidumps are not enabled by default on client versions of Windows
#

---------------  T H R E A D  ---------------

Current thread (0x00000264b32c8000):  JavaThread "C2 CompilerThread1" daemon [_thread_in_native, id=11608, stack(0x0000006bf5300000,0x0000006bf5400000)]

Stack: [0x0000006bf5300000,0x0000006bf5400000]
Native frames: (J=compiled Java code, j=interpreted, Vv=VM code, C=native code)
V  [jvm.dll+0x32fc49]


Current CompileTask:
C2:   1992 1419   !   4       org.aspectj.weaver.ReferenceType::getSuperclass (170 bytes)


---------------  P R O C E S S  ---------------

Java Threads: ( => current thread )
  0x00000264b347e800 JavaThread "Service Thread" daemon [_thread_blocked, id=29016, stack(0x0000006bf5600000,0x0000006bf5700000)]
  0x00000264b3462000 JavaThread "C1 CompilerThread3" daemon [_thread_in_native, id=29872, stack(0x0000006bf5500000,0x0000006bf5600000)]
  0x00000264b345d000 JavaThread "C2 CompilerThread2" daemon [_thread_in_native, id=29348, stack(0x0000006bf5400000,0x0000006bf5500000)]
=>0x00000264b32c8000 JavaThread "C2 CompilerThread1" daemon [_thread_in_native, id=11608, stack(0x0000006bf5300000,0x0000006bf5400000)]
  0x00000264b3448000 JavaThread "C2 CompilerThread0" daemon [_thread_in_native, id=25440, stack(0x0000006bf5200000,0x0000006bf5300000)]
  0x00000264b33dd800 JavaThread "Monitor Ctrl-Break" daemon [_thread_in_native, id=30620, stack(0x0000006bf5100000,0x0000006bf5200000)]
  0x00000264b1397800 JavaThread "Attach Listener" daemon [_thread_blocked, id=24280, stack(0x0000006bf5000000,0x0000006bf5100000)]
  0x00000264b1396800 JavaThread "Signal Dispatcher" daemon [_thread_blocked, id=25128, stack(0x0000006bf4f00000,0x0000006bf5000000)]
  0x000002649d558800 JavaThread "Finalizer" daemon [_thread_blocked, id=28116, stack(0x0000006bf4e00000,0x0000006bf4f00000)]
  0x000002649d54d800 JavaThread "Reference Handler" daemon [_thread_blocked, id=27664, stack(0x0000006bf4d00000,0x0000006bf4e00000)]
  0x000002649d4ab000 JavaThread "main" [_thread_in_vm, id=27232, stack(0x0000006bf4300000,0x0000006bf4400000)]

Other Threads:
  0x000002649d548800 VMThread [stack: 0x0000006bf4c00000,0x0000006bf4d00000] [id=9292]
  0x00000264b3579000 WatcherThread [stack: 0x0000006bf5700000,0x0000006bf5800000] [id=29216]

VM state:not at safepoint (normal execution)

VM Mutex/Monitor currently owned by a thread:  ([mutex/lock_event])
[0x000002649d496e10] CodeCache_lock - owner thread: 0x0000000000000000
[0x000002649d4aa1f0] CompiledIC_lock - owner thread: 0x00000264b3462000

heap address: 0x00000000c0000000, size: 1024 MB, Compressed Oops mode: 32-bit
Narrow klass base: 0x0000000000000000, Narrow klass shift: 3
Compressed class space size: 1073741824 Address: 0x0000000100000000

Heap:
 PSYoungGen      total 37888K, used 6503K [0x00000000eab00000, 0x00000000ed500000, 0x0000000100000000)
  eden space 32768K, 4% used [0x00000000eab00000,0x00000000eac61cb8,0x00000000ecb00000)
  from space 5120K, 99% used [0x00000000ecb00000,0x00000000ecff8050,0x00000000ed000000)
  to   space 5120K, 0% used [0x00000000ed000000,0x00000000ed000000,0x00000000ed500000)
 ParOldGen       total 86016K, used 5647K [0x00000000c0000000, 0x00000000c5400000, 0x00000000eab00000)
  object space 86016K, 6% used [0x00000000c0000000,0x00000000c0583c60,0x00000000c5400000)
 Metaspace       used 15008K, capacity 15174K, committed 15616K, reserved 1062912K
  class space    used 1598K, capacity 1667K, committed 1792K, reserved 1048576K

Card table byte_map: [0x00000264ae190000,0x00000264ae3a0000] byte_map_base: 0x00000264adb90000

Marking Bits: (ParMarkBitMap*) 0x0000000053f29030
 Begin Bits: [0x00000264ae500000, 0x00000264af500000)
 End Bits:   [0x00000264af500000, 0x00000264b0500000)

Polling page: 0x000002649eda0000

CodeCache: size=245760Kb used=7093Kb max_used=7093Kb free=238666Kb
 bounds [0x000002649edd0000, 0x000002649f4c0000, 0x00000264addd0000]
 total_blobs=1983 nmethods=1596 adapters=299
 compilation: enabled

Compilation events (10 events):
Event: 1.986 Thread 0x00000264b3462000 1599       3       java.util.regex.Pattern$BmpCharProperty::match (50 bytes)
Event: 1.986 Thread 0x00000264b3462000 nmethod 1599 0x000002649f4b5590 code [0x000002649f4b5720, 0x000002649f4b5bd0]
Event: 1.986 Thread 0x00000264b3462000 1601  s    3       java.io.ByteArrayOutputStream::write (66 bytes)
Event: 1.987 Thread 0x00000264b3462000 nmethod 1601 0x000002649f4b5d50 code [0x000002649f4b5f00, 0x000002649f4b6570]
Event: 1.987 Thread 0x00000264b3462000 1602       3       java.math.BigInteger::destructiveMulAdd (150 bytes)
Event: 1.988 Thread 0x00000264b3462000 nmethod 1602 0x000002649f4b67d0 code [0x000002649f4b6940, 0x000002649f4b6cb8]
Event: 1.988 Thread 0x00000264b3462000 1600       3       java.util.regex.Pattern$Single::isSatisfiedBy (14 bytes)
Event: 1.988 Thread 0x00000264b3462000 nmethod 1600 0x000002649f4b6f10 code [0x000002649f4b7060, 0x000002649f4b7218]
Event: 1.988 Thread 0x00000264b3462000 1603       3       java.util.regex.Pattern$Branch::match (66 bytes)
Event: 1.988 Thread 0x00000264b3462000 nmethod 1603 0x000002649f4b7290 code [0x000002649f4b7420, 0x000002649f4b7900]

GC Heap History (6 events):
Event: 0.773 GC heap before
{Heap before GC invocations=1 (full 0):
 PSYoungGen      total 37888K, used 32768K [0x00000000eab00000, 0x00000000ed500000, 0x0000000100000000)
  eden space 32768K, 100% used [0x00000000eab00000,0x00000000ecb00000,0x00000000ecb00000)
  from space 5120K, 0% used [0x00000000ed000000,0x00000000ed000000,0x00000000ed500000)
  to   space 5120K, 0% used [0x00000000ecb00000,0x00000000ecb00000,0x00000000ed000000)
 ParOldGen       total 86016K, used 0K [0x00000000c0000000, 0x00000000c5400000, 0x00000000eab00000)
  object space 86016K, 0% used [0x00000000c0000000,0x00000000c0000000,0x00000000c5400000)
 Metaspace       used 8612K, capacity 8688K, committed 8960K, reserved 1056768K
  class space    used 917K, capacity 976K, committed 1024K, reserved 1048576K
Event: 0.779 GC heap after
Heap after GC invocations=1 (full 0):
 PSYoungGen      total 37888K, used 5116K [0x00000000eab00000, 0x00000000ed500000, 0x0000000100000000)
  eden space 32768K, 0% used [0x00000000eab00000,0x00000000eab00000,0x00000000ecb00000)
  from space 5120K, 99% used [0x00000000ecb00000,0x00000000ecfff380,0x00000000ed000000)
  to   space 5120K, 0% used [0x00000000ed000000,0x00000000ed000000,0x00000000ed500000)
 ParOldGen       total 86016K, used 225K [0x00000000c0000000, 0x00000000c5400000, 0x00000000eab00000)
  object space 86016K, 0% used [0x00000000c0000000,0x00000000c00387f0,0x00000000c5400000)
 Metaspace       used 8612K, capacity 8688K, committed 8960K, reserved 1056768K
  class space    used 917K, capacity 976K, committed 1024K, reserved 1048576K
}
Event: 1.376 GC heap before
{Heap before GC invocations=2 (full 0):
 PSYoungGen      total 37888K, used 37884K [0x00000000eab00000, 0x00000000ed500000, 0x0000000100000000)
  eden space 32768K, 100% used [0x00000000eab00000,0x00000000ecb00000,0x00000000ecb00000)
  from space 5120K, 99% used [0x00000000ecb00000,0x00000000ecfff380,0x00000000ed000000)
  to   space 5120K, 0% used [0x00000000ed000000,0x00000000ed000000,0x00000000ed500000)
 ParOldGen       total 86016K, used 225K [0x00000000c0000000, 0x00000000c5400000, 0x00000000eab00000)
  object space 86016K, 0% used [0x00000000c0000000,0x00000000c00387f0,0x00000000c5400000)
 Metaspace       used 12743K, capacity 12832K, committed 12928K, reserved 1060864K
  class space    used 1331K, capacity 1376K, committed 1408K, reserved 1048576K
Event: 1.382 GC heap after
Heap after GC invocations=2 (full 0):
 PSYoungGen      total 37888K, used 5097K [0x00000000eab00000, 0x00000000ed500000, 0x0000000100000000)
  eden space 32768K, 0% used [0x00000000eab00000,0x00000000eab00000,0x00000000ecb00000)
  from space 5120K, 99% used [0x00000000ed000000,0x00000000ed4fa798,0x00000000ed500000)
  to   space 5120K, 0% used [0x00000000ecb00000,0x00000000ecb00000,0x00000000ed000000)
 ParOldGen       total 86016K, used 1079K [0x00000000c0000000, 0x00000000c5400000, 0x00000000eab00000)
  object space 86016K, 1% used [0x00000000c0000000,0x00000000c010df00,0x00000000c5400000)
 Metaspace       used 12743K, capacity 12832K, committed 12928K, reserved 1060864K
  class space    used 1331K, capacity 1376K, committed 1408K, reserved 1048576K
}
Event: 1.963 GC heap before
{Heap before GC invocations=3 (full 0):
 PSYoungGen      total 37888K, used 37865K [0x00000000eab00000, 0x00000000ed500000, 0x0000000100000000)
  eden space 32768K, 100% used [0x00000000eab00000,0x00000000ecb00000,0x00000000ecb00000)
  from space 5120K, 99% used [0x00000000ed000000,0x00000000ed4fa798,0x00000000ed500000)
  to   space 5120K, 0% used [0x00000000ecb00000,0x00000000ecb00000,0x00000000ed000000)
 ParOldGen       total 86016K, used 1079K [0x00000000c0000000, 0x00000000c5400000, 0x00000000eab00000)
  object space 86016K, 1% used [0x00000000c0000000,0x00000000c010df00,0x00000000c5400000)
 Metaspace       used 14743K, capacity 14886K, committed 15232K, reserved 1062912K
  class space    used 1565K, capacity 1635K, committed 1664K, reserved 1048576K
Event: 1.976 GC heap after
Heap after GC invocations=3 (full 0):
 PSYoungGen      total 37888K, used 5088K [0x00000000eab00000, 0x00000000ed500000, 0x0000000100000000)
  eden space 32768K, 0% used [0x00000000eab00000,0x00000000eab00000,0x00000000ecb00000)
  from space 5120K, 99% used [0x00000000ecb00000,0x00000000ecff8050,0x00000000ed000000)
  to   space 5120K, 0% used [0x00000000ed000000,0x00000000ed000000,0x00000000ed500000)
 ParOldGen       total 86016K, used 5647K [0x00000000c0000000, 0x00000000c5400000, 0x00000000eab00000)
  object space 86016K, 6% used [0x00000000c0000000,0x00000000c0583c60,0x00000000c5400000)
 Metaspace       used 14743K, capacity 14886K, committed 15232K, reserved 1062912K
  class space    used 1565K, capacity 1635K, committed 1664K, reserved 1048576K
}

Deoptimization events (10 events):
Event: 1.616 Thread 0x000002649d4ab000 Uncommon trap: reason=bimorphic action=maybe_recompile pc=0x000002649f2f826c method=java.util.HashMap.putVal(ILjava/lang/Object;Ljava/lang/Object;ZZ)Ljava/lang/Object; @ 152
Event: 1.616 Thread 0x000002649d4ab000 Uncommon trap: reason=bimorphic action=maybe_recompile pc=0x000002649f2f826c method=java.util.HashMap.putVal(ILjava/lang/Object;Ljava/lang/Object;ZZ)Ljava/lang/Object; @ 152
Event: 1.616 Thread 0x000002649d4ab000 Uncommon trap: reason=bimorphic action=maybe_recompile pc=0x000002649f2f826c method=java.util.HashMap.putVal(ILjava/lang/Object;Ljava/lang/Object;ZZ)Ljava/lang/Object; @ 152
Event: 1.616 Thread 0x000002649d4ab000 Uncommon trap: reason=bimorphic action=maybe_recompile pc=0x000002649f2f826c method=java.util.HashMap.putVal(ILjava/lang/Object;Ljava/lang/Object;ZZ)Ljava/lang/Object; @ 152
Event: 1.616 Thread 0x000002649d4ab000 Uncommon trap: reason=bimorphic action=maybe_recompile pc=0x000002649f2f3268 method=java.util.HashMap.putVal(ILjava/lang/Object;Ljava/lang/Object;ZZ)Ljava/lang/Object; @ 152
Event: 1.617 Thread 0x000002649d4ab000 Uncommon trap: reason=unstable_if action=reinterpret pc=0x000002649f332364 method=java.lang.String.regionMatches(ZILjava/lang/String;II)Z @ 123
Event: 1.672 Thread 0x000002649d4ab000 Uncommon trap: reason=unstable_if action=reinterpret pc=0x000002649f23c9b8 method=java.io.WinNTFileSystem.normalize(Ljava/lang/String;)Ljava/lang/String; @ 128
Event: 1.673 Thread 0x000002649d4ab000 Uncommon trap: reason=unstable_if action=reinterpret pc=0x000002649f0a5b9c method=java.io.WinNTFileSystem.normalize(Ljava/lang/String;)Ljava/lang/String; @ 128
Event: 1.986 Thread 0x000002649d4ab000 Uncommon trap: reason=bimorphic action=maybe_recompile pc=0x000002649f40c0ec method=java.util.HashMap.putVal(ILjava/lang/Object;Ljava/lang/Object;ZZ)Ljava/lang/Object; @ 203
Event: 1.986 Thread 0x000002649d4ab000 Uncommon trap: reason=bimorphic action=maybe_recompile pc=0x000002649f40c0ec method=java.util.HashMap.putVal(ILjava/lang/Object;Ljava/lang/Object;ZZ)Ljava/lang/Object; @ 203

Classes redefined (0 events):
No events

Internal exceptions (10 events):
Event: 0.573 Thread 0x000002649d4ab000 Exception <a 'java/lang/ArrayIndexOutOfBoundsException': 9> (0x00000000ec2c1710) thrown at [C:\jenkins\workspace\8-2-build-windows-amd64-cygwin\jdk8u321\2141\hotspot\src\share\vm\interpreter\interpreterRuntime.cpp, line 371]
Event: 0.573 Thread 0x000002649d4ab000 Exception <a 'java/lang/ArrayIndexOutOfBoundsException': 9> (0x00000000ec2c1b30) thrown at [C:\jenkins\workspace\8-2-build-windows-amd64-cygwin\jdk8u321\2141\hotspot\src\share\vm\interpreter\interpreterRuntime.cpp, line 371]
Event: 0.574 Thread 0x000002649d4ab000 Exception <a 'java/lang/ArrayIndexOutOfBoundsException': 7> (0x00000000ec2c79d8) thrown at [C:\jenkins\workspace\8-2-build-windows-amd64-cygwin\jdk8u321\2141\hotspot\src\share\vm\interpreter\interpreterRuntime.cpp, line 371]
Event: 0.574 Thread 0x000002649d4ab000 Exception <a 'java/lang/ArrayIndexOutOfBoundsException': 7> (0x00000000ec2c7df8) thrown at [C:\jenkins\workspace\8-2-build-windows-amd64-cygwin\jdk8u321\2141\hotspot\src\share\vm\interpreter\interpreterRuntime.cpp, line 371]
Event: 0.574 Thread 0x000002649d4ab000 Exception <a 'java/lang/ArrayIndexOutOfBoundsException': 7> (0x00000000ec2c8218) thrown at [C:\jenkins\workspace\8-2-build-windows-amd64-cygwin\jdk8u321\2141\hotspot\src\share\vm\interpreter\interpreterRuntime.cpp, line 371]
Event: 0.819 Thread 0x000002649d4ab000 Exception <a 'java/io/FileNotFoundException'> (0x00000000ead588a0) thrown at [C:\jenkins\workspace\8-2-build-windows-amd64-cygwin\jdk8u321\2141\hotspot\src\share\vm\prims\jni.cpp, line 710]
Event: 1.068 Thread 0x000002649d4ab000 Implicit null exception at 0x000002649eee9fd5 to 0x000002649eeea1a9
Event: 1.212 Thread 0x000002649d4ab000 Implicit null exception at 0x000002649f03c3ef to 0x000002649f03c459
Event: 1.320 Thread 0x000002649d4ab000 Exception <a 'java/lang/NoSuchFieldError': method resolution failed> (0x00000000ec6a43e8) thrown at [C:\jenkins\workspace\8-2-build-windows-amd64-cygwin\jdk8u321\2141\hotspot\src\share\vm\prims\methodHandles.cpp, line 1169]
Event: 1.321 Thread 0x000002649d4ab000 Exception <a 'java/lang/NoSuchFieldError': method resolution failed> (0x00000000ec6b2c08) thrown at [C:\jenkins\workspace\8-2-build-windows-amd64-cygwin\jdk8u321\2141\hotspot\src\share\vm\prims\methodHandles.cpp, line 1169]

Events (10 events):
Event: 1.985 loading class java/security/spec/ECParameterSpec done
Event: 1.985 loading class sun/security/util/NamedCurve done
Event: 1.986 Thread 0x000002649d4ab000 Uncommon trap: trap_request=0xffffffc6 fr.pc=0x000002649f40c0ec
Event: 1.986 Thread 0x000002649d4ab000 DEOPT PACKING pc=0x000002649f40c0ec sp=0x0000006bf43f8fd0
Event: 1.986 Thread 0x000002649d4ab000 DEOPT UNPACKING pc=0x000002649ee158c3 sp=0x0000006bf43f8ef8 mode 2
Event: 1.986 Thread 0x000002649d4ab000 Uncommon trap: trap_request=0xffffffc6 fr.pc=0x000002649f40c0ec
Event: 1.986 Thread 0x000002649d4ab000 DEOPT PACKING pc=0x000002649f40c0ec sp=0x0000006bf43f8fd0
Event: 1.986 Thread 0x000002649d4ab000 DEOPT UNPACKING pc=0x000002649ee158c3 sp=0x0000006bf43f8ef8 mode 2
Event: 1.988 loading class java/security/spec/ECFieldF2m
Event: 1.988 loading class java/security/spec/ECFieldF2m done


Dynamic libraries:
0x00007ff7e3fb0000 - 0x00007ff7e3ff7000 	C:\Program Files\Java\jdk1.8.0_321\bin\java.exe
0x00007fffc1090000 - 0x00007fffc1288000 	C:\WINDOWS\SYSTEM32\ntdll.dll
0x00007fffbf6c0000 - 0x00007fffbf77d000 	C:\WINDOWS\System32\KERNEL32.DLL
0x00007fffbea40000 - 0x00007fffbed0e000 	C:\WINDOWS\System32\KERNELBASE.dll
0x00000000557f0000 - 0x000000005589e000 	C:\WINDOWS\System32\SYSFER.DLL
0x00007fffc0e30000 - 0x00007fffc0ede000 	C:\WINDOWS\System32\ADVAPI32.dll
0x00007fffc0ee0000 - 0x00007fffc0f7e000 	C:\WINDOWS\System32\msvcrt.dll
0x00007fffc05c0000 - 0x00007fffc065c000 	C:\WINDOWS\System32\sechost.dll
0x00007fffbf530000 - 0x00007fffbf655000 	C:\WINDOWS\System32\RPCRT4.dll
0x00007fffc0280000 - 0x00007fffc0420000 	C:\WINDOWS\System32\USER32.dll
0x00007fffbed10000 - 0x00007fffbed32000 	C:\WINDOWS\System32\win32u.dll
0x00007fffbf0f0000 - 0x00007fffbf11a000 	C:\WINDOWS\System32\GDI32.dll
0x00007fffbe900000 - 0x00007fffbea0b000 	C:\WINDOWS\System32\gdi32full.dll
0x00007fffbedd0000 - 0x00007fffbee6d000 	C:\WINDOWS\System32\msvcp_win.dll
0x00007fffbe800000 - 0x00007fffbe900000 	C:\WINDOWS\System32\ucrtbase.dll
0x00007fffbd500000 - 0x00007fffbd79a000 	C:\WINDOWS\WinSxS\amd64_microsoft.windows.common-controls_6595b64144ccf1df_6.0.19041.1110_none_60b5254171f9507e\COMCTL32.dll
0x00007fffbf4a0000 - 0x00007fffbf4d0000 	C:\WINDOWS\System32\IMM32.DLL
0x00007fff86bb0000 - 0x00007fff86bc5000 	C:\Program Files\Java\jdk1.8.0_321\jre\bin\vcruntime140.dll
0x00007fff67460000 - 0x00007fff674fb000 	C:\Program Files\Java\jdk1.8.0_321\jre\bin\msvcp140.dll
0x0000000053740000 - 0x0000000053fa1000 	C:\Program Files\Java\jdk1.8.0_321\jre\bin\server\jvm.dll
0x00007fffbf120000 - 0x00007fffbf128000 	C:\WINDOWS\System32\PSAPI.DLL
0x00007fffa80d0000 - 0x00007fffa80d9000 	C:\WINDOWS\SYSTEM32\WSOCK32.dll
0x00007fffc0420000 - 0x00007fffc048b000 	C:\WINDOWS\System32\WS2_32.dll
0x00007fffbcd30000 - 0x00007fffbcd57000 	C:\WINDOWS\SYSTEM32\WINMM.dll
0x00007fffb2360000 - 0x00007fffb236a000 	C:\WINDOWS\SYSTEM32\VERSION.dll
0x00007fffbc5c0000 - 0x00007fffbc5d2000 	C:\WINDOWS\SYSTEM32\kernel.appcore.dll
0x00007fffb56f0000 - 0x00007fffb5700000 	C:\Program Files\Java\jdk1.8.0_321\jre\bin\verify.dll
0x00007fff86b80000 - 0x00007fff86bab000 	C:\Program Files\Java\jdk1.8.0_321\jre\bin\java.dll
0x00007fff9dac0000 - 0x00007fff9daf0000 	C:\Program Files\Java\jdk1.8.0_321\jre\bin\instrument.dll
0x00007fff86b60000 - 0x00007fff86b78000 	C:\Program Files\Java\jdk1.8.0_321\jre\bin\zip.dll
0x00007fffc06e0000 - 0x00007fffc0e23000 	C:\WINDOWS\System32\SHELL32.dll
0x00007fffbcd60000 - 0x00007fffbd4f5000 	C:\WINDOWS\SYSTEM32\windows.storage.dll
0x00007fffbfca0000 - 0x00007fffbfff4000 	C:\WINDOWS\System32\combase.dll
0x00007fffbe210000 - 0x00007fffbe240000 	C:\WINDOWS\SYSTEM32\Wldp.dll
0x00007fffc0f80000 - 0x00007fffc102d000 	C:\WINDOWS\System32\SHCORE.dll
0x00007fffc0220000 - 0x00007fffc0275000 	C:\WINDOWS\System32\shlwapi.dll
0x00007fffbe6f0000 - 0x00007fffbe70f000 	C:\WINDOWS\SYSTEM32\profapi.dll
0x00007fff9c430000 - 0x00007fff9c44a000 	C:\Program Files\JetBrains\IntelliJ IDEA Community Edition 2021.3.2\bin\breakgen64.dll
0x00007fff86940000 - 0x00007fff8695c000 	C:\Program Files\Java\jdk1.8.0_321\jre\bin\net.dll
0x00007fffbdf70000 - 0x00007fffbdfda000 	C:\WINDOWS\system32\mswsock.dll
0x00007fffbdc60000 - 0x00007fffbdd2a000 	C:\WINDOWS\SYSTEM32\DNSAPI.dll
0x00007fffbdc10000 - 0x00007fffbdc4b000 	C:\WINDOWS\SYSTEM32\IPHLPAPI.DLL
0x00007fffc01b0000 - 0x00007fffc01b8000 	C:\WINDOWS\System32\NSI.dll
0x00007fffaa2c0000 - 0x00007fffaa2ca000 	C:\Windows\System32\rasadhlp.dll
0x00007fffaad50000 - 0x00007fffaadd0000 	C:\WINDOWS\System32\fwpuclnt.dll
0x00007fffbea10000 - 0x00007fffbea37000 	C:\WINDOWS\System32\bcrypt.dll

VM Arguments:
jvm_args: -ea -Dallure.results.directory=C:\Users\User\IdeaProjects\SeleniumScript\target/reports/allure-results -Xmx1024m -Dfile.encoding=UTF-8 -javaagent:C:\Users\User\.m2\repository/org/aspectj/aspectjweaver/1.9.5/aspectjweaver-1.9.5.jar -Didea.test.cyclic.buffer.size=1048576 -javaagent:C:\Program Files\JetBrains\IntelliJ IDEA Community Edition 2021.3.2\lib\idea_rt.jar=53641:C:\Program Files\JetBrains\IntelliJ IDEA Community Edition 2021.3.2\bin 
java_command: com.intellij.rt.junit.JUnitStarter -ideVersion5 -junit4 @w@C:\Users\User\AppData\Local\Temp\idea_working_dirs_junit.tmp @C:\Users\User\AppData\Local\Temp\idea_junit.tmp
java_class_path (initial): C:\Program Files\JetBrains\IntelliJ IDEA Community Edition 2021.3.2\lib\idea_rt.jar;C:\Program Files\JetBrains\IntelliJ IDEA Community Edition 2021.3.2\plugins\junit\lib\junit5-rt.jar;C:\Program Files\JetBrains\IntelliJ IDEA Community Edition 2021.3.2\plugins\junit\lib\junit-rt.jar;C:\Program Files\Java\jdk1.8.0_321\jre\lib\charsets.jar;C:\Program Files\Java\jdk1.8.0_321\jre\lib\deploy.jar;C:\Program Files\Java\jdk1.8.0_321\jre\lib\ext\access-bridge-64.jar;C:\Program Files\Java\jdk1.8.0_321\jre\lib\ext\cldrdata.jar;C:\Program Files\Java\jdk1.8.0_321\jre\lib\ext\dnsns.jar;C:\Program Files\Java\jdk1.8.0_321\jre\lib\ext\jaccess.jar;C:\Program Files\Java\jdk1.8.0_321\jre\lib\ext\jfxrt.jar;C:\Program Files\Java\jdk1.8.0_321\jre\lib\ext\localedata.jar;C:\Program Files\Java\jdk1.8.0_321\jre\lib\ext\nashorn.jar;C:\Program Files\Java\jdk1.8.0_321\jre\lib\ext\sunec.jar;C:\Program Files\Java\jdk1.8.0_321\jre\lib\ext\sunjce_provider.jar;C:\Program Files\Java\jdk1.8.0_321\jre\lib\ext\sunmscapi.jar;C:\Program Files\Java\jdk1.8.0_321\jre\lib\ext\sunpkcs11.jar;C:\Program Files\Java\jdk1.8.0_321\jre\lib\ext\zipfs.jar;C:\Program Files\Java\jdk1.8.0_321\jre\lib\javaws.jar;C:\Program Files\Java\jdk1.8.0_321\jre\lib\jce.jar;C:\Program Files\Java\jdk1.8.0_321\jre\lib\jfr.jar;C:\Program Files\Java\jdk1.8.0_321\jre\lib\jfxswt.jar;C:\Program Files\Java\jdk1.8.0_321\jre\lib\jsse.jar;C:\Program Files\Java\jdk1.8.0_321\jre\lib\management-agent.jar;C:\Program Files\Java\jdk1.8.0_321\jre\lib\plugin.jar;C:\Program Files\Java\jdk1.8.0_321\jre\lib\resources.jar;C:\Program Files\Java\jdk1.8.0_321\jre\lib\rt.jar;C:\Users\User\IdeaProjects\SeleniumScript\target\test-classes;C:\Users\User\IdeaProjects\SeleniumScript\target\classes;C:\Users\User\.m2\repository\org\seleniumhq\selenium\selenium-java\3.141.59\selenium-java-3.141.59.jar;C:\Users\User\.m2\repository\org\seleniumhq\selenium\selenium-api\3.141.59\selenium-api-3.141.59.jar;C:\Users\User\.m2\repository\org\seleniumhq
Launcher Type: SUN_STANDARD

Environment Variables:
JAVA_HOME=C:\Program Files\Java\jdk1.8.0_321\
PATH=C:\Program Files (x86)\Common Files\Oracle\Java\javapath;C:\WINDOWS\system32;C:\WINDOWS;C:\WINDOWS\System32\Wbem;C:\WINDOWS\System32\WindowsPowerShell\v1.0\;C:\WINDOWS\System32\OpenSSH\;C:\Program Files\Git\cmd;C:\Users\User\AppData\Local\Programs\Python\Python310\Scripts\;C:\Users\User\AppData\Local\Programs\Python\Python310\;C:\Users\User\AppData\Local\Microsoft\WindowsApps;C:\Program Files\Java\jdk1.8.0_321\\bin;;C:\Users\User\AppData\Local\Programs\Fiddler
USERNAME=User
OS=Windows_NT
PROCESSOR_IDENTIFIER=Intel64 Family 6 Model 142 Stepping 10, GenuineIntel



---------------  S Y S T E M  ---------------

OS: Windows 10 , 64 bit Build 19041 (10.0.19041.1889)

CPU:total 8 (initial active 8) (4 cores per cpu, 2 threads per core) family 6 model 142 stepping 10, cmov, cx8, fxsr, mmx, sse, sse2, sse3, ssse3, sse4.1, sse4.2, popcnt, avx, avx2, aes, clmul, erms, 3dnowpref, lzcnt, ht, tsc, tscinvbit, bmi1, bmi2, adx

Memory: 4k page, physical 8244456k(620564k free), swap 33410280k(5204k free)

vm_info: Java HotSpot(TM) 64-Bit Server VM (25.321-b07) for windows-amd64 JRE (1.8.0_321-b07), built on Dec 15 2021 11:19:20 by "java_re" with MS VC++ 15.9 (VS2017)

time: Fri Oct  7 16:29:55 2022
timezone: RTZ 2 (зима)
elapsed time: 1.998644 seconds (0d 0h 0m 1s)

