#
# There is insufficient memory for the Java Runtime Environment to continue.
# Native memory allocation (malloc) failed to allocate 1178096 bytes for Chunk::new
# Possible reasons:
#   The system is out of physical RAM or swap space
#   The process is running with CompressedOops enabled, and the Java Heap may be blocking the growth of the native heap
# Possible solutions:
#   Reduce memory load on the system
#   Increase physical memory or swap space
#   Check if swap backing store is full
#   Decrease Java heap size (-Xmx/-Xms)
#   Decrease number of Java threads
#   Decrease Java thread stack sizes (-Xss)
#   Set larger code cache with -XX:ReservedCodeCacheSize=
#   JVM is running with Unscaled Compressed Oops mode in which the Java heap is
#     placed in the first 4GB address space. The Java Heap base address is the
#     maximum limit for the native heap growth. Please use -XX:HeapBaseMinAddress
#     to set the Java Heap base and to place the Java Heap above 4GB virtual address.
# This output file may be truncated or incomplete.
#
#  Out of Memory Error (allocation.cpp:389), pid=10356, tid=0x0000000000005dc8
#
# JRE version: Java(TM) SE Runtime Environment (8.0_321-b07) (build 1.8.0_321-b07)
# Java VM: Java HotSpot(TM) 64-Bit Server VM (25.321-b07 mixed mode windows-amd64 compressed oops)
# Failed to write core dump. Minidumps are not enabled by default on client versions of Windows
#

---------------  T H R E A D  ---------------

Current thread (0x000001503254d800):  JavaThread "C2 CompilerThread1" daemon [_thread_in_native, id=24008, stack(0x000000159cb00000,0x000000159cc00000)]

Stack: [0x000000159cb00000,0x000000159cc00000]
Native frames: (J=compiled Java code, j=interpreted, Vv=VM code, C=native code)
V  [jvm.dll+0x32fc49]
V  [jvm.dll+0x2761a2]
V  [jvm.dll+0x276e4d]
V  [jvm.dll+0x26d7f5]
V  [jvm.dll+0xd5a0c]
V  [jvm.dll+0xd620c]
V  [jvm.dll+0x4541c2]
V  [jvm.dll+0x48f27d]
V  [jvm.dll+0x443e51]
V  [jvm.dll+0x440ffb]
V  [jvm.dll+0x42becb]
V  [jvm.dll+0xac68b]
V  [jvm.dll+0xaaceb]
V  [jvm.dll+0x23e6f2]
V  [jvm.dll+0x292edc]
C  [ucrtbase.dll+0x21bb2]
C  [KERNEL32.DLL+0x17034]
C  [ntdll.dll+0x526a1]


Current CompileTask:
C2:   1501 1583       4       java.net.URLClassLoader$1::run (5 bytes)


---------------  P R O C E S S  ---------------

Java Threads: ( => current thread )
  0x000001503436b000 JavaThread "Service Thread" daemon [_thread_blocked, id=13692, stack(0x000000159ce00000,0x000000159cf00000)]
  0x0000015034344000 JavaThread "C1 CompilerThread3" daemon [_thread_blocked, id=4588, stack(0x000000159cd00000,0x000000159ce00000)]
  0x0000015034340800 JavaThread "C2 CompilerThread2" daemon [_thread_blocked, id=25352, stack(0x000000159cc00000,0x000000159cd00000)]
=>0x000001503254d800 JavaThread "C2 CompilerThread1" daemon [_thread_in_native, id=24008, stack(0x000000159cb00000,0x000000159cc00000)]
  0x000001503254a000 JavaThread "C2 CompilerThread0" daemon [_thread_in_native, id=20388, stack(0x000000159ca00000,0x000000159cb00000)]
  0x0000015032544000 JavaThread "Monitor Ctrl-Break" daemon [_thread_in_native, id=16460, stack(0x000000159c900000,0x000000159ca00000)]
  0x00000150324d8800 JavaThread "Attach Listener" daemon [_thread_blocked, id=9044, stack(0x000000159c800000,0x000000159c900000)]
  0x00000150324d8000 JavaThread "Signal Dispatcher" daemon [_thread_blocked, id=18140, stack(0x000000159c700000,0x000000159c800000)]
  0x00000150324b0800 JavaThread "Finalizer" daemon [_thread_blocked, id=30112, stack(0x000000159c600000,0x000000159c700000)]
  0x00000150324a5000 JavaThread "Reference Handler" daemon [_thread_blocked, id=7516, stack(0x000000159c500000,0x000000159c600000)]
  0x000001501c37b800 JavaThread "main" [_thread_in_Java, id=29772, stack(0x000000159bb00000,0x000000159bc00000)]

Other Threads:
  0x0000015032479800 VMThread [stack: 0x000000159c400000,0x000000159c500000] [id=26564]
  0x0000015034412000 WatcherThread [stack: 0x000000159cf00000,0x000000159d000000] [id=20612]

VM state:not at safepoint (normal execution)

VM Mutex/Monitor currently owned by a thread: None

heap address: 0x0000000082200000, size: 2014 MB, Compressed Oops mode: 32-bit
Narrow klass base: 0x0000000000000000, Narrow klass shift: 3
Compressed class space size: 1073741824 Address: 0x0000000100000000

Heap:
 PSYoungGen      total 37888K, used 9807K [0x00000000d6100000, 0x00000000dab00000, 0x0000000100000000)
  eden space 32768K, 14% used [0x00000000d6100000,0x00000000d6594400,0x00000000d8100000)
  from space 5120K, 99% used [0x00000000d8100000,0x00000000d85ffba8,0x00000000d8600000)
  to   space 5120K, 0% used [0x00000000da600000,0x00000000da600000,0x00000000dab00000)
 ParOldGen       total 86016K, used 3005K [0x0000000082200000, 0x0000000087600000, 0x00000000d6100000)
  object space 86016K, 3% used [0x0000000082200000,0x00000000824ef610,0x0000000087600000)
 Metaspace       used 15363K, capacity 15610K, committed 15872K, reserved 1062912K
  class space    used 1876K, capacity 1974K, committed 2048K, reserved 1048576K

Card table byte_map: [0x000001502d1e0000,0x000001502d5d0000] byte_map_base: 0x000001502cdcf000

Marking Bits: (ParMarkBitMap*) 0x0000000053f29030
 Begin Bits: [0x000001502d870000, 0x000001502f7e8000)
 End Bits:   [0x000001502f7e8000, 0x0000015031760000)

Polling page: 0x000001501c510000

CodeCache: size=245760Kb used=5836Kb max_used=5846Kb free=239923Kb
 bounds [0x000001501de20000, 0x000001501e3e0000, 0x000001502ce20000]
 total_blobs=2067 nmethods=1703 adapters=276
 compilation: enabled

Compilation events (10 events):
Event: 1.478 Thread 0x0000015034344000 nmethod 1668 0x000001501e3bb350 code [0x000001501e3bb4c0, 0x000001501e3bb750]
Event: 1.478 Thread 0x0000015034344000 1664       3       com.google.inject.internal.InjectorImpl$1::<init> (26 bytes)
Event: 1.479 Thread 0x0000015034344000 nmethod 1664 0x000001501e3bae90 code [0x000001501e3bafe0, 0x000001501e3bb1f8]
Event: 1.479 Thread 0x0000015034344000 1672       1       java.lang.reflect.AccessibleObject::isAccessible (5 bytes)
Event: 1.479 Thread 0x0000015034344000 nmethod 1672 0x000001501e3c1e10 code [0x000001501e3c1f60, 0x000001501e3c2078]
Event: 1.480 Thread 0x0000015034340800 1673       4       java.lang.Character::codePointAt (51 bytes)
Event: 1.480 Thread 0x0000015034344000 1675       3       com.google.inject.internal.Scoping$4::acceptVisitor (10 bytes)
Event: 1.480 Thread 0x0000015034344000 nmethod 1675 0x000001501e3c1990 code [0x000001501e3c1b00, 0x000001501e3c1d30]
Event: 1.481 Thread 0x0000015034340800 nmethod 1673 0x000001501e3c1410 code [0x000001501e3c1560, 0x000001501e3c16f8]
Event: 1.481 Thread 0x0000015034340800 1674       4       java.util.regex.Pattern$BitClass::isSatisfiedBy (22 bytes)

GC Heap History (6 events):
Event: 0.796 GC heap before
{Heap before GC invocations=1 (full 0):
 PSYoungGen      total 37888K, used 32768K [0x00000000d6100000, 0x00000000d8b00000, 0x0000000100000000)
  eden space 32768K, 100% used [0x00000000d6100000,0x00000000d8100000,0x00000000d8100000)
  from space 5120K, 0% used [0x00000000d8600000,0x00000000d8600000,0x00000000d8b00000)
  to   space 5120K, 0% used [0x00000000d8100000,0x00000000d8100000,0x00000000d8600000)
 ParOldGen       total 86016K, used 0K [0x0000000082200000, 0x0000000087600000, 0x00000000d6100000)
  object space 86016K, 0% used [0x0000000082200000,0x0000000082200000,0x0000000087600000)
 Metaspace       used 8685K, capacity 8812K, committed 9088K, reserved 1056768K
  class space    used 1039K, capacity 1112K, committed 1152K, reserved 1048576K
Event: 0.801 GC heap after
Heap after GC invocations=1 (full 0):
 PSYoungGen      total 37888K, used 5006K [0x00000000d6100000, 0x00000000d8b00000, 0x0000000100000000)
  eden space 32768K, 0% used [0x00000000d6100000,0x00000000d6100000,0x00000000d8100000)
  from space 5120K, 97% used [0x00000000d8100000,0x00000000d85e3be0,0x00000000d8600000)
  to   space 5120K, 0% used [0x00000000d8600000,0x00000000d8600000,0x00000000d8b00000)
 ParOldGen       total 86016K, used 8K [0x0000000082200000, 0x0000000087600000, 0x00000000d6100000)
  object space 86016K, 0% used [0x0000000082200000,0x0000000082202000,0x0000000087600000)
 Metaspace       used 8685K, capacity 8812K, committed 9088K, reserved 1056768K
  class space    used 1039K, capacity 1112K, committed 1152K, reserved 1048576K
}
Event: 1.053 GC heap before
{Heap before GC invocations=2 (full 0):
 PSYoungGen      total 37888K, used 37774K [0x00000000d6100000, 0x00000000d8b00000, 0x0000000100000000)
  eden space 32768K, 100% used [0x00000000d6100000,0x00000000d8100000,0x00000000d8100000)
  from space 5120K, 97% used [0x00000000d8100000,0x00000000d85e3be0,0x00000000d8600000)
  to   space 5120K, 0% used [0x00000000d8600000,0x00000000d8600000,0x00000000d8b00000)
 ParOldGen       total 86016K, used 8K [0x0000000082200000, 0x0000000087600000, 0x00000000d6100000)
  object space 86016K, 0% used [0x0000000082200000,0x0000000082202000,0x0000000087600000)
 Metaspace       used 11275K, capacity 11486K, committed 11776K, reserved 1058816K
  class space    used 1367K, capacity 1446K, committed 1536K, reserved 1048576K
Event: 1.059 GC heap after
Heap after GC invocations=2 (full 0):
 PSYoungGen      total 37888K, used 5103K [0x00000000d6100000, 0x00000000dab00000, 0x0000000100000000)
  eden space 32768K, 0% used [0x00000000d6100000,0x00000000d6100000,0x00000000d8100000)
  from space 5120K, 99% used [0x00000000d8600000,0x00000000d8afbd98,0x00000000d8b00000)
  to   space 5120K, 0% used [0x00000000d8100000,0x00000000d8100000,0x00000000d8600000)
 ParOldGen       total 86016K, used 1149K [0x0000000082200000, 0x0000000087600000, 0x00000000d6100000)
  object space 86016K, 1% used [0x0000000082200000,0x000000008231f5c0,0x0000000087600000)
 Metaspace       used 11275K, capacity 11486K, committed 11776K, reserved 1058816K
  class space    used 1367K, capacity 1446K, committed 1536K, reserved 1048576K
}
Event: 1.438 GC heap before
{Heap before GC invocations=3 (full 0):
 PSYoungGen      total 37888K, used 37871K [0x00000000d6100000, 0x00000000dab00000, 0x0000000100000000)
  eden space 32768K, 100% used [0x00000000d6100000,0x00000000d8100000,0x00000000d8100000)
  from space 5120K, 99% used [0x00000000d8600000,0x00000000d8afbd98,0x00000000d8b00000)
  to   space 5120K, 0% used [0x00000000d8100000,0x00000000d8100000,0x00000000d8600000)
 ParOldGen       total 86016K, used 1149K [0x0000000082200000, 0x0000000087600000, 0x00000000d6100000)
  object space 86016K, 1% used [0x0000000082200000,0x000000008231f5c0,0x0000000087600000)
 Metaspace       used 14795K, capacity 15032K, committed 15232K, reserved 1062912K
  class space    used 1820K, capacity 1908K, committed 1920K, reserved 1048576K
Event: 1.445 GC heap after
Heap after GC invocations=3 (full 0):
 PSYoungGen      total 37888K, used 5118K [0x00000000d6100000, 0x00000000dab00000, 0x0000000100000000)
  eden space 32768K, 0% used [0x00000000d6100000,0x00000000d6100000,0x00000000d8100000)
  from space 5120K, 99% used [0x00000000d8100000,0x00000000d85ffba8,0x00000000d8600000)
  to   space 5120K, 0% used [0x00000000da600000,0x00000000da600000,0x00000000dab00000)
 ParOldGen       total 86016K, used 3005K [0x0000000082200000, 0x0000000087600000, 0x00000000d6100000)
  object space 86016K, 3% used [0x0000000082200000,0x00000000824ef610,0x0000000087600000)
 Metaspace       used 14795K, capacity 15032K, committed 15232K, reserved 1062912K
  class space    used 1820K, capacity 1908K, committed 1920K, reserved 1048576K
}

Deoptimization events (10 events):
Event: 0.827 Thread 0x000001501c37b800 Uncommon trap: reason=unstable_if action=reinterpret pc=0x000001501e13fc80 method=sun.nio.cs.StreamDecoder.implRead([CII)I @ 197
Event: 0.866 Thread 0x000001501c37b800 Uncommon trap: reason=unstable_if action=reinterpret pc=0x000001501e0e2000 method=java.util.HashMap.getNode(ILjava/lang/Object;)Ljava/util/HashMap$Node; @ 129
Event: 1.348 Thread 0x000001501c37b800 Uncommon trap: reason=unstable_if action=reinterpret pc=0x000001501e339390 method=org.eclipse.sisu.inject.InjectorBindings.isAssignableFrom(Lcom/google/inject/TypeLiteral;Lcom/google/inject/Binding;)Z @ 14
Event: 1.349 Thread 0x000001501c37b800 Uncommon trap: reason=null_check action=make_not_entrant pc=0x000001501dfdc8b0 method=java.lang.String.equals(Ljava/lang/Object;)Z @ 8
Event: 1.353 Thread 0x000001501c37b800 Uncommon trap: reason=unstable_if action=reinterpret pc=0x000001501e0588d4 method=sun.misc.MetaIndex.mayContain(Ljava/lang/String;)Z @ 38
Event: 1.407 Thread 0x000001501c37b800 Uncommon trap: reason=unstable_if action=reinterpret pc=0x000001501e37562c method=sun.net.util.IPAddressUtil.scan(Ljava/lang/String;JJ[C)I @ 14
Event: 1.409 Thread 0x000001501c37b800 Uncommon trap: reason=unstable_if action=reinterpret pc=0x000001501e2f8b78 method=sun.net.util.IPAddressUtil.scan(Ljava/lang/String;JJ[C)I @ 14
Event: 1.429 Thread 0x000001501c37b800 Uncommon trap: reason=unstable_if action=reinterpret pc=0x000001501e0f4e84 method=sun.nio.cs.UTF_8$Decoder.decodeArrayLoop(Ljava/nio/ByteBuffer;Ljava/nio/CharBuffer;)Ljava/nio/charset/CoderResult; @ 84
Event: 1.430 Thread 0x000001501c37b800 Uncommon trap: reason=unstable_if action=reinterpret pc=0x000001501e15f9bc method=org.codehaus.plexus.util.xml.pull.MXParser.nextImpl()I @ 835
Event: 1.465 Thread 0x000001501c37b800 Uncommon trap: reason=unstable_if action=reinterpret pc=0x000001501e02c1f0 method=java.lang.String.replace(CC)Ljava/lang/String; @ 2

Classes redefined (0 events):
No events

Internal exceptions (10 events):
Event: 0.073 Thread 0x000001501c37b800 Exception <a 'java/security/PrivilegedActionException'> (0x00000000d618ffc0) thrown at [C:\jenkins\workspace\8-2-build-windows-amd64-cygwin\jdk8u321\2141\hotspot\src\share\vm\prims\jvm.cpp, line 1523]
Event: 0.073 Thread 0x000001501c37b800 Exception <a 'java/security/PrivilegedActionException'> (0x00000000d61901d0) thrown at [C:\jenkins\workspace\8-2-build-windows-amd64-cygwin\jdk8u321\2141\hotspot\src\share\vm\prims\jvm.cpp, line 1523]
Event: 0.172 Thread 0x000001501c37b800 Exception <a 'java/security/PrivilegedActionException'> (0x00000000d6645ef8) thrown at [C:\jenkins\workspace\8-2-build-windows-amd64-cygwin\jdk8u321\2141\hotspot\src\share\vm\prims\jvm.cpp, line 1523]
Event: 0.172 Thread 0x000001501c37b800 Exception <a 'java/security/PrivilegedActionException'> (0x00000000d66462f0) thrown at [C:\jenkins\workspace\8-2-build-windows-amd64-cygwin\jdk8u321\2141\hotspot\src\share\vm\prims\jvm.cpp, line 1523]
Event: 0.173 Thread 0x000001501c37b800 Exception <a 'java/security/PrivilegedActionException'> (0x00000000d664a3e8) thrown at [C:\jenkins\workspace\8-2-build-windows-amd64-cygwin\jdk8u321\2141\hotspot\src\share\vm\prims\jvm.cpp, line 1523]
Event: 0.173 Thread 0x000001501c37b800 Exception <a 'java/security/PrivilegedActionException'> (0x00000000d664a7e0) thrown at [C:\jenkins\workspace\8-2-build-windows-amd64-cygwin\jdk8u321\2141\hotspot\src\share\vm\prims\jvm.cpp, line 1523]
Event: 1.284 Thread 0x000001501c37b800 Exception <a 'java/lang/NoClassDefFoundError': com/google/inject/servlet/ServletModuleTargetVisitor> (0x00000000d7720088) thrown at [C:\jenkins\workspace\8-2-build-windows-amd64-cygwin\jdk8u321\2141\hotspot\src\share\vm\classfile\systemDictionary.cpp, lin
Event: 1.284 Thread 0x000001501c37b800 Exception <a 'java/lang/NoClassDefFoundError'> (0x00000000d7720088) thrown at [C:\jenkins\workspace\8-2-build-windows-amd64-cygwin\jdk8u321\2141\hotspot\src\share\vm\prims\jvm.cpp, line 1527]
Event: 1.285 Thread 0x000001501c37b800 Exception <a 'java/lang/NoClassDefFoundError': javax/annotation/Priority> (0x00000000d77252f8) thrown at [C:\jenkins\workspace\8-2-build-windows-amd64-cygwin\jdk8u321\2141\hotspot\src\share\vm\classfile\systemDictionary.cpp, line 201]
Event: 1.349 Thread 0x000001501c37b800 Implicit null exception at 0x000001501dfdc6d8 to 0x000001501dfdc8a1

Events (10 events):
Event: 1.479 loading class org/apache/maven/model/building/ModelBuildingEventCatapult$1
Event: 1.479 loading class org/apache/maven/model/building/ModelBuildingEventCatapult$1 done
Event: 1.479 loading class org/apache/maven/model/building/DefaultModelBuildingEvent
Event: 1.479 loading class org/apache/maven/model/building/DefaultModelBuildingEvent done
Event: 1.480 loading class org/apache/maven/lifecycle/mapping/DefaultLifecycleMapping
Event: 1.480 loading class org/apache/maven/lifecycle/mapping/DefaultLifecycleMapping done
Event: 1.480 loading class org/apache/maven/lifecycle/mapping/DefaultLifecycleMapping
Event: 1.480 loading class org/apache/maven/lifecycle/mapping/DefaultLifecycleMapping done
Event: 1.480 loading class org/apache/maven/lifecycle/mapping/Lifecycle
Event: 1.480 loading class org/apache/maven/lifecycle/mapping/Lifecycle done


Dynamic libraries:
0x00007ff7e3fb0000 - 0x00007ff7e3ff7000 	C:\Program Files\Java\jdk1.8.0_321\bin\java.exe
0x00007fffc1090000 - 0x00007fffc1288000 	C:\WINDOWS\SYSTEM32\ntdll.dll
0x00007fffbf6c0000 - 0x00007fffbf77d000 	C:\WINDOWS\System32\KERNEL32.DLL
0x00007fffbea40000 - 0x00007fffbed0e000 	C:\WINDOWS\System32\KERNELBASE.dll
0x00000000557f0000 - 0x000000005589e000 	C:\WINDOWS\System32\SYSFER.DLL
0x00007fffc0e30000 - 0x00007fffc0ede000 	C:\WINDOWS\System32\ADVAPI32.dll
0x00007fffc0ee0000 - 0x00007fffc0f7e000 	C:\WINDOWS\System32\msvcrt.dll
0x00007fffc05c0000 - 0x00007fffc065c000 	C:\WINDOWS\System32\sechost.dll
0x00007fffbf530000 - 0x00007fffbf655000 	C:\WINDOWS\System32\RPCRT4.dll
0x00007fffc0280000 - 0x00007fffc0420000 	C:\WINDOWS\System32\USER32.dll
0x00007fffbed10000 - 0x00007fffbed32000 	C:\WINDOWS\System32\win32u.dll
0x00007fffbf0f0000 - 0x00007fffbf11a000 	C:\WINDOWS\System32\GDI32.dll
0x00007fffbe900000 - 0x00007fffbea0b000 	C:\WINDOWS\System32\gdi32full.dll
0x00007fffbedd0000 - 0x00007fffbee6d000 	C:\WINDOWS\System32\msvcp_win.dll
0x00007fffbe800000 - 0x00007fffbe900000 	C:\WINDOWS\System32\ucrtbase.dll
0x00007fffbd500000 - 0x00007fffbd79a000 	C:\WINDOWS\WinSxS\amd64_microsoft.windows.common-controls_6595b64144ccf1df_6.0.19041.1110_none_60b5254171f9507e\COMCTL32.dll
0x00007fffbf4a0000 - 0x00007fffbf4d0000 	C:\WINDOWS\System32\IMM32.DLL
0x00007fff86bb0000 - 0x00007fff86bc5000 	C:\Program Files\Java\jdk1.8.0_321\jre\bin\vcruntime140.dll
0x00007fff67460000 - 0x00007fff674fb000 	C:\Program Files\Java\jdk1.8.0_321\jre\bin\msvcp140.dll
0x0000000053740000 - 0x0000000053fa1000 	C:\Program Files\Java\jdk1.8.0_321\jre\bin\server\jvm.dll
0x00007fffbf120000 - 0x00007fffbf128000 	C:\WINDOWS\System32\PSAPI.DLL
0x00007fffa80d0000 - 0x00007fffa80d9000 	C:\WINDOWS\SYSTEM32\WSOCK32.dll
0x00007fffc0420000 - 0x00007fffc048b000 	C:\WINDOWS\System32\WS2_32.dll
0x00007fffbcd30000 - 0x00007fffbcd57000 	C:\WINDOWS\SYSTEM32\WINMM.dll
0x00007fffb2360000 - 0x00007fffb236a000 	C:\WINDOWS\SYSTEM32\VERSION.dll
0x00007fffbc5c0000 - 0x00007fffbc5d2000 	C:\WINDOWS\SYSTEM32\kernel.appcore.dll
0x00007fffb56f0000 - 0x00007fffb5700000 	C:\Program Files\Java\jdk1.8.0_321\jre\bin\verify.dll
0x00007fff86b80000 - 0x00007fff86bab000 	C:\Program Files\Java\jdk1.8.0_321\jre\bin\java.dll
0x00007fff9dac0000 - 0x00007fff9daf0000 	C:\Program Files\Java\jdk1.8.0_321\jre\bin\instrument.dll
0x00007fff86b60000 - 0x00007fff86b78000 	C:\Program Files\Java\jdk1.8.0_321\jre\bin\zip.dll
0x00007fffc06e0000 - 0x00007fffc0e23000 	C:\WINDOWS\System32\SHELL32.dll
0x00007fffbcd60000 - 0x00007fffbd4f5000 	C:\WINDOWS\SYSTEM32\windows.storage.dll
0x00007fffbfca0000 - 0x00007fffbfff4000 	C:\WINDOWS\System32\combase.dll
0x00007fffbe210000 - 0x00007fffbe240000 	C:\WINDOWS\SYSTEM32\Wldp.dll
0x00007fffc0f80000 - 0x00007fffc102d000 	C:\WINDOWS\System32\SHCORE.dll
0x00007fffc0220000 - 0x00007fffc0275000 	C:\WINDOWS\System32\shlwapi.dll
0x00007fffbe6f0000 - 0x00007fffbe70f000 	C:\WINDOWS\SYSTEM32\profapi.dll
0x00007fff9c430000 - 0x00007fff9c44a000 	C:\Program Files\JetBrains\IntelliJ IDEA Community Edition 2021.3.2\bin\breakgen64.dll
0x00007fff86940000 - 0x00007fff8695c000 	C:\Program Files\Java\jdk1.8.0_321\jre\bin\net.dll
0x00007fffbdf70000 - 0x00007fffbdfda000 	C:\WINDOWS\system32\mswsock.dll
0x00007fffbe160000 - 0x00007fffbe178000 	C:\WINDOWS\SYSTEM32\CRYPTSP.dll
0x00000000557a0000 - 0x00000000557b9000 	C:\Program Files\Common Files\Crypto Pro\AppCompat\cpadvai.dll
0x00007fffbd880000 - 0x00007fffbd8b4000 	C:\WINDOWS\system32\rsaenh.dll
0x00007fffbea10000 - 0x00007fffbea37000 	C:\WINDOWS\System32\bcrypt.dll
0x00007fffbe6b0000 - 0x00007fffbe6de000 	C:\WINDOWS\SYSTEM32\USERENV.dll
0x00007fffbed40000 - 0x00007fffbedc2000 	C:\WINDOWS\System32\bcryptprimitives.dll
0x00007fffbe180000 - 0x00007fffbe18c000 	C:\WINDOWS\SYSTEM32\CRYPTBASE.dll
0x00007fffbdc10000 - 0x00007fffbdc4b000 	C:\WINDOWS\SYSTEM32\IPHLPAPI.DLL
0x00007fffc01b0000 - 0x00007fffc01b8000 	C:\WINDOWS\System32\NSI.dll
0x00007fffb01f0000 - 0x00007fffb0207000 	C:\WINDOWS\SYSTEM32\dhcpcsvc6.DLL
0x00007fffb0a00000 - 0x00007fffb0a1d000 	C:\WINDOWS\SYSTEM32\dhcpcsvc.DLL
0x00007fffbdc60000 - 0x00007fffbdd2a000 	C:\WINDOWS\SYSTEM32\DNSAPI.dll
0x00007fff866c0000 - 0x00007fff866d3000 	C:\Program Files\Java\jdk1.8.0_321\jre\bin\nio.dll
0x00007fffb56e0000 - 0x00007fffb56ea000 	C:\Users\User\AppData\Local\Temp\jansi-1.17.1-5241623446376961871.dll
0x00007fffb5610000 - 0x00007fffb561a000 	C:\Users\User\AppData\Local\Temp\jansi-1.17.1-3218909846401688056.dll
0x00007fffb9130000 - 0x00007fffb9314000 	C:\WINDOWS\SYSTEM32\dbghelp.dll

VM Arguments:
jvm_args: -Dmaven.multiModuleProjectDirectory=C:\Users\User\IdeaProjects\SeleniumScript -Dmaven.home=C:\Program Files\JetBrains\IntelliJ IDEA Community Edition 2021.3.2\plugins\maven\lib\maven3 -Dclassworlds.conf=C:\Program Files\JetBrains\IntelliJ IDEA Community Edition 2021.3.2\plugins\maven\lib\maven3\bin\m2.conf -Dmaven.ext.class.path=C:\Program Files\JetBrains\IntelliJ IDEA Community Edition 2021.3.2\plugins\maven\lib\maven-event-listener.jar -javaagent:C:\Program Files\JetBrains\IntelliJ IDEA Community Edition 2021.3.2\lib\idea_rt.jar=53461:C:\Program Files\JetBrains\IntelliJ IDEA Community Edition 2021.3.2\bin -Dfile.encoding=UTF-8 
java_command: org.codehaus.classworlds.Launcher -Didea.version=2021.3.2 test
java_class_path (initial): C:\Program Files\JetBrains\IntelliJ IDEA Community Edition 2021.3.2\plugins\maven\lib\maven3\boot\plexus-classworlds-2.6.0.jar;C:\Program Files\JetBrains\IntelliJ IDEA Community Edition 2021.3.2\plugins\maven\lib\maven3\boot\plexus-classworlds.license;C:\Program Files\JetBrains\IntelliJ IDEA Community Edition 2021.3.2\lib\idea_rt.jar
Launcher Type: SUN_STANDARD

Environment Variables:
JAVA_HOME=C:\Program Files\Java\jdk1.8.0_321\
PATH=C:\Program Files (x86)\Common Files\Oracle\Java\javapath;C:\WINDOWS\system32;C:\WINDOWS;C:\WINDOWS\System32\Wbem;C:\WINDOWS\System32\WindowsPowerShell\v1.0\;C:\WINDOWS\System32\OpenSSH\;C:\Program Files\Git\cmd;C:\Users\User\AppData\Local\Programs\Python\Python310\Scripts\;C:\Users\User\AppData\Local\Programs\Python\Python310\;C:\Users\User\AppData\Local\Microsoft\WindowsApps;C:\Program Files\Java\jdk1.8.0_321\\bin;;C:\Users\User\AppData\Local\Programs\Fiddler
USERNAME=User
OS=Windows_NT
PROCESSOR_IDENTIFIER=Intel64 Family 6 Model 142 Stepping 10, GenuineIntel



---------------  S Y S T E M  ---------------

OS: Windows 10 , 64 bit Build 19041 (10.0.19041.1889)

CPU:total 8 (initial active 8) (4 cores per cpu, 2 threads per core) family 6 model 142 stepping 10, cmov, cx8, fxsr, mmx, sse, sse2, sse3, ssse3, sse4.1, sse4.2, popcnt, avx, avx2, aes, clmul, erms, 3dnowpref, lzcnt, ht, tsc, tscinvbit, bmi1, bmi2, adx

Memory: 4k page, physical 8244456k(886184k free), swap 33410280k(5264k free)

vm_info: Java HotSpot(TM) 64-Bit Server VM (25.321-b07) for windows-amd64 JRE (1.8.0_321-b07), built on Dec 15 2021 11:19:20 by "java_re" with MS VC++ 15.9 (VS2017)

time: Fri Oct  7 16:28:36 2022
timezone: RTZ 2 (зима)
elapsed time: 1.506936 seconds (0d 0h 0m 1s)

