#
# There is insufficient memory for the Java Runtime Environment to continue.
# Native memory allocation (malloc) failed to allocate 2186256 bytes for Chunk::new
# Possible reasons:
#   The system is out of physical RAM or swap space
#   The process is running with CompressedOops enabled, and the Java Heap may be blocking the growth of the native heap
# Possible solutions:
#   Reduce memory load on the system
#   Increase physical memory or swap space
#   Check if swap backing store is full
#   Decrease Java heap size (-Xmx/-Xms)
#   Decrease number of Java threads
#   Decrease Java thread stack sizes (-Xss)
#   Set larger code cache with -XX:ReservedCodeCacheSize=
#   JVM is running with Unscaled Compressed Oops mode in which the Java heap is
#     placed in the first 4GB address space. The Java Heap base address is the
#     maximum limit for the native heap growth. Please use -XX:HeapBaseMinAddress
#     to set the Java Heap base and to place the Java Heap above 4GB virtual address.
# This output file may be truncated or incomplete.
#
#  Out of Memory Error (allocation.cpp:389), pid=20600, tid=0x00000000000077b4
#
# JRE version: Java(TM) SE Runtime Environment (8.0_321-b07) (build 1.8.0_321-b07)
# Java VM: Java HotSpot(TM) 64-Bit Server VM (25.321-b07 mixed mode windows-amd64 compressed oops)
# Failed to write core dump. Minidumps are not enabled by default on client versions of Windows
#

---------------  T H R E A D  ---------------

Current thread (0x0000017172e73000):  JavaThread "C2 CompilerThread0" daemon [_thread_in_native, id=30644, stack(0x0000003aeff00000,0x0000003af0000000)]

Stack: [0x0000003aeff00000,0x0000003af0000000]
Native frames: (J=compiled Java code, j=interpreted, Vv=VM code, C=native code)
V  [jvm.dll+0x32fc49]
V  [jvm.dll+0x2761a2]
V  [jvm.dll+0x276e4d]
V  [jvm.dll+0x26d7f5]
V  [jvm.dll+0xd5a0c]
V  [jvm.dll+0xd620c]
V  [jvm.dll+0x4716a3]
V  [jvm.dll+0x438d60]
V  [jvm.dll+0x441d65]
V  [jvm.dll+0x441125]
V  [jvm.dll+0x42becb]
V  [jvm.dll+0xac68b]
V  [jvm.dll+0xaaceb]
V  [jvm.dll+0x23e6f2]
V  [jvm.dll+0x292edc]
C  [ucrtbase.dll+0x21bb2]
C  [KERNEL32.DLL+0x17034]
C  [ntdll.dll+0x526a1]


Current CompileTask:
C2:   4435 2588       4       org.aspectj.apache.bcel.generic.MethodGen::<init> (928 bytes)


---------------  P R O C E S S  ---------------

Java Threads: ( => current thread )
  0x0000017172dbb800 JavaThread "Okio Watchdog" daemon [_thread_blocked, id=11184, stack(0x0000003af0d00000,0x0000003af0e00000)]
  0x0000017172db7800 JavaThread "OkHttp ConnectionPool" daemon [_thread_blocked, id=25016, stack(0x0000003af0c00000,0x0000003af0d00000)]
  0x0000017172dbc000 JavaThread "Keep-Alive-Timer" daemon [_thread_blocked, id=21248, stack(0x0000003af0b00000,0x0000003af0c00000)]
  0x0000017172dba000 JavaThread "Exec Stream Pumper" daemon [_thread_in_native, id=26564, stack(0x0000003af0a00000,0x0000003af0b00000)]
  0x0000017172db8800 JavaThread "Exec Stream Pumper" daemon [_thread_in_native, id=15644, stack(0x0000003af0900000,0x0000003af0a00000)]
  0x0000017172dba800 JavaThread "UrlChecker-2" daemon [_thread_blocked, id=636, stack(0x0000003af0700000,0x0000003af0800000)]
  0x0000017172db9000 JavaThread "Exec Default Executor" daemon [_thread_in_native, id=10592, stack(0x0000003af0600000,0x0000003af0700000)]
  0x0000017174121800 JavaThread "surefire-forkedjvm-command-thread" daemon [_thread_in_native, id=13996, stack(0x0000003af0500000,0x0000003af0600000)]
  0x0000017172ea0000 JavaThread "Service Thread" daemon [_thread_blocked, id=21536, stack(0x0000003af0300000,0x0000003af0400000)]
  0x0000017172e9b000 JavaThread "C1 CompilerThread3" daemon [_thread_blocked, id=21584, stack(0x0000003af0200000,0x0000003af0300000)]
  0x0000017172e9a800 JavaThread "C2 CompilerThread2" daemon [_thread_in_native, id=20060, stack(0x0000003af0100000,0x0000003af0200000)]
  0x0000017172e7f000 JavaThread "C2 CompilerThread1" daemon [_thread_in_native, id=1080, stack(0x0000003af0000000,0x0000003af0100000)]
=>0x0000017172e73000 JavaThread "C2 CompilerThread0" daemon [_thread_in_native, id=30644, stack(0x0000003aeff00000,0x0000003af0000000)]
  0x0000017170e10000 JavaThread "Attach Listener" daemon [_thread_blocked, id=21444, stack(0x0000003aefe00000,0x0000003aeff00000)]
  0x0000017170e0e800 JavaThread "Signal Dispatcher" daemon [_thread_blocked, id=14148, stack(0x0000003aefd00000,0x0000003aefe00000)]
  0x0000017170deb800 JavaThread "Finalizer" daemon [_thread_blocked, id=22032, stack(0x0000003aefc00000,0x0000003aefd00000)]
  0x0000017170dd7800 JavaThread "Reference Handler" daemon [_thread_blocked, id=29468, stack(0x0000003aefb00000,0x0000003aefc00000)]
  0x000001715d18c800 JavaThread "Forwarding newSession on session null to remote" [_thread_in_native, id=4700, stack(0x0000003aef100000,0x0000003aef200000)]

Other Threads:
  0x0000017170dab800 VMThread [stack: 0x0000003aefa00000,0x0000003aefb00000] [id=9012]
  0x0000017172f79800 WatcherThread [stack: 0x0000003af0400000,0x0000003af0500000] [id=27016]

VM state:not at safepoint (normal execution)

VM Mutex/Monitor currently owned by a thread: None

heap address: 0x00000000c0000000, size: 1024 MB, Compressed Oops mode: 32-bit
Narrow klass base: 0x0000000000000000, Narrow klass shift: 3
Compressed class space size: 1073741824 Address: 0x0000000100000000

Heap:
 PSYoungGen      total 150528K, used 72024K [0x00000000eab00000, 0x00000000f5100000, 0x0000000100000000)
  eden space 131072K, 54% used [0x00000000eab00000,0x00000000ef156268,0x00000000f2b00000)
  from space 19456K, 0% used [0x00000000f3e00000,0x00000000f3e00000,0x00000000f5100000)
  to   space 19456K, 0% used [0x00000000f2b00000,0x00000000f2b00000,0x00000000f3e00000)
 ParOldGen       total 81920K, used 22631K [0x00000000c0000000, 0x00000000c5000000, 0x00000000eab00000)
  object space 81920K, 27% used [0x00000000c0000000,0x00000000c1619e00,0x00000000c5000000)
 Metaspace       used 24275K, capacity 25000K, committed 25344K, reserved 1071104K
  class space    used 2776K, capacity 2970K, committed 3072K, reserved 1048576K

Card table byte_map: [0x000001716df10000,0x000001716e120000] byte_map_base: 0x000001716d910000

Marking Bits: (ParMarkBitMap*) 0x0000000053f29030
 Begin Bits: [0x000001716e280000, 0x000001716f280000)
 End Bits:   [0x000001716f280000, 0x0000017170280000)

Polling page: 0x000001715d250000

CodeCache: size=245760Kb used=12630Kb max_used=12658Kb free=233129Kb
 bounds [0x000001715eb50000, 0x000001715f7c0000, 0x000001716db50000]
 total_blobs=3182 nmethods=2744 adapters=349
 compilation: enabled

Compilation events (10 events):
Event: 4.308 Thread 0x0000017172e9b000 2821       3       java.util.LinkedList::add (7 bytes)
Event: 4.308 Thread 0x0000017172e9b000 nmethod 2821 0x000001715ec79d50 code [0x000001715ec79ec0, 0x000001715ec7a0d0]
Event: 4.318 Thread 0x0000017172e9b000 2823       3       org.aspectj.util.PartialOrder::removeFromGraph (47 bytes)
Event: 4.318 Thread 0x0000017172e9b000 nmethod 2823 0x000001715ec65510 code [0x000001715ec65700, 0x000001715ec65fc0]
Event: 4.318 Thread 0x0000017172e9b000 2822       3       org.aspectj.util.PartialOrder::addNewPartialComparable (54 bytes)
Event: 4.319 Thread 0x0000017172e9b000 nmethod 2822 0x000001715f7a6f90 code [0x000001715f7a71c0, 0x000001715f7a7d90]
Event: 4.377 Thread 0x0000017172e7f000 nmethod 2794% 0x000001715f7af290 code [0x000001715f7af8e0, 0x000001715f7b5d28]
Event: 4.377 Thread 0x0000017172e7f000 2795       4       org.aspectj.apache.bcel.generic.InstructionList::getInstructionHandles (40 bytes)
Event: 4.380 Thread 0x0000017172e7f000 nmethod 2795 0x000001715ec7b650 code [0x000001715ec7b7a0, 0x000001715ec7b9f8]
Event: 4.380 Thread 0x0000017172e7f000 2799       4       org.aspectj.weaver.bcel.LazyClassGen::<init> (517 bytes)

GC Heap History (10 events):
Event: 1.252 GC heap before
{Heap before GC invocations=3 (full 0):
 PSYoungGen      total 37888K, used 37878K [0x00000000eab00000, 0x00000000ef500000, 0x0000000100000000)
  eden space 32768K, 100% used [0x00000000eab00000,0x00000000ecb00000,0x00000000ecb00000)
  from space 5120K, 99% used [0x00000000ed000000,0x00000000ed4fda90,0x00000000ed500000)
  to   space 5120K, 0% used [0x00000000ecb00000,0x00000000ecb00000,0x00000000ed000000)
 ParOldGen       total 86016K, used 6923K [0x00000000c0000000, 0x00000000c5400000, 0x00000000eab00000)
  object space 86016K, 8% used [0x00000000c0000000,0x00000000c06c2d90,0x00000000c5400000)
 Metaspace       used 12948K, capacity 13026K, committed 13184K, reserved 1060864K
  class space    used 1285K, capacity 1333K, committed 1408K, reserved 1048576K
Event: 1.264 GC heap after
Heap after GC invocations=3 (full 0):
 PSYoungGen      total 37888K, used 5088K [0x00000000eab00000, 0x00000000ef500000, 0x0000000100000000)
  eden space 32768K, 0% used [0x00000000eab00000,0x00000000eab00000,0x00000000ecb00000)
  from space 5120K, 99% used [0x00000000ecb00000,0x00000000ecff8050,0x00000000ed000000)
  to   space 5120K, 0% used [0x00000000ef000000,0x00000000ef000000,0x00000000ef500000)
 ParOldGen       total 86016K, used 17745K [0x00000000c0000000, 0x00000000c5400000, 0x00000000eab00000)
  object space 86016K, 20% used [0x00000000c0000000,0x00000000c11547d8,0x00000000c5400000)
 Metaspace       used 12948K, capacity 13026K, committed 13184K, reserved 1060864K
  class space    used 1285K, capacity 1333K, committed 1408K, reserved 1048576K
}
Event: 1.505 GC heap before
{Heap before GC invocations=4 (full 0):
 PSYoungGen      total 37888K, used 37856K [0x00000000eab00000, 0x00000000ef500000, 0x0000000100000000)
  eden space 32768K, 100% used [0x00000000eab00000,0x00000000ecb00000,0x00000000ecb00000)
  from space 5120K, 99% used [0x00000000ecb00000,0x00000000ecff8050,0x00000000ed000000)
  to   space 5120K, 0% used [0x00000000ef000000,0x00000000ef000000,0x00000000ef500000)
 ParOldGen       total 86016K, used 17745K [0x00000000c0000000, 0x00000000c5400000, 0x00000000eab00000)
  object space 86016K, 20% used [0x00000000c0000000,0x00000000c11547d8,0x00000000c5400000)
 Metaspace       used 14243K, capacity 14370K, committed 14592K, reserved 1062912K
  class space    used 1428K, capacity 1461K, committed 1536K, reserved 1048576K
Event: 1.516 GC heap after
Heap after GC invocations=4 (full 0):
 PSYoungGen      total 70656K, used 5104K [0x00000000eab00000, 0x00000000ef500000, 0x0000000100000000)
  eden space 65536K, 0% used [0x00000000eab00000,0x00000000eab00000,0x00000000eeb00000)
  from space 5120K, 99% used [0x00000000ef000000,0x00000000ef4fc030,0x00000000ef500000)
  to   space 5120K, 0% used [0x00000000eeb00000,0x00000000eeb00000,0x00000000ef000000)
 ParOldGen       total 86016K, used 25461K [0x00000000c0000000, 0x00000000c5400000, 0x00000000eab00000)
  object space 86016K, 29% used [0x00000000c0000000,0x00000000c18dd7f0,0x00000000c5400000)
 Metaspace       used 14243K, capacity 14370K, committed 14592K, reserved 1062912K
  class space    used 1428K, capacity 1461K, committed 1536K, reserved 1048576K
}
Event: 2.658 GC heap before
{Heap before GC invocations=5 (full 0):
 PSYoungGen      total 70656K, used 70640K [0x00000000eab00000, 0x00000000ef500000, 0x0000000100000000)
  eden space 65536K, 100% used [0x00000000eab00000,0x00000000eeb00000,0x00000000eeb00000)
  from space 5120K, 99% used [0x00000000ef000000,0x00000000ef4fc030,0x00000000ef500000)
  to   space 5120K, 0% used [0x00000000eeb00000,0x00000000eeb00000,0x00000000ef000000)
 ParOldGen       total 86016K, used 25461K [0x00000000c0000000, 0x00000000c5400000, 0x00000000eab00000)
  object space 86016K, 29% used [0x00000000c0000000,0x00000000c18dd7f0,0x00000000c5400000)
 Metaspace       used 20023K, capacity 20326K, committed 20480K, reserved 1067008K
  class space    used 2172K, capacity 2273K, committed 2304K, reserved 1048576K
Event: 2.682 GC heap after
Heap after GC invocations=5 (full 0):
 PSYoungGen      total 70656K, used 5088K [0x00000000eab00000, 0x00000000f5100000, 0x0000000100000000)
  eden space 65536K, 0% used [0x00000000eab00000,0x00000000eab00000,0x00000000eeb00000)
  from space 5120K, 99% used [0x00000000eeb00000,0x00000000eeff8060,0x00000000ef000000)
  to   space 19456K, 0% used [0x00000000f3e00000,0x00000000f3e00000,0x00000000f5100000)
 ParOldGen       total 86016K, used 35449K [0x00000000c0000000, 0x00000000c5400000, 0x00000000eab00000)
  object space 86016K, 41% used [0x00000000c0000000,0x00000000c229e700,0x00000000c5400000)
 Metaspace       used 20023K, capacity 20326K, committed 20480K, reserved 1067008K
  class space    used 2172K, capacity 2273K, committed 2304K, reserved 1048576K
}
Event: 3.069 GC heap before
{Heap before GC invocations=6 (full 0):
 PSYoungGen      total 70656K, used 18902K [0x00000000eab00000, 0x00000000f5100000, 0x0000000100000000)
  eden space 65536K, 21% used [0x00000000eab00000,0x00000000eb87da98,0x00000000eeb00000)
  from space 5120K, 99% used [0x00000000eeb00000,0x00000000eeff8060,0x00000000ef000000)
  to   space 19456K, 0% used [0x00000000f3e00000,0x00000000f3e00000,0x00000000f5100000)
 ParOldGen       total 86016K, used 35449K [0x00000000c0000000, 0x00000000c5400000, 0x00000000eab00000)
  object space 86016K, 41% used [0x00000000c0000000,0x00000000c229e700,0x00000000c5400000)
 Metaspace       used 20835K, capacity 21104K, committed 21296K, reserved 1069056K
  class space    used 2257K, capacity 2376K, committed 2432K, reserved 1048576K
Event: 3.077 GC heap after
Heap after GC invocations=6 (full 0):
 PSYoungGen      total 150528K, used 7443K [0x00000000eab00000, 0x00000000f5100000, 0x0000000100000000)
  eden space 131072K, 0% used [0x00000000eab00000,0x00000000eab00000,0x00000000f2b00000)
  from space 19456K, 38% used [0x00000000f3e00000,0x00000000f4544dd0,0x00000000f5100000)
  to   space 19456K, 0% used [0x00000000f2b00000,0x00000000f2b00000,0x00000000f3e00000)
 ParOldGen       total 86016K, used 35457K [0x00000000c0000000, 0x00000000c5400000, 0x00000000eab00000)
  object space 86016K, 41% used [0x00000000c0000000,0x00000000c22a0700,0x00000000c5400000)
 Metaspace       used 20835K, capacity 21104K, committed 21296K, reserved 1069056K
  class space    used 2257K, capacity 2376K, committed 2432K, reserved 1048576K
}
Event: 3.077 GC heap before
{Heap before GC invocations=7 (full 1):
 PSYoungGen      total 150528K, used 7443K [0x00000000eab00000, 0x00000000f5100000, 0x0000000100000000)
  eden space 131072K, 0% used [0x00000000eab00000,0x00000000eab00000,0x00000000f2b00000)
  from space 19456K, 38% used [0x00000000f3e00000,0x00000000f4544dd0,0x00000000f5100000)
  to   space 19456K, 0% used [0x00000000f2b00000,0x00000000f2b00000,0x00000000f3e00000)
 ParOldGen       total 86016K, used 35457K [0x00000000c0000000, 0x00000000c5400000, 0x00000000eab00000)
  object space 86016K, 41% used [0x00000000c0000000,0x00000000c22a0700,0x00000000c5400000)
 Metaspace       used 20835K, capacity 21104K, committed 21296K, reserved 1069056K
  class space    used 2257K, capacity 2376K, committed 2432K, reserved 1048576K
Event: 3.119 GC heap after
Heap after GC invocations=7 (full 1):
 PSYoungGen      total 150528K, used 0K [0x00000000eab00000, 0x00000000f5100000, 0x0000000100000000)
  eden space 131072K, 0% used [0x00000000eab00000,0x00000000eab00000,0x00000000f2b00000)
  from space 19456K, 0% used [0x00000000f3e00000,0x00000000f3e00000,0x00000000f5100000)
  to   space 19456K, 0% used [0x00000000f2b00000,0x00000000f2b00000,0x00000000f3e00000)
 ParOldGen       total 81920K, used 22631K [0x00000000c0000000, 0x00000000c5000000, 0x00000000eab00000)
  object space 81920K, 27% used [0x00000000c0000000,0x00000000c1619e00,0x00000000c5000000)
 Metaspace       used 20835K, capacity 21104K, committed 21296K, reserved 1069056K
  class space    used 2257K, capacity 2376K, committed 2432K, reserved 1048576K
}

Deoptimization events (10 events):
Event: 3.183 Thread 0x000001715d18c800 Uncommon trap: reason=bimorphic action=maybe_recompile pc=0x000001715f60b998 method=java.util.regex.Pattern$BmpCharProperty.match(Ljava/util/regex/Matcher;ILjava/lang/CharSequence;)Z @ 16
Event: 3.183 Thread 0x000001715d18c800 Uncommon trap: reason=bimorphic action=maybe_recompile pc=0x000001715f60b998 method=java.util.regex.Pattern$BmpCharProperty.match(Ljava/util/regex/Matcher;ILjava/lang/CharSequence;)Z @ 16
Event: 3.210 Thread 0x000001715d18c800 Uncommon trap: reason=unstable_if action=reinterpret pc=0x000001715ecdb1f0 method=java.lang.String.replace(CC)Ljava/lang/String; @ 2
Event: 3.214 Thread 0x000001715d18c800 Uncommon trap: reason=class_check action=maybe_recompile pc=0x000001715f4d3928 method=java.net.URL.getURLStreamHandler(Ljava/lang/String;)Ljava/net/URLStreamHandler; @ 7
Event: 3.214 Thread 0x000001715d18c800 Uncommon trap: reason=unstable_if action=reinterpret pc=0x000001715f2a1888 method=sun.net.util.IPAddressUtil.scan(Ljava/lang/String;JJ[C)I @ 14
Event: 3.234 Thread 0x0000017172dba800 Uncommon trap: reason=predicate action=maybe_recompile pc=0x000001715f1913d8 method=sun.net.www.ParseUtil.encodePath(Ljava/lang/String;Z)Ljava/lang/String; @ 36
Event: 3.809 Thread 0x000001715d18c800 Uncommon trap: reason=predicate action=maybe_recompile pc=0x000001715f6594d0 method=org.aspectj.weaver.TypeFactory.locateMatchingEndAngleBracket(Ljava/lang/CharSequence;I)I @ 25
Event: 3.969 Thread 0x000001715d18c800 Uncommon trap: reason=unloaded action=reinterpret pc=0x000001715f45d890 method=org.aspectj.apache.bcel.classfile.Attribute.readAttribute(Ljava/io/DataInputStream;Lorg/aspectj/apache/bcel/classfile/ConstantPool;)Lorg/aspectj/apache/bcel/classfile/Attribute
Event: 4.229 Thread 0x000001715d18c800 Uncommon trap: reason=unstable_if action=reinterpret pc=0x000001715f7742e8 method=java.util.regex.Pattern$BmpCharProperty.match(Ljava/util/regex/Matcher;ILjava/lang/CharSequence;)Z @ 34
Event: 4.242 Thread 0x000001715d18c800 Uncommon trap: reason=class_check action=maybe_recompile pc=0x000001715ef31fb8 method=java.io.BufferedInputStream.read1([BII)I @ 39

Classes redefined (0 events):
No events

Internal exceptions (10 events):
Event: 2.128 Thread 0x000001715d18c800 Exception <a 'java/lang/NoSuchFieldError': method resolution failed> (0x00000000ec62dfd0) thrown at [C:\jenkins\workspace\8-2-build-windows-amd64-cygwin\jdk8u321\2141\hotspot\src\share\vm\prims\methodHandles.cpp, line 1169]
Event: 2.129 Thread 0x000001715d18c800 Exception <a 'java/lang/NoSuchFieldError': method resolution failed> (0x00000000ec63bf30) thrown at [C:\jenkins\workspace\8-2-build-windows-amd64-cygwin\jdk8u321\2141\hotspot\src\share\vm\prims\methodHandles.cpp, line 1169]
Event: 2.225 Thread 0x000001715d18c800 Exception <a 'java/lang/IncompatibleClassChangeError': Found class java.lang.Object, but interface was expected> (0x00000000eca931c0) thrown at [C:\jenkins\workspace\8-2-build-windows-amd64-cygwin\jdk8u321\2141\hotspot\src\share\vm\interpreter\linkResolve
Event: 2.226 Thread 0x000001715d18c800 Exception <a 'java/lang/IncompatibleClassChangeError': Found class java.lang.Object, but interface was expected> (0x00000000eca9f5c8) thrown at [C:\jenkins\workspace\8-2-build-windows-amd64-cygwin\jdk8u321\2141\hotspot\src\share\vm\interpreter\linkResolve
Event: 2.228 Thread 0x000001715d18c800 Exception <a 'java/lang/IncompatibleClassChangeError': Found class java.lang.Object, but interface was expected> (0x00000000ecaab4c8) thrown at [C:\jenkins\workspace\8-2-build-windows-amd64-cygwin\jdk8u321\2141\hotspot\src\share\vm\interpreter\linkResolve
Event: 2.228 Thread 0x000001715d18c800 Exception <a 'java/lang/IncompatibleClassChangeError': Found class java.lang.Object, but interface was expected> (0x00000000ecaaed38) thrown at [C:\jenkins\workspace\8-2-build-windows-amd64-cygwin\jdk8u321\2141\hotspot\src\share\vm\interpreter\linkResolve
Event: 3.742 Thread 0x0000017172dba800 Exception <a 'java/net/SocketTimeoutException': connect timed out> (0x00000000eb96a9c0) thrown at [C:\jenkins\workspace\8-2-build-windows-amd64-cygwin\jdk8u321\2141\hotspot\src\share\vm\prims\jni.cpp, line 737]
Event: 3.855 Thread 0x000001715d18c800 Exception <a 'java/lang/IncompatibleClassChangeError': Found class java.lang.Object, but interface was expected> (0x00000000ec177a80) thrown at [C:\jenkins\workspace\8-2-build-windows-amd64-cygwin\jdk8u321\2141\hotspot\src\share\vm\interpreter\linkResolve
Event: 3.857 Thread 0x000001715d18c800 Exception <a 'java/lang/NoSuchMethodError': java.lang.Object.lambda$or$2(Ljava/util/function/Predicate;Ljava/lang/Object;)Z> (0x00000000ec183e00) thrown at [C:\jenkins\workspace\8-2-build-windows-amd64-cygwin\jdk8u321\2141\hotspot\src\share\vm\interpreter
Event: 3.980 Thread 0x000001715d18c800 Exception <a 'java/lang/NoSuchMethodError': java.lang.Object.lambda$chars$0()Ljava/util/Spliterator$OfInt;> (0x00000000ecdd30e8) thrown at [C:\jenkins\workspace\8-2-build-windows-amd64-cygwin\jdk8u321\2141\hotspot\src\share\vm\interpreter\linkResolver.cpp

Events (10 events):
Event: 4.316 loading class okhttp3/internal/http/CallServerInterceptor$CountingSink done
Event: 4.317 loading class okio/ForwardingSink
Event: 4.317 loading class okio/ForwardingSink done
Event: 4.317 loading class okhttp3/internal/http1/Http1Codec$FixedLengthSink
Event: 4.317 loading class okhttp3/internal/http1/Http1Codec$FixedLengthSink done
Event: 4.318 loading class okio/ForwardingTimeout
Event: 4.318 loading class okio/ForwardingTimeout done
Event: 4.319 loading class okio/AsyncTimeout$Watchdog
Event: 4.319 loading class okio/AsyncTimeout$Watchdog done
Event: 4.320 Thread 0x0000017172dbb800 Thread added: 0x0000017172dbb800


Dynamic libraries:
0x00007ff7035f0000 - 0x00007ff703637000 	C:\Program Files\Java\jdk1.8.0_321\jre\bin\java.exe
0x00007fffc1090000 - 0x00007fffc1288000 	C:\WINDOWS\SYSTEM32\ntdll.dll
0x00007fffbf6c0000 - 0x00007fffbf77d000 	C:\WINDOWS\System32\KERNEL32.DLL
0x00007fffbea40000 - 0x00007fffbed0e000 	C:\WINDOWS\System32\KERNELBASE.dll
0x00000000557f0000 - 0x000000005589e000 	C:\WINDOWS\System32\SYSFER.DLL
0x00007fffc0e30000 - 0x00007fffc0ede000 	C:\WINDOWS\System32\ADVAPI32.dll
0x00007fffc0ee0000 - 0x00007fffc0f7e000 	C:\WINDOWS\System32\msvcrt.dll
0x00007fffc05c0000 - 0x00007fffc065c000 	C:\WINDOWS\System32\sechost.dll
0x00007fffbf530000 - 0x00007fffbf655000 	C:\WINDOWS\System32\RPCRT4.dll
0x00007fffc0280000 - 0x00007fffc0420000 	C:\WINDOWS\System32\USER32.dll
0x00007fffbed10000 - 0x00007fffbed32000 	C:\WINDOWS\System32\win32u.dll
0x00007fffbf0f0000 - 0x00007fffbf11a000 	C:\WINDOWS\System32\GDI32.dll
0x00007fffbe900000 - 0x00007fffbea0b000 	C:\WINDOWS\System32\gdi32full.dll
0x00007fffbedd0000 - 0x00007fffbee6d000 	C:\WINDOWS\System32\msvcp_win.dll
0x00007fffbe800000 - 0x00007fffbe900000 	C:\WINDOWS\System32\ucrtbase.dll
0x00007fffbd500000 - 0x00007fffbd79a000 	C:\WINDOWS\WinSxS\amd64_microsoft.windows.common-controls_6595b64144ccf1df_6.0.19041.1110_none_60b5254171f9507e\COMCTL32.dll
0x00007fffbf4a0000 - 0x00007fffbf4d0000 	C:\WINDOWS\System32\IMM32.DLL
0x00007fff86bb0000 - 0x00007fff86bc5000 	C:\Program Files\Java\jdk1.8.0_321\jre\bin\vcruntime140.dll
0x00007fff67460000 - 0x00007fff674fb000 	C:\Program Files\Java\jdk1.8.0_321\jre\bin\msvcp140.dll
0x0000000053740000 - 0x0000000053fa1000 	C:\Program Files\Java\jdk1.8.0_321\jre\bin\server\jvm.dll
0x00007fffbf120000 - 0x00007fffbf128000 	C:\WINDOWS\System32\PSAPI.DLL
0x00007fffa80d0000 - 0x00007fffa80d9000 	C:\WINDOWS\SYSTEM32\WSOCK32.dll
0x00007fffc0420000 - 0x00007fffc048b000 	C:\WINDOWS\System32\WS2_32.dll
0x00007fffbcd30000 - 0x00007fffbcd57000 	C:\WINDOWS\SYSTEM32\WINMM.dll
0x00007fffb2360000 - 0x00007fffb236a000 	C:\WINDOWS\SYSTEM32\VERSION.dll
0x00007fffbc5c0000 - 0x00007fffbc5d2000 	C:\WINDOWS\SYSTEM32\kernel.appcore.dll
0x00007fffb56f0000 - 0x00007fffb5700000 	C:\Program Files\Java\jdk1.8.0_321\jre\bin\verify.dll
0x00007fff86b80000 - 0x00007fff86bab000 	C:\Program Files\Java\jdk1.8.0_321\jre\bin\java.dll
0x00007fffa0750000 - 0x00007fffa0780000 	C:\Program Files\Java\jdk1.8.0_321\jre\bin\instrument.dll
0x00007fff86b60000 - 0x00007fff86b78000 	C:\Program Files\Java\jdk1.8.0_321\jre\bin\zip.dll
0x00007fffc06e0000 - 0x00007fffc0e23000 	C:\WINDOWS\System32\SHELL32.dll
0x00007fffbcd60000 - 0x00007fffbd4f5000 	C:\WINDOWS\SYSTEM32\windows.storage.dll
0x00007fffbfca0000 - 0x00007fffbfff4000 	C:\WINDOWS\System32\combase.dll
0x00007fffbe210000 - 0x00007fffbe240000 	C:\WINDOWS\SYSTEM32\Wldp.dll
0x00007fffc0f80000 - 0x00007fffc102d000 	C:\WINDOWS\System32\SHCORE.dll
0x00007fffc0220000 - 0x00007fffc0275000 	C:\WINDOWS\System32\shlwapi.dll
0x00007fffbe6f0000 - 0x00007fffbe70f000 	C:\WINDOWS\SYSTEM32\profapi.dll
0x00007fffb5610000 - 0x00007fffb561d000 	C:\Program Files\Java\jdk1.8.0_321\jre\bin\management.dll
0x00007fffbe160000 - 0x00007fffbe178000 	C:\WINDOWS\SYSTEM32\CRYPTSP.dll
0x00000000557a0000 - 0x00000000557b9000 	C:\Program Files\Common Files\Crypto Pro\AppCompat\cpadvai.dll
0x00007fffbd880000 - 0x00007fffbd8b4000 	C:\WINDOWS\system32\rsaenh.dll
0x00007fffbea10000 - 0x00007fffbea37000 	C:\WINDOWS\System32\bcrypt.dll
0x00007fffbe6b0000 - 0x00007fffbe6de000 	C:\WINDOWS\SYSTEM32\USERENV.dll
0x00007fffbed40000 - 0x00007fffbedc2000 	C:\WINDOWS\System32\bcryptprimitives.dll
0x00007fffbe180000 - 0x00007fffbe18c000 	C:\WINDOWS\SYSTEM32\CRYPTBASE.dll
0x00007fff86940000 - 0x00007fff8695c000 	C:\Program Files\Java\jdk1.8.0_321\jre\bin\net.dll
0x00007fffbdf70000 - 0x00007fffbdfda000 	C:\WINDOWS\system32\mswsock.dll
0x00007fffbdc10000 - 0x00007fffbdc4b000 	C:\WINDOWS\SYSTEM32\IPHLPAPI.DLL
0x00007fffc01b0000 - 0x00007fffc01b8000 	C:\WINDOWS\System32\NSI.dll
0x00007fffb01f0000 - 0x00007fffb0207000 	C:\WINDOWS\SYSTEM32\dhcpcsvc6.DLL
0x00007fffb0a00000 - 0x00007fffb0a1d000 	C:\WINDOWS\SYSTEM32\dhcpcsvc.DLL
0x00007fffbdc60000 - 0x00007fffbdd2a000 	C:\WINDOWS\SYSTEM32\DNSAPI.dll
0x00007fff866c0000 - 0x00007fff866d3000 	C:\Program Files\Java\jdk1.8.0_321\jre\bin\nio.dll
0x00007fffb1590000 - 0x00007fffb15a7000 	C:\WINDOWS\system32\napinsp.dll
0x00007fffb1570000 - 0x00007fffb158b000 	C:\WINDOWS\system32\pnrpnsp.dll
0x00007fffb5bc0000 - 0x00007fffb5bd5000 	C:\WINDOWS\system32\wshbth.dll
0x00007fffb6760000 - 0x00007fffb677d000 	C:\WINDOWS\system32\NLAapi.dll
0x00007fffb1550000 - 0x00007fffb1562000 	C:\WINDOWS\System32\winrnr.dll
0x00007fffaa2c0000 - 0x00007fffaa2ca000 	C:\Windows\System32\rasadhlp.dll
0x00007fffaad50000 - 0x00007fffaadd0000 	C:\WINDOWS\System32\fwpuclnt.dll
0x00007fff9e3c0000 - 0x00007fff9e3e4000 	C:\Program Files\Java\jdk1.8.0_321\jre\bin\sunec.dll
0x00007fffb5be0000 - 0x00007fffb5bed000 	C:\Program Files\Java\jdk1.8.0_321\jre\bin\sunmscapi.dll
0x00007fffbef90000 - 0x00007fffbf0e6000 	C:\WINDOWS\System32\CRYPT32.dll
0x00007fffbe280000 - 0x00007fffbe2a7000 	C:\WINDOWS\SYSTEM32\ncrypt.dll
0x00000000557c0000 - 0x00000000557e5000 	C:\Program Files\Common Files\Crypto Pro\AppCompat\cpcrypt.dll
0x00007fffbe240000 - 0x00007fffbe27b000 	C:\WINDOWS\SYSTEM32\NTASN1.dll
0x00007fffb9130000 - 0x00007fffb9314000 	C:\WINDOWS\SYSTEM32\dbghelp.dll

VM Arguments:
jvm_args: -Xmx1024m -Dfile.encoding=UTF-8 -javaagent:C:\Users\User\.m2\repository/org/aspectj/aspectjweaver/1.9.5/aspectjweaver-1.9.5.jar 
java_command: C:\Users\User\AppData\Local\Temp\surefire3210198814091890261\surefirebooter474007431195559397.jar C:\Users\User\AppData\Local\Temp\surefire3210198814091890261 2022-10-07T16-19-47_127-jvmRun1 surefire8811901365079761199tmp surefire_0958252289400805508tmp
java_class_path (initial): C:\Users\User\AppData\Local\Temp\surefire3210198814091890261\surefirebooter474007431195559397.jar;C:\Users\User\.m2\repository/org/aspectj/aspectjweaver/1.9.5/aspectjweaver-1.9.5.jar
Launcher Type: SUN_STANDARD

Environment Variables:
JAVA_HOME=C:\Program Files\Java\jdk1.8.0_321\
PATH=C:\Program Files (x86)\Common Files\Oracle\Java\javapath;C:\WINDOWS\system32;C:\WINDOWS;C:\WINDOWS\System32\Wbem;C:\WINDOWS\System32\WindowsPowerShell\v1.0\;C:\WINDOWS\System32\OpenSSH\;C:\Program Files\Git\cmd;C:\Users\User\AppData\Local\Programs\Python\Python310\Scripts\;C:\Users\User\AppData\Local\Programs\Python\Python310\;C:\Users\User\AppData\Local\Microsoft\WindowsApps;C:\Program Files\Java\jdk1.8.0_321\\bin;;C:\Users\User\AppData\Local\Programs\Fiddler
USERNAME=User
OS=Windows_NT
PROCESSOR_IDENTIFIER=Intel64 Family 6 Model 142 Stepping 10, GenuineIntel



---------------  S Y S T E M  ---------------

OS: Windows 10 , 64 bit Build 19041 (10.0.19041.1889)

CPU:total 8 (initial active 8) (4 cores per cpu, 2 threads per core) family 6 model 142 stepping 10, cmov, cx8, fxsr, mmx, sse, sse2, sse3, ssse3, sse4.1, sse4.2, popcnt, avx, avx2, aes, clmul, erms, 3dnowpref, lzcnt, ht, tsc, tscinvbit, bmi1, bmi2, adx

Memory: 4k page, physical 8244456k(468472k free), swap 33410280k(5844k free)

vm_info: Java HotSpot(TM) 64-Bit Server VM (25.321-b07) for windows-amd64 JRE (1.8.0_321-b07), built on Dec 15 2021 11:19:20 by "java_re" with MS VC++ 15.9 (VS2017)

time: Fri Oct  7 16:19:52 2022
timezone: RTZ 2 (зима)
elapsed time: 4.443349 seconds (0d 0h 0m 4s)

