#
# There is insufficient memory for the Java Runtime Environment to continue.
# Native memory allocation (malloc) failed to allocate 1114976 bytes for Chunk::new
# Possible reasons:
#   The system is out of physical RAM or swap space
#   The process is running with CompressedOops enabled, and the Java Heap may be blocking the growth of the native heap
# Possible solutions:
#   Reduce memory load on the system
#   Increase physical memory or swap space
#   Check if swap backing store is full
#   Decrease Java heap size (-Xmx/-Xms)
#   Decrease number of Java threads
#   Decrease Java thread stack sizes (-Xss)
#   Set larger code cache with -XX:ReservedCodeCacheSize=
#   JVM is running with Unscaled Compressed Oops mode in which the Java heap is
#     placed in the first 4GB address space. The Java Heap base address is the
#     maximum limit for the native heap growth. Please use -XX:HeapBaseMinAddress
#     to set the Java Heap base and to place the Java Heap above 4GB virtual address.
# This output file may be truncated or incomplete.
#
#  Out of Memory Error (allocation.cpp:389), pid=14932, tid=0x000000000000344c
#
# JRE version: Java(TM) SE Runtime Environment (8.0_321-b07) (build 1.8.0_321-b07)
# Java VM: Java HotSpot(TM) 64-Bit Server VM (25.321-b07 mixed mode windows-amd64 compressed oops)
# Failed to write core dump. Minidumps are not enabled by default on client versions of Windows
#

---------------  T H R E A D  ---------------

Current thread (0x00000195d4c8e000):  JavaThread "C2 CompilerThread0" daemon [_thread_in_native, id=13388, stack(0x0000000141a00000,0x0000000141b00000)]

Stack: [0x0000000141a00000,0x0000000141b00000]
Native frames: (J=compiled Java code, j=interpreted, Vv=VM code, C=native code)
V  [jvm.dll+0x32fc49]
V  [jvm.dll+0x2761a2]
V  [jvm.dll+0x276e4d]
V  [jvm.dll+0x26d7f5]
V  [jvm.dll+0xd5a0c]
V  [jvm.dll+0xd620c]
V  [jvm.dll+0x4716f5]
V  [jvm.dll+0x438d60]
V  [jvm.dll+0x441d65]
V  [jvm.dll+0x441125]
V  [jvm.dll+0x42becb]
V  [jvm.dll+0xac68b]
V  [jvm.dll+0xaaceb]
V  [jvm.dll+0x23e6f2]
V  [jvm.dll+0x292edc]
C  [ucrtbase.dll+0x21bb2]
C  [KERNEL32.DLL+0x17034]
C  [ntdll.dll+0x526a1]


Current CompileTask:
C2:   1809 1425       4       org.aspectj.weaver.ReferenceType::getDeclaredInterfaces (396 bytes)


---------------  P R O C E S S  ---------------

Java Threads: ( => current thread )
  0x00000195d4d18800 JavaThread "Service Thread" daemon [_thread_blocked, id=30224, stack(0x0000000141e00000,0x0000000141f00000)]
  0x00000195d4cac000 JavaThread "C1 CompilerThread3" daemon [_thread_in_vm, id=26848, stack(0x0000000141d00000,0x0000000141e00000)]
  0x00000195d4ae5000 JavaThread "C2 CompilerThread2" daemon [_thread_in_native, id=20568, stack(0x0000000141c00000,0x0000000141d00000)]
  0x00000195d4cba000 JavaThread "C2 CompilerThread1" daemon [_thread_in_native, id=19796, stack(0x0000000141b00000,0x0000000141c00000)]
=>0x00000195d4c8e000 JavaThread "C2 CompilerThread0" daemon [_thread_in_native, id=13388, stack(0x0000000141a00000,0x0000000141b00000)]
  0x00000195d4b54000 JavaThread "Monitor Ctrl-Break" daemon [_thread_in_native, id=9184, stack(0x0000000141900000,0x0000000141a00000)]
  0x00000195d2c61000 JavaThread "Attach Listener" daemon [_thread_blocked, id=7684, stack(0x0000000141800000,0x0000000141900000)]
  0x00000195d2c60000 JavaThread "Signal Dispatcher" daemon [_thread_blocked, id=5888, stack(0x0000000141700000,0x0000000141800000)]
  0x00000195d2c3e000 JavaThread "Finalizer" daemon [_thread_blocked, id=18104, stack(0x0000000141600000,0x0000000141700000)]
  0x00000195beddb000 JavaThread "Reference Handler" daemon [_thread_blocked, id=14592, stack(0x0000000141500000,0x0000000141600000)]
  0x00000195bed3d000 JavaThread "main" [_thread_in_vm, id=18508, stack(0x0000000140b00000,0x0000000140c00000)]

Other Threads:
  0x00000195d2c11000 VMThread [stack: 0x0000000141400000,0x0000000141500000] [id=4164]
  0x00000195d4d7e800 WatcherThread [stack: 0x0000000141f00000,0x0000000142000000] [id=12492]

VM state:not at safepoint (normal execution)

VM Mutex/Monitor currently owned by a thread: None

heap address: 0x00000000c0000000, size: 1024 MB, Compressed Oops mode: 32-bit
Narrow klass base: 0x0000000000000000, Narrow klass shift: 3
Compressed class space size: 1073741824 Address: 0x0000000100000000

Heap:
 PSYoungGen      total 37888K, used 6520K [0x00000000eab00000, 0x00000000ed500000, 0x0000000100000000)
  eden space 32768K, 4% used [0x00000000eab00000,0x00000000eac62358,0x00000000ecb00000)
  from space 5120K, 99% used [0x00000000ecb00000,0x00000000ecffc020,0x00000000ed000000)
  to   space 5120K, 0% used [0x00000000ed000000,0x00000000ed000000,0x00000000ed500000)
 ParOldGen       total 86016K, used 9531K [0x00000000c0000000, 0x00000000c5400000, 0x00000000eab00000)
  object space 86016K, 11% used [0x00000000c0000000,0x00000000c094efc0,0x00000000c5400000)
 Metaspace       used 15007K, capacity 15206K, committed 15616K, reserved 1064960K
  class space    used 1600K, capacity 1699K, committed 1792K, reserved 1048576K

Card table byte_map: [0x00000195cfa70000,0x00000195cfc80000] byte_map_base: 0x00000195cf470000

Marking Bits: (ParMarkBitMap*) 0x0000000053f29030
 Begin Bits: [0x00000195cfde0000, 0x00000195d0de0000)
 End Bits:   [0x00000195d0de0000, 0x00000195d1de0000)

Polling page: 0x00000195bee10000

CodeCache: size=245760Kb used=7013Kb max_used=7013Kb free=238746Kb
 bounds [0x00000195c06b0000, 0x00000195c0d90000, 0x00000195cf6b0000]
 total_blobs=1987 nmethods=1595 adapters=303
 compilation: enabled

Compilation events (10 events):
Event: 1.774 Thread 0x00000195d4cac000 nmethod 1577 0x00000195c0d78650 code [0x00000195c0d787e0, 0x00000195c0d78b80]
Event: 1.774 Thread 0x00000195d4cac000 1576       3       sun.security.util.ObjectIdentifier::pack7Oid (42 bytes)
Event: 1.774 Thread 0x00000195d4cac000 nmethod 1576 0x00000195c0d78d50 code [0x00000195c0d78ec0, 0x00000195c0d790f0]
Event: 1.774 Thread 0x00000195d4cac000 1570       3       java.lang.invoke.MethodType::insertParameterTypes (106 bytes)
Event: 1.775 Thread 0x00000195d4cac000 nmethod 1570 0x00000195c0d7c7d0 code [0x00000195c0d7ca80, 0x00000195c0d7dd90]
Event: 1.775 Thread 0x00000195d4cac000 1579       3       java.io.OutputStream::<init> (5 bytes)
Event: 1.775 Thread 0x00000195d4cac000 nmethod 1579 0x00000195c0d47510 code [0x00000195c0d47680, 0x00000195c0d47838]
Event: 1.775 Thread 0x00000195d4ae5000 nmethod 1468 0x00000195c0d7e850 code [0x00000195c0d7ea40, 0x00000195c0d7f3d0]
Event: 1.775 Thread 0x00000195d4ae5000 1509   !   4       org.aspectj.weaver.World::resolve (293 bytes)
Event: 1.778 Thread 0x00000195d4cac000 1580       3       sun.security.util.ObjectIdentifier::checkOidSize (51 bytes)

GC Heap History (5 events):
Event: 0.789 GC heap before
{Heap before GC invocations=1 (full 0):
 PSYoungGen      total 37888K, used 32768K [0x00000000eab00000, 0x00000000ed500000, 0x0000000100000000)
  eden space 32768K, 100% used [0x00000000eab00000,0x00000000ecb00000,0x00000000ecb00000)
  from space 5120K, 0% used [0x00000000ed000000,0x00000000ed000000,0x00000000ed500000)
  to   space 5120K, 0% used [0x00000000ecb00000,0x00000000ecb00000,0x00000000ed000000)
 ParOldGen       total 86016K, used 0K [0x00000000c0000000, 0x00000000c5400000, 0x00000000eab00000)
  object space 86016K, 0% used [0x00000000c0000000,0x00000000c0000000,0x00000000c5400000)
 Metaspace       used 8616K, capacity 8688K, committed 8960K, reserved 1056768K
  class space    used 916K, capacity 976K, committed 1024K, reserved 1048576K
Event: 0.794 GC heap after
Heap after GC invocations=1 (full 0):
 PSYoungGen      total 37888K, used 5115K [0x00000000eab00000, 0x00000000ed500000, 0x0000000100000000)
  eden space 32768K, 0% used [0x00000000eab00000,0x00000000eab00000,0x00000000ecb00000)
  from space 5120K, 99% used [0x00000000ecb00000,0x00000000ecffeec8,0x00000000ed000000)
  to   space 5120K, 0% used [0x00000000ed000000,0x00000000ed000000,0x00000000ed500000)
 ParOldGen       total 86016K, used 214K [0x00000000c0000000, 0x00000000c5400000, 0x00000000eab00000)
  object space 86016K, 0% used [0x00000000c0000000,0x00000000c0035948,0x00000000c5400000)
 Metaspace       used 8616K, capacity 8688K, committed 8960K, reserved 1056768K
  class space    used 916K, capacity 976K, committed 1024K, reserved 1048576K
}
Event: 1.328 GC heap before
{Heap before GC invocations=2 (full 0):
 PSYoungGen      total 37888K, used 37883K [0x00000000eab00000, 0x00000000ed500000, 0x0000000100000000)
  eden space 32768K, 100% used [0x00000000eab00000,0x00000000ecb00000,0x00000000ecb00000)
  from space 5120K, 99% used [0x00000000ecb00000,0x00000000ecffeec8,0x00000000ed000000)
  to   space 5120K, 0% used [0x00000000ed000000,0x00000000ed000000,0x00000000ed500000)
 ParOldGen       total 86016K, used 214K [0x00000000c0000000, 0x00000000c5400000, 0x00000000eab00000)
  object space 86016K, 0% used [0x00000000c0000000,0x00000000c0035948,0x00000000c5400000)
 Metaspace       used 12731K, capacity 12832K, committed 12928K, reserved 1060864K
  class space    used 1330K, capacity 1376K, committed 1408K, reserved 1048576K
Event: 1.334 GC heap after
Heap after GC invocations=2 (full 0):
 PSYoungGen      total 37888K, used 5113K [0x00000000eab00000, 0x00000000ed500000, 0x0000000100000000)
  eden space 32768K, 0% used [0x00000000eab00000,0x00000000eab00000,0x00000000ecb00000)
  from space 5120K, 99% used [0x00000000ed000000,0x00000000ed4fe788,0x00000000ed500000)
  to   space 5120K, 0% used [0x00000000ecb00000,0x00000000ecb00000,0x00000000ed000000)
 ParOldGen       total 86016K, used 1039K [0x00000000c0000000, 0x00000000c5400000, 0x00000000eab00000)
  object space 86016K, 1% used [0x00000000c0000000,0x00000000c0103e18,0x00000000c5400000)
 Metaspace       used 12731K, capacity 12832K, committed 12928K, reserved 1060864K
  class space    used 1330K, capacity 1376K, committed 1408K, reserved 1048576K
}
Event: 1.779 GC heap before
{Heap before GC invocations=3 (full 0):
 PSYoungGen      total 37888K, used 37881K [0x00000000eab00000, 0x00000000ed500000, 0x0000000100000000)
  eden space 32768K, 100% used [0x00000000eab00000,0x00000000ecb00000,0x00000000ecb00000)
  from space 5120K, 99% used [0x00000000ed000000,0x00000000ed4fe788,0x00000000ed500000)
  to   space 5120K, 0% used [0x00000000ecb00000,0x00000000ecb00000,0x00000000ed000000)
 ParOldGen       total 86016K, used 1039K [0x00000000c0000000, 0x00000000c5400000, 0x00000000eab00000)
  object space 86016K, 1% used [0x00000000c0000000,0x00000000c0103e18,0x00000000c5400000)
 Metaspace       used 14779K, capacity 14982K, committed 15360K, reserved 1062912K
  class space    used 1574K, capacity 1667K, committed 1792K, reserved 1048576K

Deoptimization events (10 events):
Event: 1.525 Thread 0x00000195bed3d000 Uncommon trap: reason=bimorphic action=maybe_recompile pc=0x00000195c0ba7b2c method=java.util.HashMap.putVal(ILjava/lang/Object;Ljava/lang/Object;ZZ)Ljava/lang/Object; @ 152
Event: 1.525 Thread 0x00000195bed3d000 Uncommon trap: reason=bimorphic action=maybe_recompile pc=0x00000195c0ba7b2c method=java.util.HashMap.putVal(ILjava/lang/Object;Ljava/lang/Object;ZZ)Ljava/lang/Object; @ 152
Event: 1.525 Thread 0x00000195bed3d000 Uncommon trap: reason=bimorphic action=maybe_recompile pc=0x00000195c0ba4428 method=java.util.HashMap.putVal(ILjava/lang/Object;Ljava/lang/Object;ZZ)Ljava/lang/Object; @ 152
Event: 1.527 Thread 0x00000195bed3d000 Uncommon trap: reason=unstable_if action=reinterpret pc=0x00000195c0be00e4 method=java.lang.String.regionMatches(ZILjava/lang/String;II)Z @ 123
Event: 1.566 Thread 0x00000195bed3d000 Uncommon trap: reason=unstable_if action=reinterpret pc=0x00000195c0aeeba4 method=java.io.WinNTFileSystem.normalize(Ljava/lang/String;)Ljava/lang/String; @ 128
Event: 1.567 Thread 0x00000195bed3d000 Uncommon trap: reason=unstable_if action=reinterpret pc=0x00000195c097281c method=java.io.WinNTFileSystem.normalize(Ljava/lang/String;)Ljava/lang/String; @ 128
Event: 1.642 Thread 0x00000195bed3d000 Uncommon trap: reason=class_check action=maybe_recompile pc=0x00000195c0beebfc method=org.aspectj.weaver.World$TypeMap.get(Ljava/lang/String;)Lorg/aspectj/weaver/ResolvedType; @ 52
Event: 1.643 Thread 0x00000195bed3d000 Uncommon trap: reason=class_check action=maybe_recompile pc=0x00000195c0beebfc method=org.aspectj.weaver.World$TypeMap.get(Ljava/lang/String;)Lorg/aspectj/weaver/ResolvedType; @ 52
Event: 1.656 Thread 0x00000195bed3d000 Uncommon trap: reason=class_check action=maybe_recompile pc=0x00000195c0beebfc method=org.aspectj.weaver.World$TypeMap.get(Ljava/lang/String;)Lorg/aspectj/weaver/ResolvedType; @ 52
Event: 1.657 Thread 0x00000195bed3d000 Uncommon trap: reason=class_check action=maybe_recompile pc=0x00000195c0beebfc method=org.aspectj.weaver.World$TypeMap.get(Ljava/lang/String;)Lorg/aspectj/weaver/ResolvedType; @ 52

Classes redefined (0 events):
No events

Internal exceptions (10 events):
Event: 0.586 Thread 0x00000195bed3d000 Exception <a 'java/lang/ArrayIndexOutOfBoundsException': 9> (0x00000000ec2be638) thrown at [C:\jenkins\workspace\8-2-build-windows-amd64-cygwin\jdk8u321\2141\hotspot\src\share\vm\interpreter\interpreterRuntime.cpp, line 371]
Event: 0.586 Thread 0x00000195bed3d000 Exception <a 'java/lang/ArrayIndexOutOfBoundsException': 9> (0x00000000ec2bea58) thrown at [C:\jenkins\workspace\8-2-build-windows-amd64-cygwin\jdk8u321\2141\hotspot\src\share\vm\interpreter\interpreterRuntime.cpp, line 371]
Event: 0.587 Thread 0x00000195bed3d000 Exception <a 'java/lang/ArrayIndexOutOfBoundsException': 7> (0x00000000ec2c4900) thrown at [C:\jenkins\workspace\8-2-build-windows-amd64-cygwin\jdk8u321\2141\hotspot\src\share\vm\interpreter\interpreterRuntime.cpp, line 371]
Event: 0.587 Thread 0x00000195bed3d000 Exception <a 'java/lang/ArrayIndexOutOfBoundsException': 7> (0x00000000ec2c4d20) thrown at [C:\jenkins\workspace\8-2-build-windows-amd64-cygwin\jdk8u321\2141\hotspot\src\share\vm\interpreter\interpreterRuntime.cpp, line 371]
Event: 0.587 Thread 0x00000195bed3d000 Exception <a 'java/lang/ArrayIndexOutOfBoundsException': 7> (0x00000000ec2c5140) thrown at [C:\jenkins\workspace\8-2-build-windows-amd64-cygwin\jdk8u321\2141\hotspot\src\share\vm\interpreter\interpreterRuntime.cpp, line 371]
Event: 0.822 Thread 0x00000195bed3d000 Exception <a 'java/io/FileNotFoundException'> (0x00000000ead581f0) thrown at [C:\jenkins\workspace\8-2-build-windows-amd64-cygwin\jdk8u321\2141\hotspot\src\share\vm\prims\jni.cpp, line 710]
Event: 1.053 Thread 0x00000195bed3d000 Implicit null exception at 0x00000195c07c95d5 to 0x00000195c07c97a9
Event: 1.264 Thread 0x00000195bed3d000 Exception <a 'java/lang/NoSuchFieldError': method resolution failed> (0x00000000ec6a2cf8) thrown at [C:\jenkins\workspace\8-2-build-windows-amd64-cygwin\jdk8u321\2141\hotspot\src\share\vm\prims\methodHandles.cpp, line 1169]
Event: 1.266 Thread 0x00000195bed3d000 Exception <a 'java/lang/NoSuchFieldError': method resolution failed> (0x00000000ec6b14f8) thrown at [C:\jenkins\workspace\8-2-build-windows-amd64-cygwin\jdk8u321\2141\hotspot\src\share\vm\prims\methodHandles.cpp, line 1169]
Event: 1.334 Thread 0x00000195bed3d000 Implicit null exception at 0x00000195c0aa8200 to 0x00000195c0aa8c45

Events (10 events):
Event: 1.778 loading class java/security/cert/Extension done
Event: 1.778 loading class sun/security/x509/Extension done
Event: 1.778 loading class sun/security/x509/OIDMap
Event: 1.778 loading class sun/security/x509/OIDMap done
Event: 1.778 loading class sun/security/x509/PKIXExtensions
Event: 1.778 loading class sun/security/x509/PKIXExtensions done
Event: 1.778 loading class sun/security/x509/OIDMap$OIDInfo
Event: 1.779 loading class sun/security/x509/OIDMap$OIDInfo done
Event: 1.779 loading class sun/security/x509/SubjectKeyIdentifierExtension
Event: 1.779 Executing VM operation: ParallelGCFailedAllocation


Dynamic libraries:
0x00007ff7e3fb0000 - 0x00007ff7e3ff7000 	C:\Program Files\Java\jdk1.8.0_321\bin\java.exe
0x00007fffc1090000 - 0x00007fffc1288000 	C:\WINDOWS\SYSTEM32\ntdll.dll
0x00007fffbf6c0000 - 0x00007fffbf77d000 	C:\WINDOWS\System32\KERNEL32.DLL
0x00007fffbea40000 - 0x00007fffbed0e000 	C:\WINDOWS\System32\KERNELBASE.dll
0x00000000557f0000 - 0x000000005589e000 	C:\WINDOWS\System32\SYSFER.DLL
0x00007fffc0e30000 - 0x00007fffc0ede000 	C:\WINDOWS\System32\ADVAPI32.dll
0x00007fffc0ee0000 - 0x00007fffc0f7e000 	C:\WINDOWS\System32\msvcrt.dll
0x00007fffc05c0000 - 0x00007fffc065c000 	C:\WINDOWS\System32\sechost.dll
0x00007fffbf530000 - 0x00007fffbf655000 	C:\WINDOWS\System32\RPCRT4.dll
0x00007fffc0280000 - 0x00007fffc0420000 	C:\WINDOWS\System32\USER32.dll
0x00007fffbed10000 - 0x00007fffbed32000 	C:\WINDOWS\System32\win32u.dll
0x00007fffbf0f0000 - 0x00007fffbf11a000 	C:\WINDOWS\System32\GDI32.dll
0x00007fffbe900000 - 0x00007fffbea0b000 	C:\WINDOWS\System32\gdi32full.dll
0x00007fffbedd0000 - 0x00007fffbee6d000 	C:\WINDOWS\System32\msvcp_win.dll
0x00007fffbe800000 - 0x00007fffbe900000 	C:\WINDOWS\System32\ucrtbase.dll
0x00007fffbd500000 - 0x00007fffbd79a000 	C:\WINDOWS\WinSxS\amd64_microsoft.windows.common-controls_6595b64144ccf1df_6.0.19041.1110_none_60b5254171f9507e\COMCTL32.dll
0x00007fffbf4a0000 - 0x00007fffbf4d0000 	C:\WINDOWS\System32\IMM32.DLL
0x00007fff86bb0000 - 0x00007fff86bc5000 	C:\Program Files\Java\jdk1.8.0_321\jre\bin\vcruntime140.dll
0x00007fff67460000 - 0x00007fff674fb000 	C:\Program Files\Java\jdk1.8.0_321\jre\bin\msvcp140.dll
0x0000000053740000 - 0x0000000053fa1000 	C:\Program Files\Java\jdk1.8.0_321\jre\bin\server\jvm.dll
0x00007fffbf120000 - 0x00007fffbf128000 	C:\WINDOWS\System32\PSAPI.DLL
0x00007fffa80d0000 - 0x00007fffa80d9000 	C:\WINDOWS\SYSTEM32\WSOCK32.dll
0x00007fffc0420000 - 0x00007fffc048b000 	C:\WINDOWS\System32\WS2_32.dll
0x00007fffbcd30000 - 0x00007fffbcd57000 	C:\WINDOWS\SYSTEM32\WINMM.dll
0x00007fffb2360000 - 0x00007fffb236a000 	C:\WINDOWS\SYSTEM32\VERSION.dll
0x00007fffbc5c0000 - 0x00007fffbc5d2000 	C:\WINDOWS\SYSTEM32\kernel.appcore.dll
0x00007fffb56f0000 - 0x00007fffb5700000 	C:\Program Files\Java\jdk1.8.0_321\jre\bin\verify.dll
0x00007fff86b80000 - 0x00007fff86bab000 	C:\Program Files\Java\jdk1.8.0_321\jre\bin\java.dll
0x00007fff9dac0000 - 0x00007fff9daf0000 	C:\Program Files\Java\jdk1.8.0_321\jre\bin\instrument.dll
0x00007fff86b60000 - 0x00007fff86b78000 	C:\Program Files\Java\jdk1.8.0_321\jre\bin\zip.dll
0x00007fffc06e0000 - 0x00007fffc0e23000 	C:\WINDOWS\System32\SHELL32.dll
0x00007fffbcd60000 - 0x00007fffbd4f5000 	C:\WINDOWS\SYSTEM32\windows.storage.dll
0x00007fffbfca0000 - 0x00007fffbfff4000 	C:\WINDOWS\System32\combase.dll
0x00007fffbe210000 - 0x00007fffbe240000 	C:\WINDOWS\SYSTEM32\Wldp.dll
0x00007fffc0f80000 - 0x00007fffc102d000 	C:\WINDOWS\System32\SHCORE.dll
0x00007fffc0220000 - 0x00007fffc0275000 	C:\WINDOWS\System32\shlwapi.dll
0x00007fffbe6f0000 - 0x00007fffbe70f000 	C:\WINDOWS\SYSTEM32\profapi.dll
0x00007fff9c430000 - 0x00007fff9c44a000 	C:\Program Files\JetBrains\IntelliJ IDEA Community Edition 2021.3.2\bin\breakgen64.dll
0x00007fff86940000 - 0x00007fff8695c000 	C:\Program Files\Java\jdk1.8.0_321\jre\bin\net.dll
0x00007fffbdf70000 - 0x00007fffbdfda000 	C:\WINDOWS\system32\mswsock.dll
0x00007fffbdc60000 - 0x00007fffbdd2a000 	C:\WINDOWS\SYSTEM32\DNSAPI.dll
0x00007fffbdc10000 - 0x00007fffbdc4b000 	C:\WINDOWS\SYSTEM32\IPHLPAPI.DLL
0x00007fffc01b0000 - 0x00007fffc01b8000 	C:\WINDOWS\System32\NSI.dll
0x00007fffaa2c0000 - 0x00007fffaa2ca000 	C:\Windows\System32\rasadhlp.dll
0x00007fffaad50000 - 0x00007fffaadd0000 	C:\WINDOWS\System32\fwpuclnt.dll
0x00007fffbea10000 - 0x00007fffbea37000 	C:\WINDOWS\System32\bcrypt.dll
0x00007fffb9130000 - 0x00007fffb9314000 	C:\WINDOWS\SYSTEM32\dbghelp.dll
0x00007fffbed40000 - 0x00007fffbedc2000 	C:\WINDOWS\System32\bcryptPrimitives.dll

VM Arguments:
jvm_args: -ea -Dallure.results.directory=C:\Users\User\IdeaProjects\SeleniumScript\target/reports/allure-results -Xmx1024m -Dfile.encoding=UTF-8 -javaagent:C:\Users\User\.m2\repository/org/aspectj/aspectjweaver/1.9.5/aspectjweaver-1.9.5.jar -Didea.test.cyclic.buffer.size=1048576 -javaagent:C:\Program Files\JetBrains\IntelliJ IDEA Community Edition 2021.3.2\lib\idea_rt.jar=53647:C:\Program Files\JetBrains\IntelliJ IDEA Community Edition 2021.3.2\bin 
java_command: com.intellij.rt.junit.JUnitStarter -ideVersion5 -junit4 @w@C:\Users\User\AppData\Local\Temp\idea_working_dirs_junit.tmp @C:\Users\User\AppData\Local\Temp\idea_junit.tmp
java_class_path (initial): C:\Program Files\JetBrains\IntelliJ IDEA Community Edition 2021.3.2\lib\idea_rt.jar;C:\Program Files\JetBrains\IntelliJ IDEA Community Edition 2021.3.2\plugins\junit\lib\junit5-rt.jar;C:\Program Files\JetBrains\IntelliJ IDEA Community Edition 2021.3.2\plugins\junit\lib\junit-rt.jar;C:\Program Files\Java\jdk1.8.0_321\jre\lib\charsets.jar;C:\Program Files\Java\jdk1.8.0_321\jre\lib\deploy.jar;C:\Program Files\Java\jdk1.8.0_321\jre\lib\ext\access-bridge-64.jar;C:\Program Files\Java\jdk1.8.0_321\jre\lib\ext\cldrdata.jar;C:\Program Files\Java\jdk1.8.0_321\jre\lib\ext\dnsns.jar;C:\Program Files\Java\jdk1.8.0_321\jre\lib\ext\jaccess.jar;C:\Program Files\Java\jdk1.8.0_321\jre\lib\ext\jfxrt.jar;C:\Program Files\Java\jdk1.8.0_321\jre\lib\ext\localedata.jar;C:\Program Files\Java\jdk1.8.0_321\jre\lib\ext\nashorn.jar;C:\Program Files\Java\jdk1.8.0_321\jre\lib\ext\sunec.jar;C:\Program Files\Java\jdk1.8.0_321\jre\lib\ext\sunjce_provider.jar;C:\Program Files\Java\jdk1.8.0_321\jre\lib\ext\sunmscapi.jar;C:\Program Files\Java\jdk1.8.0_321\jre\lib\ext\sunpkcs11.jar;C:\Program Files\Java\jdk1.8.0_321\jre\lib\ext\zipfs.jar;C:\Program Files\Java\jdk1.8.0_321\jre\lib\javaws.jar;C:\Program Files\Java\jdk1.8.0_321\jre\lib\jce.jar;C:\Program Files\Java\jdk1.8.0_321\jre\lib\jfr.jar;C:\Program Files\Java\jdk1.8.0_321\jre\lib\jfxswt.jar;C:\Program Files\Java\jdk1.8.0_321\jre\lib\jsse.jar;C:\Program Files\Java\jdk1.8.0_321\jre\lib\management-agent.jar;C:\Program Files\Java\jdk1.8.0_321\jre\lib\plugin.jar;C:\Program Files\Java\jdk1.8.0_321\jre\lib\resources.jar;C:\Program Files\Java\jdk1.8.0_321\jre\lib\rt.jar;C:\Users\User\IdeaProjects\SeleniumScript\target\test-classes;C:\Users\User\IdeaProjects\SeleniumScript\target\classes;C:\Users\User\.m2\repository\org\seleniumhq\selenium\selenium-java\3.141.59\selenium-java-3.141.59.jar;C:\Users\User\.m2\repository\org\seleniumhq\selenium\selenium-api\3.141.59\selenium-api-3.141.59.jar;C:\Users\User\.m2\repository\org\seleniumhq
Launcher Type: SUN_STANDARD

Environment Variables:
JAVA_HOME=C:\Program Files\Java\jdk1.8.0_321\
PATH=C:\Program Files (x86)\Common Files\Oracle\Java\javapath;C:\WINDOWS\system32;C:\WINDOWS;C:\WINDOWS\System32\Wbem;C:\WINDOWS\System32\WindowsPowerShell\v1.0\;C:\WINDOWS\System32\OpenSSH\;C:\Program Files\Git\cmd;C:\Users\User\AppData\Local\Programs\Python\Python310\Scripts\;C:\Users\User\AppData\Local\Programs\Python\Python310\;C:\Users\User\AppData\Local\Microsoft\WindowsApps;C:\Program Files\Java\jdk1.8.0_321\\bin;;C:\Users\User\AppData\Local\Programs\Fiddler
USERNAME=User
OS=Windows_NT
PROCESSOR_IDENTIFIER=Intel64 Family 6 Model 142 Stepping 10, GenuineIntel



---------------  S Y S T E M  ---------------

OS: Windows 10 , 64 bit Build 19041 (10.0.19041.1889)

CPU:total 8 (initial active 8) (4 cores per cpu, 2 threads per core) family 6 model 142 stepping 10, cmov, cx8, fxsr, mmx, sse, sse2, sse3, ssse3, sse4.1, sse4.2, popcnt, avx, avx2, aes, clmul, erms, 3dnowpref, lzcnt, ht, tsc, tscinvbit, bmi1, bmi2, adx

Memory: 4k page, physical 8244456k(640544k free), swap 33410280k(5160k free)

vm_info: Java HotSpot(TM) 64-Bit Server VM (25.321-b07) for windows-amd64 JRE (1.8.0_321-b07), built on Dec 15 2021 11:19:20 by "java_re" with MS VC++ 15.9 (VS2017)

time: Fri Oct  7 16:30:04 2022
timezone: RTZ 2 (зима)
elapsed time: 1.815290 seconds (0d 0h 0m 1s)

