#
# There is insufficient memory for the Java Runtime Environment to continue.
# Native memory allocation (malloc) failed to allocate 1601776 bytes for Chunk::new
# Possible reasons:
#   The system is out of physical RAM or swap space
#   The process is running with CompressedOops enabled, and the Java Heap may be blocking the growth of the native heap
# Possible solutions:
#   Reduce memory load on the system
#   Increase physical memory or swap space
#   Check if swap backing store is full
#   Decrease Java heap size (-Xmx/-Xms)
#   Decrease number of Java threads
#   Decrease Java thread stack sizes (-Xss)
#   Set larger code cache with -XX:ReservedCodeCacheSize=
#   JVM is running with Unscaled Compressed Oops mode in which the Java heap is
#     placed in the first 4GB address space. The Java Heap base address is the
#     maximum limit for the native heap growth. Please use -XX:HeapBaseMinAddress
#     to set the Java Heap base and to place the Java Heap above 4GB virtual address.
# This output file may be truncated or incomplete.
#
#  Out of Memory Error (allocation.cpp:389), pid=12104, tid=0x000000000000561c
#
# JRE version: Java(TM) SE Runtime Environment (8.0_321-b07) (build 1.8.0_321-b07)
# Java VM: Java HotSpot(TM) 64-Bit Server VM (25.321-b07 mixed mode windows-amd64 compressed oops)
# Failed to write core dump. Minidumps are not enabled by default on client versions of Windows
#

---------------  T H R E A D  ---------------

Current thread (0x00000198b12a0800):  JavaThread "C2 CompilerThread1" daemon [_thread_in_native, id=22044, stack(0x00000006a7b00000,0x00000006a7c00000)]

Stack: [0x00000006a7b00000,0x00000006a7c00000]
Native frames: (J=compiled Java code, j=interpreted, Vv=VM code, C=native code)
V  [jvm.dll+0x32fc49]


Current CompileTask:
C2:   3981 2574       4       org.aspectj.apache.bcel.generic.MethodGen::<init> (928 bytes)


---------------  P R O C E S S  ---------------

Java Threads: ( => current thread )
  0x00000198b128d800 JavaThread "Okio Watchdog" daemon [_thread_blocked, id=30464, stack(0x00000006a8700000,0x00000006a8800000)]
  0x00000198b1293000 JavaThread "OkHttp ConnectionPool" daemon [_thread_blocked, id=24708, stack(0x00000006a8600000,0x00000006a8700000)]
  0x00000198b1292000 JavaThread "Keep-Alive-Timer" daemon [_thread_blocked, id=29808, stack(0x00000006a8500000,0x00000006a8600000)]
  0x00000198b1291800 JavaThread "Exec Stream Pumper" daemon [_thread_in_native, id=5152, stack(0x00000006a8300000,0x00000006a8400000)]
  0x00000198b1290000 JavaThread "Exec Stream Pumper" daemon [_thread_in_native, id=13536, stack(0x00000006a8200000,0x00000006a8300000)]
  0x00000198b128e800 JavaThread "UrlChecker-2" daemon [_thread_blocked, id=22032, stack(0x00000006a8100000,0x00000006a8200000)]
  0x00000198b128f000 JavaThread "Exec Default Executor" daemon [_thread_in_native, id=27956, stack(0x00000006a8000000,0x00000006a8100000)]
  0x00000198b1290800 JavaThread "Service Thread" daemon [_thread_blocked, id=16588, stack(0x00000006a7e00000,0x00000006a7f00000)]
  0x00000198b10e5800 JavaThread "C1 CompilerThread3" daemon [_thread_blocked, id=17808, stack(0x00000006a7d00000,0x00000006a7e00000)]
  0x00000198b11fe800 JavaThread "C2 CompilerThread2" daemon [_thread_blocked, id=27644, stack(0x00000006a7c00000,0x00000006a7d00000)]
=>0x00000198b12a0800 JavaThread "C2 CompilerThread1" daemon [_thread_in_native, id=22044, stack(0x00000006a7b00000,0x00000006a7c00000)]
  0x00000198b1236800 JavaThread "C2 CompilerThread0" daemon [_thread_blocked, id=9688, stack(0x00000006a7a00000,0x00000006a7b00000)]
  0x00000198b128c000 JavaThread "Monitor Ctrl-Break" daemon [_thread_in_native, id=29288, stack(0x00000006a7900000,0x00000006a7a00000)]
  0x00000198af1d2800 JavaThread "Attach Listener" daemon [_thread_blocked, id=5160, stack(0x00000006a7800000,0x00000006a7900000)]
  0x00000198af1db000 JavaThread "Signal Dispatcher" daemon [_thread_blocked, id=30512, stack(0x00000006a7700000,0x00000006a7800000)]
  0x000001989b2c9800 JavaThread "Finalizer" daemon [_thread_blocked, id=30016, stack(0x00000006a7600000,0x00000006a7700000)]
  0x00000198af1b8000 JavaThread "Reference Handler" daemon [_thread_blocked, id=30276, stack(0x00000006a7500000,0x00000006a7600000)]
  0x000001989b21d800 JavaThread "Forwarding newSession on session null to remote" [_thread_in_native, id=29776, stack(0x00000006a6b00000,0x00000006a6c00000)]

Other Threads:
  0x00000198af192800 VMThread [stack: 0x00000006a7400000,0x00000006a7500000] [id=26424]
  0x00000198b13aa000 WatcherThread [stack: 0x00000006a7f00000,0x00000006a8000000] [id=27900]

VM state:not at safepoint (normal execution)

VM Mutex/Monitor currently owned by a thread: None

heap address: 0x00000000c0000000, size: 1024 MB, Compressed Oops mode: 32-bit
Narrow klass base: 0x0000000000000000, Narrow klass shift: 3
Compressed class space size: 1073741824 Address: 0x0000000100000000

Heap:
 PSYoungGen      total 37888K, used 1266K [0x00000000eab00000, 0x00000000ed500000, 0x0000000100000000)
  eden space 32768K, 3% used [0x00000000eab00000,0x00000000eac3c9d8,0x00000000ecb00000)
  from space 5120K, 0% used [0x00000000ed000000,0x00000000ed000000,0x00000000ed500000)
  to   space 5120K, 0% used [0x00000000ecb00000,0x00000000ecb00000,0x00000000ed000000)
 ParOldGen       total 67072K, used 15608K [0x00000000c0000000, 0x00000000c4180000, 0x00000000eab00000)
  object space 67072K, 23% used [0x00000000c0000000,0x00000000c0f3e140,0x00000000c4180000)
 Metaspace       used 20599K, capacity 21284K, committed 21504K, reserved 1069056K
  class space    used 2344K, capacity 2544K, committed 2560K, reserved 1048576K

Card table byte_map: [0x00000198ac0f0000,0x00000198ac300000] byte_map_base: 0x00000198abaf0000

Marking Bits: (ParMarkBitMap*) 0x0000000053f29030
 Begin Bits: [0x00000198ac460000, 0x00000198ad460000)
 End Bits:   [0x00000198ad460000, 0x00000198ae460000)

Polling page: 0x000001989b430000

CodeCache: size=245760Kb used=11065Kb max_used=11094Kb free=234694Kb
 bounds [0x000001989cd30000, 0x000001989d810000, 0x00000198abd30000]
 total_blobs=3021 nmethods=2591 adapters=341
 compilation: enabled

Compilation events (10 events):
Event: 3.824 Thread 0x00000198b1236800 nmethod 2560 0x000001989d7ee6d0 code [0x000001989d7eec00, 0x000001989d7f41e0]
Event: 3.824 Thread 0x00000198b1236800 2573       4       org.aspectj.weaver.bcel.BcelClassWeaver::implement (70 bytes)
Event: 3.836 Thread 0x00000198b1236800 nmethod 2573 0x000001989d7e9450 code [0x000001989d7e9640, 0x000001989d7ea240]
Event: 3.836 Thread 0x00000198b1236800 2576       4       org.aspectj.weaver.UnresolvedType::<init> (32 bytes)
Event: 3.836 Thread 0x00000198b1236800 nmethod 2576 0x000001989d7dfa90 code [0x000001989d7dfbc0, 0x000001989d7dfc58]
Event: 3.836 Thread 0x00000198b1236800 2572       4       org.aspectj.weaver.bcel.BcelClassWeaver::shouldWeaveBody (43 bytes)
Event: 3.838 Thread 0x00000198b1236800 nmethod 2572 0x000001989d7eb450 code [0x000001989d7eb5a0, 0x000001989d7eb778]
Event: 3.838 Thread 0x00000198b1236800 2571       4       org.aspectj.weaver.bcel.BcelMethod::unpackAjAttributes (96 bytes)
Event: 3.860 Thread 0x00000198b1236800 nmethod 2571 0x000001989d7fbbd0 code [0x000001989d7fbdc0, 0x000001989d7fc9e8]
Event: 3.948 Thread 0x00000198b11fe800 nmethod 2522 0x000001989d8034d0 code [0x000001989d803ac0, 0x000001989d807f50]

GC Heap History (10 events):
Event: 1.817 GC heap before
{Heap before GC invocations=3 (full 0):
 PSYoungGen      total 37888K, used 37865K [0x00000000eab00000, 0x00000000ed500000, 0x0000000100000000)
  eden space 32768K, 100% used [0x00000000eab00000,0x00000000ecb00000,0x00000000ecb00000)
  from space 5120K, 99% used [0x00000000ed000000,0x00000000ed4fa798,0x00000000ed500000)
  to   space 5120K, 0% used [0x00000000ecb00000,0x00000000ecb00000,0x00000000ed000000)
 ParOldGen       total 86016K, used 1360K [0x00000000c0000000, 0x00000000c5400000, 0x00000000eab00000)
  object space 86016K, 1% used [0x00000000c0000000,0x00000000c0154398,0x00000000c5400000)
 Metaspace       used 15223K, capacity 15366K, committed 15616K, reserved 1062912K
  class space    used 1617K, capacity 1667K, committed 1792K, reserved 1048576K
Event: 1.831 GC heap after
Heap after GC invocations=3 (full 0):
 PSYoungGen      total 37888K, used 5088K [0x00000000eab00000, 0x00000000ed500000, 0x0000000100000000)
  eden space 32768K, 0% used [0x00000000eab00000,0x00000000eab00000,0x00000000ecb00000)
  from space 5120K, 99% used [0x00000000ecb00000,0x00000000ecff8050,0x00000000ed000000)
  to   space 5120K, 0% used [0x00000000ed000000,0x00000000ed000000,0x00000000ed500000)
 ParOldGen       total 86016K, used 9805K [0x00000000c0000000, 0x00000000c5400000, 0x00000000eab00000)
  object space 86016K, 11% used [0x00000000c0000000,0x00000000c0993500,0x00000000c5400000)
 Metaspace       used 15223K, capacity 15366K, committed 15616K, reserved 1062912K
  class space    used 1617K, capacity 1667K, committed 1792K, reserved 1048576K
}
Event: 3.212 GC heap before
{Heap before GC invocations=4 (full 0):
 PSYoungGen      total 37888K, used 37856K [0x00000000eab00000, 0x00000000ed500000, 0x0000000100000000)
  eden space 32768K, 100% used [0x00000000eab00000,0x00000000ecb00000,0x00000000ecb00000)
  from space 5120K, 99% used [0x00000000ecb00000,0x00000000ecff8050,0x00000000ed000000)
  to   space 5120K, 0% used [0x00000000ed000000,0x00000000ed000000,0x00000000ed500000)
 ParOldGen       total 86016K, used 9805K [0x00000000c0000000, 0x00000000c5400000, 0x00000000eab00000)
  object space 86016K, 11% used [0x00000000c0000000,0x00000000c0993500,0x00000000c5400000)
 Metaspace       used 17740K, capacity 17964K, committed 18176K, reserved 1064960K
  class space    used 1920K, capacity 2010K, committed 2048K, reserved 1048576K
Event: 3.220 GC heap after
Heap after GC invocations=4 (full 0):
 PSYoungGen      total 37888K, used 5088K [0x00000000eab00000, 0x00000000ed500000, 0x0000000100000000)
  eden space 32768K, 0% used [0x00000000eab00000,0x00000000eab00000,0x00000000ecb00000)
  from space 5120K, 99% used [0x00000000ed000000,0x00000000ed4f8010,0x00000000ed500000)
  to   space 5120K, 0% used [0x00000000ecb00000,0x00000000ecb00000,0x00000000ed000000)
 ParOldGen       total 86016K, used 14149K [0x00000000c0000000, 0x00000000c5400000, 0x00000000eab00000)
  object space 86016K, 16% used [0x00000000c0000000,0x00000000c0dd1518,0x00000000c5400000)
 Metaspace       used 17740K, capacity 17964K, committed 18176K, reserved 1064960K
  class space    used 1920K, capacity 2010K, committed 2048K, reserved 1048576K
}
Event: 3.492 GC heap before
{Heap before GC invocations=5 (full 0):
 PSYoungGen      total 37888K, used 37856K [0x00000000eab00000, 0x00000000ed500000, 0x0000000100000000)
  eden space 32768K, 100% used [0x00000000eab00000,0x00000000ecb00000,0x00000000ecb00000)
  from space 5120K, 99% used [0x00000000ed000000,0x00000000ed4f8010,0x00000000ed500000)
  to   space 5120K, 0% used [0x00000000ecb00000,0x00000000ecb00000,0x00000000ed000000)
 ParOldGen       total 86016K, used 14149K [0x00000000c0000000, 0x00000000c5400000, 0x00000000eab00000)
  object space 86016K, 16% used [0x00000000c0000000,0x00000000c0dd1518,0x00000000c5400000)
 Metaspace       used 19742K, capacity 20342K, committed 20608K, reserved 1067008K
  class space    used 2241K, capacity 2405K, committed 2432K, reserved 1048576K
Event: 3.501 GC heap after
Heap after GC invocations=5 (full 0):
 PSYoungGen      total 37888K, used 5104K [0x00000000eab00000, 0x00000000ed500000, 0x0000000100000000)
  eden space 32768K, 0% used [0x00000000eab00000,0x00000000eab00000,0x00000000ecb00000)
  from space 5120K, 99% used [0x00000000ecb00000,0x00000000ecffc040,0x00000000ed000000)
  to   space 5120K, 0% used [0x00000000ed000000,0x00000000ed000000,0x00000000ed500000)
 ParOldGen       total 86016K, used 19202K [0x00000000c0000000, 0x00000000c5400000, 0x00000000eab00000)
  object space 86016K, 22% used [0x00000000c0000000,0x00000000c12c09e0,0x00000000c5400000)
 Metaspace       used 19742K, capacity 20342K, committed 20608K, reserved 1067008K
  class space    used 2241K, capacity 2405K, committed 2432K, reserved 1048576K
}
Event: 3.645 GC heap before
{Heap before GC invocations=6 (full 0):
 PSYoungGen      total 37888K, used 23326K [0x00000000eab00000, 0x00000000ed500000, 0x0000000100000000)
  eden space 32768K, 55% used [0x00000000eab00000,0x00000000ebccb9c8,0x00000000ecb00000)
  from space 5120K, 99% used [0x00000000ecb00000,0x00000000ecffc040,0x00000000ed000000)
  to   space 5120K, 0% used [0x00000000ed000000,0x00000000ed000000,0x00000000ed500000)
 ParOldGen       total 86016K, used 19202K [0x00000000c0000000, 0x00000000c5400000, 0x00000000eab00000)
  object space 86016K, 22% used [0x00000000c0000000,0x00000000c12c09e0,0x00000000c5400000)
 Metaspace       used 20587K, capacity 21220K, committed 21248K, reserved 1069056K
  class space    used 2339K, capacity 2544K, committed 2560K, reserved 1048576K
Event: 3.656 GC heap after
Heap after GC invocations=6 (full 0):
 PSYoungGen      total 37888K, used 5104K [0x00000000eab00000, 0x00000000ed500000, 0x0000000100000000)
  eden space 32768K, 0% used [0x00000000eab00000,0x00000000eab00000,0x00000000ecb00000)
  from space 5120K, 99% used [0x00000000ed000000,0x00000000ed4fc020,0x00000000ed500000)
  to   space 5120K, 0% used [0x00000000ecb00000,0x00000000ecb00000,0x00000000ed000000)
 ParOldGen       total 86016K, used 24215K [0x00000000c0000000, 0x00000000c5400000, 0x00000000eab00000)
  object space 86016K, 28% used [0x00000000c0000000,0x00000000c17a5f60,0x00000000c5400000)
 Metaspace       used 20587K, capacity 21220K, committed 21248K, reserved 1069056K
  class space    used 2339K, capacity 2544K, committed 2560K, reserved 1048576K
}
Event: 3.656 GC heap before
{Heap before GC invocations=7 (full 1):
 PSYoungGen      total 37888K, used 5104K [0x00000000eab00000, 0x00000000ed500000, 0x0000000100000000)
  eden space 32768K, 0% used [0x00000000eab00000,0x00000000eab00000,0x00000000ecb00000)
  from space 5120K, 99% used [0x00000000ed000000,0x00000000ed4fc020,0x00000000ed500000)
  to   space 5120K, 0% used [0x00000000ecb00000,0x00000000ecb00000,0x00000000ed000000)
 ParOldGen       total 86016K, used 24215K [0x00000000c0000000, 0x00000000c5400000, 0x00000000eab00000)
  object space 86016K, 28% used [0x00000000c0000000,0x00000000c17a5f60,0x00000000c5400000)
 Metaspace       used 20587K, capacity 21220K, committed 21248K, reserved 1069056K
  class space    used 2339K, capacity 2544K, committed 2560K, reserved 1048576K
Event: 3.703 GC heap after
Heap after GC invocations=7 (full 1):
 PSYoungGen      total 37888K, used 0K [0x00000000eab00000, 0x00000000ed500000, 0x0000000100000000)
  eden space 32768K, 0% used [0x00000000eab00000,0x00000000eab00000,0x00000000ecb00000)
  from space 5120K, 0% used [0x00000000ed000000,0x00000000ed000000,0x00000000ed500000)
  to   space 5120K, 0% used [0x00000000ecb00000,0x00000000ecb00000,0x00000000ed000000)
 ParOldGen       total 67072K, used 15608K [0x00000000c0000000, 0x00000000c4180000, 0x00000000eab00000)
  object space 67072K, 23% used [0x00000000c0000000,0x00000000c0f3e140,0x00000000c4180000)
 Metaspace       used 20587K, capacity 21220K, committed 21248K, reserved 1069056K
  class space    used 2339K, capacity 2544K, committed 2560K, reserved 1048576K
}

Deoptimization events (10 events):
Event: 3.427 Thread 0x000001989b21d800 Uncommon trap: reason=class_check action=maybe_recompile pc=0x000001989d565904 method=java.util.regex.Matcher.search(I)Z @ 86
Event: 3.427 Thread 0x000001989b21d800 Uncommon trap: reason=class_check action=maybe_recompile pc=0x000001989d565904 method=java.util.regex.Matcher.search(I)Z @ 86
Event: 3.427 Thread 0x000001989b21d800 Uncommon trap: reason=class_check action=maybe_recompile pc=0x000001989d565904 method=java.util.regex.Matcher.search(I)Z @ 86
Event: 3.427 Thread 0x000001989b21d800 Uncommon trap: reason=class_check action=maybe_recompile pc=0x000001989d4ff7e4 method=java.util.regex.Pattern$Curly.match(Ljava/util/regex/Matcher;ILjava/lang/CharSequence;)Z @ 19
Event: 3.435 Thread 0x000001989b21d800 Uncommon trap: reason=class_check action=maybe_recompile pc=0x000001989d4ff7e4 method=java.util.regex.Pattern$Curly.match(Ljava/util/regex/Matcher;ILjava/lang/CharSequence;)Z @ 19
Event: 3.435 Thread 0x000001989b21d800 Uncommon trap: reason=class_check action=maybe_recompile pc=0x000001989d4ff7e4 method=java.util.regex.Pattern$Curly.match(Ljava/util/regex/Matcher;ILjava/lang/CharSequence;)Z @ 19
Event: 3.504 Thread 0x000001989b21d800 Uncommon trap: reason=null_check action=make_not_entrant pc=0x000001989d3da8f0 method=org.aspectj.weaver.World$TypeMap.get(Ljava/lang/String;)Lorg/aspectj/weaver/ResolvedType; @ 52
Event: 3.570 Thread 0x000001989b21d800 Uncommon trap: reason=unstable_if action=reinterpret pc=0x000001989d5edfa8 method=java.util.regex.Pattern$BmpCharProperty.match(Ljava/util/regex/Matcher;ILjava/lang/CharSequence;)Z @ 34
Event: 3.579 Thread 0x000001989b21d800 Uncommon trap: reason=class_check action=maybe_recompile pc=0x000001989cf4569c method=java.io.BufferedInputStream.read1([BII)I @ 39
Event: 3.588 Thread 0x000001989b21d800 Uncommon trap: reason=predicate action=maybe_recompile pc=0x000001989d7d5398 method=org.aspectj.weaver.TypeFactory.locateMatchingEndAngleBracket(Ljava/lang/CharSequence;I)I @ 25

Classes redefined (0 events):
No events

Internal exceptions (10 events):
Event: 0.796 Thread 0x000001989b21d800 Implicit null exception at 0x000001989ce4e755 to 0x000001989ce4e929
Event: 0.826 Thread 0x000001989b21d800 Exception <a 'java/io/FileNotFoundException'> (0x00000000ead5d4f8) thrown at [C:\jenkins\workspace\8-2-build-windows-amd64-cygwin\jdk8u321\2141\hotspot\src\share\vm\prims\jni.cpp, line 710]
Event: 1.275 Thread 0x000001989b21d800 Exception <a 'java/lang/NoSuchFieldError': method resolution failed> (0x00000000ec512400) thrown at [C:\jenkins\workspace\8-2-build-windows-amd64-cygwin\jdk8u321\2141\hotspot\src\share\vm\prims\methodHandles.cpp, line 1169]
Event: 1.277 Thread 0x000001989b21d800 Exception <a 'java/lang/NoSuchFieldError': method resolution failed> (0x00000000ec520c00) thrown at [C:\jenkins\workspace\8-2-build-windows-amd64-cygwin\jdk8u321\2141\hotspot\src\share\vm\prims\methodHandles.cpp, line 1169]
Event: 1.354 Thread 0x000001989b21d800 Implicit null exception at 0x000001989d173af2 to 0x000001989d17449d
Event: 3.152 Thread 0x00000198b128e800 Exception <a 'java/net/SocketTimeoutException': connect timed out> (0x00000000ec74e6c0) thrown at [C:\jenkins\workspace\8-2-build-windows-amd64-cygwin\jdk8u321\2141\hotspot\src\share\vm\prims\jni.cpp, line 737]
Event: 3.222 Thread 0x000001989b21d800 Exception <a 'java/lang/IncompatibleClassChangeError': Found class java.lang.Object, but interface was expected> (0x00000000eab156a0) thrown at [C:\jenkins\workspace\8-2-build-windows-amd64-cygwin\jdk8u321\2141\hotspot\src\share\vm\interpreter\linkResolve
Event: 3.225 Thread 0x000001989b21d800 Exception <a 'java/lang/NoSuchMethodError': java.lang.Object.lambda$or$2(Ljava/util/function/Predicate;Ljava/lang/Object;)Z> (0x00000000eab314f8) thrown at [C:\jenkins\workspace\8-2-build-windows-amd64-cygwin\jdk8u321\2141\hotspot\src\share\vm\interpreter
Event: 3.349 Thread 0x000001989b21d800 Exception <a 'java/lang/NoSuchMethodError': java.lang.Object.lambda$chars$0()Ljava/util/Spliterator$OfInt;> (0x00000000eb8d1390) thrown at [C:\jenkins\workspace\8-2-build-windows-amd64-cygwin\jdk8u321\2141\hotspot\src\share\vm\interpreter\linkResolver.cpp
Event: 3.504 Thread 0x000001989b21d800 Implicit null exception at 0x000001989d3d95ad to 0x000001989d3da8e5

Events (10 events):
Event: 3.707 loading class okhttp3/internal/http/CallServerInterceptor$CountingSink done
Event: 3.709 loading class okio/ForwardingSink
Event: 3.709 loading class okio/ForwardingSink done
Event: 3.710 loading class okhttp3/internal/http1/Http1Codec$FixedLengthSink
Event: 3.710 loading class okhttp3/internal/http1/Http1Codec$FixedLengthSink done
Event: 3.710 loading class okio/ForwardingTimeout
Event: 3.710 loading class okio/ForwardingTimeout done
Event: 3.712 loading class okio/AsyncTimeout$Watchdog
Event: 3.712 loading class okio/AsyncTimeout$Watchdog done
Event: 3.713 Thread 0x00000198b128d800 Thread added: 0x00000198b128d800


Dynamic libraries:
0x00007ff7e3fb0000 - 0x00007ff7e3ff7000 	C:\Program Files\Java\jdk1.8.0_321\bin\java.exe
0x00007fffc1090000 - 0x00007fffc1288000 	C:\WINDOWS\SYSTEM32\ntdll.dll
0x00007fffbf6c0000 - 0x00007fffbf77d000 	C:\WINDOWS\System32\KERNEL32.DLL
0x00007fffbea40000 - 0x00007fffbed0e000 	C:\WINDOWS\System32\KERNELBASE.dll
0x00000000557f0000 - 0x000000005589e000 	C:\WINDOWS\System32\SYSFER.DLL
0x00007fffc0e30000 - 0x00007fffc0ede000 	C:\WINDOWS\System32\ADVAPI32.dll
0x00007fffc0ee0000 - 0x00007fffc0f7e000 	C:\WINDOWS\System32\msvcrt.dll
0x00007fffc05c0000 - 0x00007fffc065c000 	C:\WINDOWS\System32\sechost.dll
0x00007fffbf530000 - 0x00007fffbf655000 	C:\WINDOWS\System32\RPCRT4.dll
0x00007fffc0280000 - 0x00007fffc0420000 	C:\WINDOWS\System32\USER32.dll
0x00007fffbed10000 - 0x00007fffbed32000 	C:\WINDOWS\System32\win32u.dll
0x00007fffbf0f0000 - 0x00007fffbf11a000 	C:\WINDOWS\System32\GDI32.dll
0x00007fffbe900000 - 0x00007fffbea0b000 	C:\WINDOWS\System32\gdi32full.dll
0x00007fffbedd0000 - 0x00007fffbee6d000 	C:\WINDOWS\System32\msvcp_win.dll
0x00007fffbe800000 - 0x00007fffbe900000 	C:\WINDOWS\System32\ucrtbase.dll
0x00007fffbd500000 - 0x00007fffbd79a000 	C:\WINDOWS\WinSxS\amd64_microsoft.windows.common-controls_6595b64144ccf1df_6.0.19041.1110_none_60b5254171f9507e\COMCTL32.dll
0x00007fffbf4a0000 - 0x00007fffbf4d0000 	C:\WINDOWS\System32\IMM32.DLL
0x00007fff86bb0000 - 0x00007fff86bc5000 	C:\Program Files\Java\jdk1.8.0_321\jre\bin\vcruntime140.dll
0x00007fff67460000 - 0x00007fff674fb000 	C:\Program Files\Java\jdk1.8.0_321\jre\bin\msvcp140.dll
0x0000000053740000 - 0x0000000053fa1000 	C:\Program Files\Java\jdk1.8.0_321\jre\bin\server\jvm.dll
0x00007fffbf120000 - 0x00007fffbf128000 	C:\WINDOWS\System32\PSAPI.DLL
0x00007fffa80d0000 - 0x00007fffa80d9000 	C:\WINDOWS\SYSTEM32\WSOCK32.dll
0x00007fffc0420000 - 0x00007fffc048b000 	C:\WINDOWS\System32\WS2_32.dll
0x00007fffbcd30000 - 0x00007fffbcd57000 	C:\WINDOWS\SYSTEM32\WINMM.dll
0x00007fffb2360000 - 0x00007fffb236a000 	C:\WINDOWS\SYSTEM32\VERSION.dll
0x00007fffbc5c0000 - 0x00007fffbc5d2000 	C:\WINDOWS\SYSTEM32\kernel.appcore.dll
0x00007fffb56f0000 - 0x00007fffb5700000 	C:\Program Files\Java\jdk1.8.0_321\jre\bin\verify.dll
0x00007fff86b80000 - 0x00007fff86bab000 	C:\Program Files\Java\jdk1.8.0_321\jre\bin\java.dll
0x00007fff9dac0000 - 0x00007fff9daf0000 	C:\Program Files\Java\jdk1.8.0_321\jre\bin\instrument.dll
0x00007fff86b60000 - 0x00007fff86b78000 	C:\Program Files\Java\jdk1.8.0_321\jre\bin\zip.dll
0x00007fffc06e0000 - 0x00007fffc0e23000 	C:\WINDOWS\System32\SHELL32.dll
0x00007fffbcd60000 - 0x00007fffbd4f5000 	C:\WINDOWS\SYSTEM32\windows.storage.dll
0x00007fffbfca0000 - 0x00007fffbfff4000 	C:\WINDOWS\System32\combase.dll
0x00007fffbe210000 - 0x00007fffbe240000 	C:\WINDOWS\SYSTEM32\Wldp.dll
0x00007fffc0f80000 - 0x00007fffc102d000 	C:\WINDOWS\System32\SHCORE.dll
0x00007fffc0220000 - 0x00007fffc0275000 	C:\WINDOWS\System32\shlwapi.dll
0x00007fffbe6f0000 - 0x00007fffbe70f000 	C:\WINDOWS\SYSTEM32\profapi.dll
0x00007fff9c430000 - 0x00007fff9c44a000 	C:\Program Files\JetBrains\IntelliJ IDEA Community Edition 2021.3.2\bin\breakgen64.dll
0x00007fff86940000 - 0x00007fff8695c000 	C:\Program Files\Java\jdk1.8.0_321\jre\bin\net.dll
0x00007fffbdf70000 - 0x00007fffbdfda000 	C:\WINDOWS\system32\mswsock.dll
0x00007fffbdc60000 - 0x00007fffbdd2a000 	C:\WINDOWS\SYSTEM32\DNSAPI.dll
0x00007fffbdc10000 - 0x00007fffbdc4b000 	C:\WINDOWS\SYSTEM32\IPHLPAPI.DLL
0x00007fffc01b0000 - 0x00007fffc01b8000 	C:\WINDOWS\System32\NSI.dll
0x00007fffaa2c0000 - 0x00007fffaa2ca000 	C:\Windows\System32\rasadhlp.dll
0x00007fffaad50000 - 0x00007fffaadd0000 	C:\WINDOWS\System32\fwpuclnt.dll
0x00007fffbea10000 - 0x00007fffbea37000 	C:\WINDOWS\System32\bcrypt.dll
0x00007fff9e3c0000 - 0x00007fff9e3e4000 	C:\Program Files\Java\jdk1.8.0_321\jre\bin\sunec.dll
0x00007fffb5be0000 - 0x00007fffb5bed000 	C:\Program Files\Java\jdk1.8.0_321\jre\bin\sunmscapi.dll
0x00007fffbef90000 - 0x00007fffbf0e6000 	C:\WINDOWS\System32\CRYPT32.dll
0x00007fffbe280000 - 0x00007fffbe2a7000 	C:\WINDOWS\SYSTEM32\ncrypt.dll
0x00000000557c0000 - 0x00000000557e5000 	C:\Program Files\Common Files\Crypto Pro\AppCompat\cpcrypt.dll
0x00007fffbe240000 - 0x00007fffbe27b000 	C:\WINDOWS\SYSTEM32\NTASN1.dll
0x00007fffb01f0000 - 0x00007fffb0207000 	C:\WINDOWS\SYSTEM32\dhcpcsvc6.DLL
0x00007fffb0a00000 - 0x00007fffb0a1d000 	C:\WINDOWS\SYSTEM32\dhcpcsvc.DLL
0x00007fff866c0000 - 0x00007fff866d3000 	C:\Program Files\Java\jdk1.8.0_321\jre\bin\nio.dll
0x00007fffbe160000 - 0x00007fffbe178000 	C:\WINDOWS\SYSTEM32\CRYPTSP.dll
0x00000000557a0000 - 0x00000000557b9000 	C:\Program Files\Common Files\Crypto Pro\AppCompat\cpadvai.dll
0x00007fffbd880000 - 0x00007fffbd8b4000 	C:\WINDOWS\system32\rsaenh.dll
0x00007fffbe6b0000 - 0x00007fffbe6de000 	C:\WINDOWS\SYSTEM32\USERENV.dll
0x00007fffbed40000 - 0x00007fffbedc2000 	C:\WINDOWS\System32\bcryptprimitives.dll
0x00007fffbe180000 - 0x00007fffbe18c000 	C:\WINDOWS\SYSTEM32\CRYPTBASE.dll
0x00007fffb9130000 - 0x00007fffb9314000 	C:\WINDOWS\SYSTEM32\dbghelp.dll

VM Arguments:
jvm_args: -ea -Dallure.results.directory=C:\Users\User\IdeaProjects\SeleniumScript\target/reports/allure-results -Xmx1024m -Dfile.encoding=UTF-8 -javaagent:C:\Users\User\.m2\repository/org/aspectj/aspectjweaver/1.9.5/aspectjweaver-1.9.5.jar -Didea.test.cyclic.buffer.size=1048576 -javaagent:C:\Program Files\JetBrains\IntelliJ IDEA Community Edition 2021.3.2\lib\idea_rt.jar=53477:C:\Program Files\JetBrains\IntelliJ IDEA Community Edition 2021.3.2\bin 
java_command: com.intellij.rt.junit.JUnitStarter -ideVersion5 -junit4 ru.ibs.test.FirstTest
java_class_path (initial): C:\Program Files\JetBrains\IntelliJ IDEA Community Edition 2021.3.2\lib\idea_rt.jar;C:\Program Files\JetBrains\IntelliJ IDEA Community Edition 2021.3.2\plugins\junit\lib\junit5-rt.jar;C:\Program Files\JetBrains\IntelliJ IDEA Community Edition 2021.3.2\plugins\junit\lib\junit-rt.jar;C:\Program Files\Java\jdk1.8.0_321\jre\lib\charsets.jar;C:\Program Files\Java\jdk1.8.0_321\jre\lib\deploy.jar;C:\Program Files\Java\jdk1.8.0_321\jre\lib\ext\access-bridge-64.jar;C:\Program Files\Java\jdk1.8.0_321\jre\lib\ext\cldrdata.jar;C:\Program Files\Java\jdk1.8.0_321\jre\lib\ext\dnsns.jar;C:\Program Files\Java\jdk1.8.0_321\jre\lib\ext\jaccess.jar;C:\Program Files\Java\jdk1.8.0_321\jre\lib\ext\jfxrt.jar;C:\Program Files\Java\jdk1.8.0_321\jre\lib\ext\localedata.jar;C:\Program Files\Java\jdk1.8.0_321\jre\lib\ext\nashorn.jar;C:\Program Files\Java\jdk1.8.0_321\jre\lib\ext\sunec.jar;C:\Program Files\Java\jdk1.8.0_321\jre\lib\ext\sunjce_provider.jar;C:\Program Files\Java\jdk1.8.0_321\jre\lib\ext\sunmscapi.jar;C:\Program Files\Java\jdk1.8.0_321\jre\lib\ext\sunpkcs11.jar;C:\Program Files\Java\jdk1.8.0_321\jre\lib\ext\zipfs.jar;C:\Program Files\Java\jdk1.8.0_321\jre\lib\javaws.jar;C:\Program Files\Java\jdk1.8.0_321\jre\lib\jce.jar;C:\Program Files\Java\jdk1.8.0_321\jre\lib\jfr.jar;C:\Program Files\Java\jdk1.8.0_321\jre\lib\jfxswt.jar;C:\Program Files\Java\jdk1.8.0_321\jre\lib\jsse.jar;C:\Program Files\Java\jdk1.8.0_321\jre\lib\management-agent.jar;C:\Program Files\Java\jdk1.8.0_321\jre\lib\plugin.jar;C:\Program Files\Java\jdk1.8.0_321\jre\lib\resources.jar;C:\Program Files\Java\jdk1.8.0_321\jre\lib\rt.jar;C:\Users\User\IdeaProjects\SeleniumScript\target\test-classes;C:\Users\User\IdeaProjects\SeleniumScript\target\classes;C:\Users\User\.m2\repository\org\seleniumhq\selenium\selenium-java\3.141.59\selenium-java-3.141.59.jar;C:\Users\User\.m2\repository\org\seleniumhq\selenium\selenium-api\3.141.59\selenium-api-3.141.59.jar;C:\Users\User\.m2\repository\org\seleniumhq
Launcher Type: SUN_STANDARD

Environment Variables:
JAVA_HOME=C:\Program Files\Java\jdk1.8.0_321\
PATH=C:\Program Files (x86)\Common Files\Oracle\Java\javapath;C:\WINDOWS\system32;C:\WINDOWS;C:\WINDOWS\System32\Wbem;C:\WINDOWS\System32\WindowsPowerShell\v1.0\;C:\WINDOWS\System32\OpenSSH\;C:\Program Files\Git\cmd;C:\Users\User\AppData\Local\Programs\Python\Python310\Scripts\;C:\Users\User\AppData\Local\Programs\Python\Python310\;C:\Users\User\AppData\Local\Microsoft\WindowsApps;C:\Program Files\Java\jdk1.8.0_321\\bin;;C:\Users\User\AppData\Local\Programs\Fiddler
USERNAME=User
OS=Windows_NT
PROCESSOR_IDENTIFIER=Intel64 Family 6 Model 142 Stepping 10, GenuineIntel



---------------  S Y S T E M  ---------------

OS: Windows 10 , 64 bit Build 19041 (10.0.19041.1889)

CPU:total 8 (initial active 8) (4 cores per cpu, 2 threads per core) family 6 model 142 stepping 10, cmov, cx8, fxsr, mmx, sse, sse2, sse3, ssse3, sse4.1, sse4.2, popcnt, avx, avx2, aes, clmul, erms, 3dnowpref, lzcnt, ht, tsc, tscinvbit, bmi1, bmi2, adx

Memory: 4k page, physical 8244456k(742844k free), swap 33410280k(3000k free)

vm_info: Java HotSpot(TM) 64-Bit Server VM (25.321-b07) for windows-amd64 JRE (1.8.0_321-b07), built on Dec 15 2021 11:19:20 by "java_re" with MS VC++ 15.9 (VS2017)

time: Fri Oct  7 16:28:58 2022
timezone: RTZ 2 (зима)
elapsed time: 3.988855 seconds (0d 0h 0m 3s)

