#
# There is insufficient memory for the Java Runtime Environment to continue.
# Native memory allocation (malloc) failed to allocate 859376 bytes for Chunk::new
# Possible reasons:
#   The system is out of physical RAM or swap space
#   The process is running with CompressedOops enabled, and the Java Heap may be blocking the growth of the native heap
# Possible solutions:
#   Reduce memory load on the system
#   Increase physical memory or swap space
#   Check if swap backing store is full
#   Decrease Java heap size (-Xmx/-Xms)
#   Decrease number of Java threads
#   Decrease Java thread stack sizes (-Xss)
#   Set larger code cache with -XX:ReservedCodeCacheSize=
#   JVM is running with Unscaled Compressed Oops mode in which the Java heap is
#     placed in the first 4GB address space. The Java Heap base address is the
#     maximum limit for the native heap growth. Please use -XX:HeapBaseMinAddress
#     to set the Java Heap base and to place the Java Heap above 4GB virtual address.
# This output file may be truncated or incomplete.
#
#  Out of Memory Error (allocation.cpp:389), pid=28824, tid=0x00000000000074dc
#
# JRE version: Java(TM) SE Runtime Environment (8.0_321-b07) (build 1.8.0_321-b07)
# Java VM: Java HotSpot(TM) 64-Bit Server VM (25.321-b07 mixed mode windows-amd64 compressed oops)
# Failed to write core dump. Minidumps are not enabled by default on client versions of Windows
#

---------------  T H R E A D  ---------------

Current thread (0x0000028d4db18000):  JavaThread "C2 CompilerThread1" daemon [_thread_in_native, id=29916, stack(0x000000dfafb00000,0x000000dfafc00000)]

Stack: [0x000000dfafb00000,0x000000dfafc00000]
Native frames: (J=compiled Java code, j=interpreted, Vv=VM code, C=native code)
V  [jvm.dll+0x32fc49]


Current CompileTask:
C2:   4209 2781 %     4       org.aspectj.util.GenericSignatureParser::tokenize @ 34 (822 bytes)


---------------  P R O C E S S  ---------------

Java Threads: ( => current thread )
  0x0000028d52625000 JavaThread "Okio Watchdog" daemon [_thread_blocked, id=3592, stack(0x000000dfb0800000,0x000000dfb0900000)]
  0x0000028d520f0800 JavaThread "OkHttp ConnectionPool" daemon [_thread_blocked, id=4796, stack(0x000000dfb0700000,0x000000dfb0800000)]
  0x0000028d521bb000 JavaThread "Keep-Alive-Timer" daemon [_thread_blocked, id=29304, stack(0x000000dfb0600000,0x000000dfb0700000)]
  0x0000028d50fee000 JavaThread "Exec Stream Pumper" daemon [_thread_in_native, id=16432, stack(0x000000dfb0500000,0x000000dfb0600000)]
  0x0000028d5130d000 JavaThread "Exec Stream Pumper" daemon [_thread_in_native, id=7436, stack(0x000000dfb0400000,0x000000dfb0500000)]
  0x0000028d4f0da000 JavaThread "UrlChecker-2" daemon [_thread_blocked, id=2004, stack(0x000000dfb0200000,0x000000dfb0300000)]
  0x0000028d52405800 JavaThread "Exec Default Executor" daemon [_thread_in_native, id=12104, stack(0x000000dfb0100000,0x000000dfb0200000)]
  0x0000028d4ee77800 JavaThread "surefire-forkedjvm-command-thread" daemon [_thread_in_native, id=3204, stack(0x000000dfb0000000,0x000000dfb0100000)]
  0x0000028d4db2f800 JavaThread "Service Thread" daemon [_thread_blocked, id=18540, stack(0x000000dfafe00000,0x000000dfaff00000)]
  0x0000028d4daec000 JavaThread "C1 CompilerThread3" daemon [_thread_blocked, id=28096, stack(0x000000dfafd00000,0x000000dfafe00000)]
  0x0000028d4dadb000 JavaThread "C2 CompilerThread2" daemon [_thread_in_native, id=24732, stack(0x000000dfafc00000,0x000000dfafd00000)]
=>0x0000028d4db18000 JavaThread "C2 CompilerThread1" daemon [_thread_in_native, id=29916, stack(0x000000dfafb00000,0x000000dfafc00000)]
  0x0000028d4daba000 JavaThread "C2 CompilerThread0" daemon [_thread_in_native, id=11276, stack(0x000000dfafa00000,0x000000dfafb00000)]
  0x0000028d4ba3b000 JavaThread "Attach Listener" daemon [_thread_blocked, id=18820, stack(0x000000dfaf900000,0x000000dfafa00000)]
  0x0000028d4ba3a000 JavaThread "Signal Dispatcher" daemon [_thread_blocked, id=5584, stack(0x000000dfaf800000,0x000000dfaf900000)]
  0x0000028d4ba11000 JavaThread "Finalizer" daemon [_thread_blocked, id=24008, stack(0x000000dfaf700000,0x000000dfaf800000)]
  0x0000028d4ba04800 JavaThread "Reference Handler" daemon [_thread_blocked, id=25352, stack(0x000000dfaf600000,0x000000dfaf700000)]
  0x0000028d37d0c800 JavaThread "Forwarding newSession on session null to remote" [_thread_in_native, id=6876, stack(0x000000dfaec00000,0x000000dfaed00000)]

Other Threads:
  0x0000028d4b9d9000 VMThread [stack: 0x000000dfaf500000,0x000000dfaf600000] [id=30476]
  0x0000028d4dbf1800 WatcherThread [stack: 0x000000dfaff00000,0x000000dfb0000000] [id=16364]

VM state:not at safepoint (normal execution)

VM Mutex/Monitor currently owned by a thread: None

heap address: 0x00000000c0000000, size: 1024 MB, Compressed Oops mode: 32-bit
Narrow klass base: 0x0000000000000000, Narrow klass shift: 3
Compressed class space size: 1073741824 Address: 0x0000000100000000

Heap:
 PSYoungGen      total 150528K, used 76788K [0x00000000eab00000, 0x00000000f5200000, 0x0000000100000000)
  eden space 131072K, 58% used [0x00000000eab00000,0x00000000ef5fd3d8,0x00000000f2b00000)
  from space 19456K, 0% used [0x00000000f3f00000,0x00000000f3f00000,0x00000000f5200000)
  to   space 19968K, 0% used [0x00000000f2b00000,0x00000000f2b00000,0x00000000f3e80000)
 ParOldGen       total 86528K, used 21545K [0x00000000c0000000, 0x00000000c5480000, 0x00000000eab00000)
  object space 86528K, 24% used [0x00000000c0000000,0x00000000c150a488,0x00000000c5480000)
 Metaspace       used 24286K, capacity 25000K, committed 25344K, reserved 1071104K
  class space    used 2779K, capacity 2970K, committed 3072K, reserved 1048576K

Card table byte_map: [0x0000028d48a20000,0x0000028d48c30000] byte_map_base: 0x0000028d48420000

Marking Bits: (ParMarkBitMap*) 0x0000000053f29030
 Begin Bits: [0x0000028d48d90000, 0x0000028d49d90000)
 End Bits:   [0x0000028d49d90000, 0x0000028d4ad90000)

Polling page: 0x0000028d39630000

CodeCache: size=245760Kb used=12489Kb max_used=12489Kb free=233270Kb
 bounds [0x0000028d39660000, 0x0000028d3a2a0000, 0x0000028d48660000]
 total_blobs=3207 nmethods=2769 adapters=349
 compilation: enabled

Compilation events (10 events):
Event: 4.161 Thread 0x0000028d4daec000 2808       3       org.aspectj.util.PartialOrder$SortObject::<init> (32 bytes)
Event: 4.161 Thread 0x0000028d4daec000 nmethod 2808 0x0000028d3a292a90 code [0x0000028d3a292c40, 0x0000028d3a293298]
Event: 4.161 Thread 0x0000028d4daec000 2809       3       java.util.LinkedList$ListItr::remove (84 bytes)
Event: 4.162 Thread 0x0000028d4daec000 nmethod 2809 0x0000028d3a293650 code [0x0000028d3a293800, 0x0000028d3a293d50]
Event: 4.162 Thread 0x0000028d4daec000 2810       3       java.util.LinkedList::add (7 bytes)
Event: 4.162 Thread 0x0000028d4daec000 nmethod 2810 0x0000028d3a289450 code [0x0000028d3a2895c0, 0x0000028d3a2897d0]
Event: 4.172 Thread 0x0000028d4daec000 2811       3       org.aspectj.util.PartialOrder::addNewPartialComparable (54 bytes)
Event: 4.172 Thread 0x0000028d4daec000 nmethod 2811 0x0000028d3a293f50 code [0x0000028d3a294180, 0x0000028d3a294d50]
Event: 4.172 Thread 0x0000028d4daec000 2812       3       org.aspectj.util.PartialOrder::removeFromGraph (47 bytes)
Event: 4.173 Thread 0x0000028d4daec000 nmethod 2812 0x0000028d3a295450 code [0x0000028d3a295640, 0x0000028d3a295f00]

GC Heap History (10 events):
Event: 1.204 GC heap before
{Heap before GC invocations=3 (full 0):
 PSYoungGen      total 37888K, used 37887K [0x00000000eab00000, 0x00000000ef500000, 0x0000000100000000)
  eden space 32768K, 100% used [0x00000000eab00000,0x00000000ecb00000,0x00000000ecb00000)
  from space 5120K, 99% used [0x00000000ed000000,0x00000000ed4ffc98,0x00000000ed500000)
  to   space 5120K, 0% used [0x00000000ecb00000,0x00000000ecb00000,0x00000000ed000000)
 ParOldGen       total 86016K, used 6869K [0x00000000c0000000, 0x00000000c5400000, 0x00000000eab00000)
  object space 86016K, 7% used [0x00000000c0000000,0x00000000c06b55a8,0x00000000c5400000)
 Metaspace       used 12910K, capacity 13026K, committed 13184K, reserved 1060864K
  class space    used 1284K, capacity 1333K, committed 1408K, reserved 1048576K
Event: 1.213 GC heap after
Heap after GC invocations=3 (full 0):
 PSYoungGen      total 37888K, used 5104K [0x00000000eab00000, 0x00000000ef500000, 0x0000000100000000)
  eden space 32768K, 0% used [0x00000000eab00000,0x00000000eab00000,0x00000000ecb00000)
  from space 5120K, 99% used [0x00000000ecb00000,0x00000000ecffc070,0x00000000ed000000)
  to   space 5120K, 0% used [0x00000000ef000000,0x00000000ef000000,0x00000000ef500000)
 ParOldGen       total 86016K, used 12730K [0x00000000c0000000, 0x00000000c5400000, 0x00000000eab00000)
  object space 86016K, 14% used [0x00000000c0000000,0x00000000c0c6e858,0x00000000c5400000)
 Metaspace       used 12910K, capacity 13026K, committed 13184K, reserved 1060864K
  class space    used 1284K, capacity 1333K, committed 1408K, reserved 1048576K
}
Event: 1.456 GC heap before
{Heap before GC invocations=4 (full 0):
 PSYoungGen      total 37888K, used 37872K [0x00000000eab00000, 0x00000000ef500000, 0x0000000100000000)
  eden space 32768K, 100% used [0x00000000eab00000,0x00000000ecb00000,0x00000000ecb00000)
  from space 5120K, 99% used [0x00000000ecb00000,0x00000000ecffc070,0x00000000ed000000)
  to   space 5120K, 0% used [0x00000000ef000000,0x00000000ef000000,0x00000000ef500000)
 ParOldGen       total 86016K, used 12730K [0x00000000c0000000, 0x00000000c5400000, 0x00000000eab00000)
  object space 86016K, 14% used [0x00000000c0000000,0x00000000c0c6e858,0x00000000c5400000)
 Metaspace       used 14226K, capacity 14306K, committed 14592K, reserved 1062912K
  class space    used 1425K, capacity 1461K, committed 1536K, reserved 1048576K
Event: 1.463 GC heap after
Heap after GC invocations=4 (full 0):
 PSYoungGen      total 70656K, used 5107K [0x00000000eab00000, 0x00000000ef500000, 0x0000000100000000)
  eden space 65536K, 0% used [0x00000000eab00000,0x00000000eab00000,0x00000000eeb00000)
  from space 5120K, 99% used [0x00000000ef000000,0x00000000ef4fcff8,0x00000000ef500000)
  to   space 5120K, 0% used [0x00000000eeb00000,0x00000000eeb00000,0x00000000ef000000)
 ParOldGen       total 86016K, used 16001K [0x00000000c0000000, 0x00000000c5400000, 0x00000000eab00000)
  object space 86016K, 18% used [0x00000000c0000000,0x00000000c0fa0798,0x00000000c5400000)
 Metaspace       used 14226K, capacity 14306K, committed 14592K, reserved 1062912K
  class space    used 1425K, capacity 1461K, committed 1536K, reserved 1048576K
}
Event: 2.473 GC heap before
{Heap before GC invocations=5 (full 0):
 PSYoungGen      total 70656K, used 70643K [0x00000000eab00000, 0x00000000ef500000, 0x0000000100000000)
  eden space 65536K, 100% used [0x00000000eab00000,0x00000000eeb00000,0x00000000eeb00000)
  from space 5120K, 99% used [0x00000000ef000000,0x00000000ef4fcff8,0x00000000ef500000)
  to   space 5120K, 0% used [0x00000000eeb00000,0x00000000eeb00000,0x00000000ef000000)
 ParOldGen       total 86016K, used 16001K [0x00000000c0000000, 0x00000000c5400000, 0x00000000eab00000)
  object space 86016K, 18% used [0x00000000c0000000,0x00000000c0fa0798,0x00000000c5400000)
 Metaspace       used 18826K, capacity 19084K, committed 19328K, reserved 1067008K
  class space    used 2043K, capacity 2138K, committed 2176K, reserved 1048576K
Event: 2.493 GC heap after
Heap after GC invocations=5 (full 0):
 PSYoungGen      total 70656K, used 5088K [0x00000000eab00000, 0x00000000f5300000, 0x0000000100000000)
  eden space 65536K, 0% used [0x00000000eab00000,0x00000000eab00000,0x00000000eeb00000)
  from space 5120K, 99% used [0x00000000eeb00000,0x00000000eeff8080,0x00000000ef000000)
  to   space 20480K, 0% used [0x00000000f3f00000,0x00000000f3f00000,0x00000000f5300000)
 ParOldGen       total 86016K, used 31966K [0x00000000c0000000, 0x00000000c5400000, 0x00000000eab00000)
  object space 86016K, 37% used [0x00000000c0000000,0x00000000c1f37958,0x00000000c5400000)
 Metaspace       used 18826K, capacity 19084K, committed 19328K, reserved 1067008K
  class space    used 2043K, capacity 2138K, committed 2176K, reserved 1048576K
}
Event: 2.937 GC heap before
{Heap before GC invocations=6 (full 0):
 PSYoungGen      total 70656K, used 18149K [0x00000000eab00000, 0x00000000f5300000, 0x0000000100000000)
  eden space 65536K, 19% used [0x00000000eab00000,0x00000000eb7c15f8,0x00000000eeb00000)
  from space 5120K, 99% used [0x00000000eeb00000,0x00000000eeff8080,0x00000000ef000000)
  to   space 20480K, 0% used [0x00000000f3f00000,0x00000000f3f00000,0x00000000f5300000)
 ParOldGen       total 86016K, used 31966K [0x00000000c0000000, 0x00000000c5400000, 0x00000000eab00000)
  object space 86016K, 37% used [0x00000000c0000000,0x00000000c1f37958,0x00000000c5400000)
 Metaspace       used 20765K, capacity 21098K, committed 21296K, reserved 1069056K
  class space    used 2250K, capacity 2375K, committed 2432K, reserved 1048576K
Event: 2.946 GC heap after
Heap after GC invocations=6 (full 0):
 PSYoungGen      total 150528K, used 7605K [0x00000000eab00000, 0x00000000f5200000, 0x0000000100000000)
  eden space 131072K, 0% used [0x00000000eab00000,0x00000000eab00000,0x00000000f2b00000)
  from space 19456K, 39% used [0x00000000f3f00000,0x00000000f466d668,0x00000000f5200000)
  to   space 19968K, 0% used [0x00000000f2b00000,0x00000000f2b00000,0x00000000f3e80000)
 ParOldGen       total 86016K, used 31974K [0x00000000c0000000, 0x00000000c5400000, 0x00000000eab00000)
  object space 86016K, 37% used [0x00000000c0000000,0x00000000c1f39958,0x00000000c5400000)
 Metaspace       used 20765K, capacity 21098K, committed 21296K, reserved 1069056K
  class space    used 2250K, capacity 2375K, committed 2432K, reserved 1048576K
}
Event: 2.946 GC heap before
{Heap before GC invocations=7 (full 1):
 PSYoungGen      total 150528K, used 7605K [0x00000000eab00000, 0x00000000f5200000, 0x0000000100000000)
  eden space 131072K, 0% used [0x00000000eab00000,0x00000000eab00000,0x00000000f2b00000)
  from space 19456K, 39% used [0x00000000f3f00000,0x00000000f466d668,0x00000000f5200000)
  to   space 19968K, 0% used [0x00000000f2b00000,0x00000000f2b00000,0x00000000f3e80000)
 ParOldGen       total 86016K, used 31974K [0x00000000c0000000, 0x00000000c5400000, 0x00000000eab00000)
  object space 86016K, 37% used [0x00000000c0000000,0x00000000c1f39958,0x00000000c5400000)
 Metaspace       used 20765K, capacity 21098K, committed 21296K, reserved 1069056K
  class space    used 2250K, capacity 2375K, committed 2432K, reserved 1048576K
Event: 3.007 GC heap after
Heap after GC invocations=7 (full 1):
 PSYoungGen      total 150528K, used 0K [0x00000000eab00000, 0x00000000f5200000, 0x0000000100000000)
  eden space 131072K, 0% used [0x00000000eab00000,0x00000000eab00000,0x00000000f2b00000)
  from space 19456K, 0% used [0x00000000f3f00000,0x00000000f3f00000,0x00000000f5200000)
  to   space 19968K, 0% used [0x00000000f2b00000,0x00000000f2b00000,0x00000000f3e80000)
 ParOldGen       total 86528K, used 21545K [0x00000000c0000000, 0x00000000c5480000, 0x00000000eab00000)
  object space 86528K, 24% used [0x00000000c0000000,0x00000000c150a488,0x00000000c5480000)
 Metaspace       used 20765K, capacity 21098K, committed 21296K, reserved 1069056K
  class space    used 2250K, capacity 2375K, committed 2432K, reserved 1048576K
}

Deoptimization events (10 events):
Event: 3.108 Thread 0x0000028d37d0c800 Uncommon trap: reason=bimorphic action=maybe_recompile pc=0x0000028d3a0ba39c method=java.util.regex.Pattern$BmpCharProperty.match(Ljava/util/regex/Matcher;ILjava/lang/CharSequence;)Z @ 16
Event: 3.129 Thread 0x0000028d37d0c800 Uncommon trap: reason=unstable_if action=reinterpret pc=0x0000028d397f78b0 method=java.lang.String.replace(CC)Ljava/lang/String; @ 2
Event: 3.132 Thread 0x0000028d37d0c800 Uncommon trap: reason=class_check action=maybe_recompile pc=0x0000028d3a004ca0 method=java.net.URL.getURLStreamHandler(Ljava/lang/String;)Ljava/net/URLStreamHandler; @ 7
Event: 3.831 Thread 0x0000028d37d0c800 Uncommon trap: reason=unloaded action=reinterpret pc=0x0000028d39f90d54 method=org.aspectj.apache.bcel.classfile.Attribute.readAttribute(Ljava/io/DataInputStream;Lorg/aspectj/apache/bcel/classfile/ConstantPool;)Lorg/aspectj/apache/bcel/classfile/Attribute
Event: 3.958 Thread 0x0000028d37d0c800 Uncommon trap: reason=class_check action=maybe_recompile pc=0x0000028d3a0cb614 method=java.util.regex.Matcher.search(I)Z @ 86
Event: 3.958 Thread 0x0000028d37d0c800 Uncommon trap: reason=class_check action=maybe_recompile pc=0x0000028d3a0cb614 method=java.util.regex.Matcher.search(I)Z @ 86
Event: 3.958 Thread 0x0000028d37d0c800 Uncommon trap: reason=class_check action=maybe_recompile pc=0x0000028d3a0cb614 method=java.util.regex.Matcher.search(I)Z @ 86
Event: 3.958 Thread 0x0000028d37d0c800 Uncommon trap: reason=class_check action=maybe_recompile pc=0x0000028d3a0cb614 method=java.util.regex.Matcher.search(I)Z @ 86
Event: 4.097 Thread 0x0000028d37d0c800 Uncommon trap: reason=unstable_if action=reinterpret pc=0x0000028d3a170468 method=java.util.regex.Pattern$BmpCharProperty.match(Ljava/util/regex/Matcher;ILjava/lang/CharSequence;)Z @ 34
Event: 4.104 Thread 0x0000028d37d0c800 Uncommon trap: reason=class_check action=maybe_recompile pc=0x0000028d39ac8bfc method=java.io.BufferedInputStream.read1([BII)I @ 39

Classes redefined (0 events):
No events

Internal exceptions (10 events):
Event: 2.109 Thread 0x0000028d37d0c800 Exception <a 'java/lang/NoSuchFieldError': method resolution failed> (0x00000000ec7e62d8) thrown at [C:\jenkins\workspace\8-2-build-windows-amd64-cygwin\jdk8u321\2141\hotspot\src\share\vm\prims\methodHandles.cpp, line 1169]
Event: 2.110 Thread 0x0000028d37d0c800 Exception <a 'java/lang/NoSuchFieldError': method resolution failed> (0x00000000ec7f4238) thrown at [C:\jenkins\workspace\8-2-build-windows-amd64-cygwin\jdk8u321\2141\hotspot\src\share\vm\prims\methodHandles.cpp, line 1169]
Event: 2.182 Thread 0x0000028d37d0c800 Exception <a 'java/lang/IncompatibleClassChangeError': Found class java.lang.Object, but interface was expected> (0x00000000ecc4f9e8) thrown at [C:\jenkins\workspace\8-2-build-windows-amd64-cygwin\jdk8u321\2141\hotspot\src\share\vm\interpreter\linkResolve
Event: 2.183 Thread 0x0000028d37d0c800 Exception <a 'java/lang/IncompatibleClassChangeError': Found class java.lang.Object, but interface was expected> (0x00000000ecc5bdf0) thrown at [C:\jenkins\workspace\8-2-build-windows-amd64-cygwin\jdk8u321\2141\hotspot\src\share\vm\interpreter\linkResolve
Event: 2.185 Thread 0x0000028d37d0c800 Exception <a 'java/lang/IncompatibleClassChangeError': Found class java.lang.Object, but interface was expected> (0x00000000ecc67cf0) thrown at [C:\jenkins\workspace\8-2-build-windows-amd64-cygwin\jdk8u321\2141\hotspot\src\share\vm\interpreter\linkResolve
Event: 2.186 Thread 0x0000028d37d0c800 Exception <a 'java/lang/IncompatibleClassChangeError': Found class java.lang.Object, but interface was expected> (0x00000000ecc6b560) thrown at [C:\jenkins\workspace\8-2-build-windows-amd64-cygwin\jdk8u321\2141\hotspot\src\share\vm\interpreter\linkResolve
Event: 3.650 Thread 0x0000028d4f0da000 Exception <a 'java/net/SocketTimeoutException': connect timed out> (0x00000000ebbd9b30) thrown at [C:\jenkins\workspace\8-2-build-windows-amd64-cygwin\jdk8u321\2141\hotspot\src\share\vm\prims\jni.cpp, line 737]
Event: 3.709 Thread 0x0000028d37d0c800 Exception <a 'java/lang/IncompatibleClassChangeError': Found class java.lang.Object, but interface was expected> (0x00000000ec4a53f8) thrown at [C:\jenkins\workspace\8-2-build-windows-amd64-cygwin\jdk8u321\2141\hotspot\src\share\vm\interpreter\linkResolve
Event: 3.711 Thread 0x0000028d37d0c800 Exception <a 'java/lang/NoSuchMethodError': java.lang.Object.lambda$or$2(Ljava/util/function/Predicate;Ljava/lang/Object;)Z> (0x00000000ec4b1770) thrown at [C:\jenkins\workspace\8-2-build-windows-amd64-cygwin\jdk8u321\2141\hotspot\src\share\vm\interpreter
Event: 3.845 Thread 0x0000028d37d0c800 Exception <a 'java/lang/NoSuchMethodError': java.lang.Object.lambda$chars$0()Ljava/util/Spliterator$OfInt;> (0x00000000ed11c4b0) thrown at [C:\jenkins\workspace\8-2-build-windows-amd64-cygwin\jdk8u321\2141\hotspot\src\share\vm\interpreter\linkResolver.cpp

Events (10 events):
Event: 4.169 loading class okhttp3/internal/http/CallServerInterceptor$CountingSink done
Event: 4.170 loading class okio/ForwardingSink
Event: 4.170 loading class okio/ForwardingSink done
Event: 4.171 loading class okhttp3/internal/http1/Http1Codec$FixedLengthSink
Event: 4.171 loading class okhttp3/internal/http1/Http1Codec$FixedLengthSink done
Event: 4.172 loading class okio/ForwardingTimeout
Event: 4.172 loading class okio/ForwardingTimeout done
Event: 4.174 loading class okio/AsyncTimeout$Watchdog
Event: 4.174 loading class okio/AsyncTimeout$Watchdog done
Event: 4.176 Thread 0x0000028d52625000 Thread added: 0x0000028d52625000


Dynamic libraries:
0x00007ff7035f0000 - 0x00007ff703637000 	C:\Program Files\Java\jdk1.8.0_321\jre\bin\java.exe
0x00007fffc1090000 - 0x00007fffc1288000 	C:\WINDOWS\SYSTEM32\ntdll.dll
0x00007fffbf6c0000 - 0x00007fffbf77d000 	C:\WINDOWS\System32\KERNEL32.DLL
0x00007fffbea40000 - 0x00007fffbed0e000 	C:\WINDOWS\System32\KERNELBASE.dll
0x00000000557f0000 - 0x000000005589e000 	C:\WINDOWS\System32\SYSFER.DLL
0x00007fffc0e30000 - 0x00007fffc0ede000 	C:\WINDOWS\System32\ADVAPI32.dll
0x00007fffc0ee0000 - 0x00007fffc0f7e000 	C:\WINDOWS\System32\msvcrt.dll
0x00007fffc05c0000 - 0x00007fffc065c000 	C:\WINDOWS\System32\sechost.dll
0x00007fffbf530000 - 0x00007fffbf655000 	C:\WINDOWS\System32\RPCRT4.dll
0x00007fffc0280000 - 0x00007fffc0420000 	C:\WINDOWS\System32\USER32.dll
0x00007fffbed10000 - 0x00007fffbed32000 	C:\WINDOWS\System32\win32u.dll
0x00007fffbf0f0000 - 0x00007fffbf11a000 	C:\WINDOWS\System32\GDI32.dll
0x00007fffbe900000 - 0x00007fffbea0b000 	C:\WINDOWS\System32\gdi32full.dll
0x00007fffbedd0000 - 0x00007fffbee6d000 	C:\WINDOWS\System32\msvcp_win.dll
0x00007fffbe800000 - 0x00007fffbe900000 	C:\WINDOWS\System32\ucrtbase.dll
0x00007fffbd500000 - 0x00007fffbd79a000 	C:\WINDOWS\WinSxS\amd64_microsoft.windows.common-controls_6595b64144ccf1df_6.0.19041.1110_none_60b5254171f9507e\COMCTL32.dll
0x00007fffbf4a0000 - 0x00007fffbf4d0000 	C:\WINDOWS\System32\IMM32.DLL
0x00007fff86bb0000 - 0x00007fff86bc5000 	C:\Program Files\Java\jdk1.8.0_321\jre\bin\vcruntime140.dll
0x00007fff67460000 - 0x00007fff674fb000 	C:\Program Files\Java\jdk1.8.0_321\jre\bin\msvcp140.dll
0x0000000053740000 - 0x0000000053fa1000 	C:\Program Files\Java\jdk1.8.0_321\jre\bin\server\jvm.dll
0x00007fffbf120000 - 0x00007fffbf128000 	C:\WINDOWS\System32\PSAPI.DLL
0x00007fffa80d0000 - 0x00007fffa80d9000 	C:\WINDOWS\SYSTEM32\WSOCK32.dll
0x00007fffc0420000 - 0x00007fffc048b000 	C:\WINDOWS\System32\WS2_32.dll
0x00007fffbcd30000 - 0x00007fffbcd57000 	C:\WINDOWS\SYSTEM32\WINMM.dll
0x00007fffb2360000 - 0x00007fffb236a000 	C:\WINDOWS\SYSTEM32\VERSION.dll
0x00007fffbc5c0000 - 0x00007fffbc5d2000 	C:\WINDOWS\SYSTEM32\kernel.appcore.dll
0x00007fffb56f0000 - 0x00007fffb5700000 	C:\Program Files\Java\jdk1.8.0_321\jre\bin\verify.dll
0x00007fff86b80000 - 0x00007fff86bab000 	C:\Program Files\Java\jdk1.8.0_321\jre\bin\java.dll
0x00007fffa0750000 - 0x00007fffa0780000 	C:\Program Files\Java\jdk1.8.0_321\jre\bin\instrument.dll
0x00007fff86b60000 - 0x00007fff86b78000 	C:\Program Files\Java\jdk1.8.0_321\jre\bin\zip.dll
0x00007fffc06e0000 - 0x00007fffc0e23000 	C:\WINDOWS\System32\SHELL32.dll
0x00007fffbcd60000 - 0x00007fffbd4f5000 	C:\WINDOWS\SYSTEM32\windows.storage.dll
0x00007fffbfca0000 - 0x00007fffbfff4000 	C:\WINDOWS\System32\combase.dll
0x00007fffbe210000 - 0x00007fffbe240000 	C:\WINDOWS\SYSTEM32\Wldp.dll
0x00007fffc0f80000 - 0x00007fffc102d000 	C:\WINDOWS\System32\SHCORE.dll
0x00007fffc0220000 - 0x00007fffc0275000 	C:\WINDOWS\System32\shlwapi.dll
0x00007fffbe6f0000 - 0x00007fffbe70f000 	C:\WINDOWS\SYSTEM32\profapi.dll
0x00007fffb5610000 - 0x00007fffb561d000 	C:\Program Files\Java\jdk1.8.0_321\jre\bin\management.dll
0x00007fffbe160000 - 0x00007fffbe178000 	C:\WINDOWS\SYSTEM32\CRYPTSP.dll
0x00000000557a0000 - 0x00000000557b9000 	C:\Program Files\Common Files\Crypto Pro\AppCompat\cpadvai.dll
0x00007fffbd880000 - 0x00007fffbd8b4000 	C:\WINDOWS\system32\rsaenh.dll
0x00007fffbea10000 - 0x00007fffbea37000 	C:\WINDOWS\System32\bcrypt.dll
0x00007fffbe6b0000 - 0x00007fffbe6de000 	C:\WINDOWS\SYSTEM32\USERENV.dll
0x00007fffbed40000 - 0x00007fffbedc2000 	C:\WINDOWS\System32\bcryptprimitives.dll
0x00007fffbe180000 - 0x00007fffbe18c000 	C:\WINDOWS\SYSTEM32\CRYPTBASE.dll
0x00007fff86940000 - 0x00007fff8695c000 	C:\Program Files\Java\jdk1.8.0_321\jre\bin\net.dll
0x00007fffbdf70000 - 0x00007fffbdfda000 	C:\WINDOWS\system32\mswsock.dll
0x00007fffbdc10000 - 0x00007fffbdc4b000 	C:\WINDOWS\SYSTEM32\IPHLPAPI.DLL
0x00007fffc01b0000 - 0x00007fffc01b8000 	C:\WINDOWS\System32\NSI.dll
0x00007fffb01f0000 - 0x00007fffb0207000 	C:\WINDOWS\SYSTEM32\dhcpcsvc6.DLL
0x00007fffb0a00000 - 0x00007fffb0a1d000 	C:\WINDOWS\SYSTEM32\dhcpcsvc.DLL
0x00007fffbdc60000 - 0x00007fffbdd2a000 	C:\WINDOWS\SYSTEM32\DNSAPI.dll
0x00007fff866c0000 - 0x00007fff866d3000 	C:\Program Files\Java\jdk1.8.0_321\jre\bin\nio.dll
0x00007fffb1590000 - 0x00007fffb15a7000 	C:\WINDOWS\system32\napinsp.dll
0x00007fffb1570000 - 0x00007fffb158b000 	C:\WINDOWS\system32\pnrpnsp.dll
0x00007fffb5bc0000 - 0x00007fffb5bd5000 	C:\WINDOWS\system32\wshbth.dll
0x00007fffb6760000 - 0x00007fffb677d000 	C:\WINDOWS\system32\NLAapi.dll
0x00007fffb1550000 - 0x00007fffb1562000 	C:\WINDOWS\System32\winrnr.dll
0x00007fffaa2c0000 - 0x00007fffaa2ca000 	C:\Windows\System32\rasadhlp.dll
0x00007fffaad50000 - 0x00007fffaadd0000 	C:\WINDOWS\System32\fwpuclnt.dll
0x00007fff9e3c0000 - 0x00007fff9e3e4000 	C:\Program Files\Java\jdk1.8.0_321\jre\bin\sunec.dll
0x00007fffb5be0000 - 0x00007fffb5bed000 	C:\Program Files\Java\jdk1.8.0_321\jre\bin\sunmscapi.dll
0x00007fffbef90000 - 0x00007fffbf0e6000 	C:\WINDOWS\System32\CRYPT32.dll
0x00007fffbe280000 - 0x00007fffbe2a7000 	C:\WINDOWS\SYSTEM32\ncrypt.dll
0x00000000557c0000 - 0x00000000557e5000 	C:\Program Files\Common Files\Crypto Pro\AppCompat\cpcrypt.dll
0x00007fffbe240000 - 0x00007fffbe27b000 	C:\WINDOWS\SYSTEM32\NTASN1.dll

VM Arguments:
jvm_args: -Xmx1024m -Dfile.encoding=UTF-8 -javaagent:C:\Users\User\.m2\repository/org/aspectj/aspectjweaver/1.9.5/aspectjweaver-1.9.5.jar 
java_command: C:\Users\User\AppData\Local\Temp\surefire3053218457609067551\surefirebooter4088112552653519532.jar C:\Users\User\AppData\Local\Temp\surefire3053218457609067551 2022-10-07T16-20-16_156-jvmRun1 surefire8718252473217820905tmp surefire_017033300396553987tmp
java_class_path (initial): C:\Users\User\AppData\Local\Temp\surefire3053218457609067551\surefirebooter4088112552653519532.jar;C:\Users\User\.m2\repository/org/aspectj/aspectjweaver/1.9.5/aspectjweaver-1.9.5.jar
Launcher Type: SUN_STANDARD

Environment Variables:
JAVA_HOME=C:\Program Files\Java\jdk1.8.0_321\
PATH=C:\Program Files (x86)\Common Files\Oracle\Java\javapath;C:\WINDOWS\system32;C:\WINDOWS;C:\WINDOWS\System32\Wbem;C:\WINDOWS\System32\WindowsPowerShell\v1.0\;C:\WINDOWS\System32\OpenSSH\;C:\Program Files\Git\cmd;C:\Users\User\AppData\Local\Programs\Python\Python310\Scripts\;C:\Users\User\AppData\Local\Programs\Python\Python310\;C:\Users\User\AppData\Local\Microsoft\WindowsApps;C:\Program Files\Java\jdk1.8.0_321\\bin;;C:\Users\User\AppData\Local\Programs\Fiddler
USERNAME=User
OS=Windows_NT
PROCESSOR_IDENTIFIER=Intel64 Family 6 Model 142 Stepping 10, GenuineIntel



---------------  S Y S T E M  ---------------

OS: Windows 10 , 64 bit Build 19041 (10.0.19041.1889)

CPU:total 8 (initial active 8) (4 cores per cpu, 2 threads per core) family 6 model 142 stepping 10, cmov, cx8, fxsr, mmx, sse, sse2, sse3, ssse3, sse4.1, sse4.2, popcnt, avx, avx2, aes, clmul, erms, 3dnowpref, lzcnt, ht, tsc, tscinvbit, bmi1, bmi2, adx

Memory: 4k page, physical 8244456k(617844k free), swap 33410280k(3152k free)

vm_info: Java HotSpot(TM) 64-Bit Server VM (25.321-b07) for windows-amd64 JRE (1.8.0_321-b07), built on Dec 15 2021 11:19:20 by "java_re" with MS VC++ 15.9 (VS2017)

time: Fri Oct  7 16:20:20 2022
timezone: RTZ 2 (зима)
elapsed time: 4.216900 seconds (0d 0h 0m 4s)

